<?xml version="1.0" encoding="utf-8"?>
<test-run id="2" testcasecount="357" result="Skipped:Ignored" total="357" passed="356" failed="0" inconclusive="0" skipped="1" asserts="0" engine-version="3.5.0.0" clr-version="4.0.30319.42000" start-time="2026-07-11 02:57:32Z" end-time="2026-07-11 02:58:12Z" duration="40.7905612">
  <test-suite type="TestSuite" id="1000" name="warface" fullname="warface" runstate="Runnable" testcasecount="357" result="Skipped" label="Ignored" start-time="2026-07-11 02:57:32Z" end-time="2026-07-11 02:58:12Z" duration="40.790561" total="357" passed="356" failed="0" inconclusive="0" skipped="1" asserts="0">
    <properties>
      <property name="platform" value="EditMode" />
    </properties>
    <reason>
      <message><![CDATA[One or more child tests were ignored]]></message>
    </reason>
    <test-suite type="Assembly" id="1411" name="BattleAtlas.Tests.Editor.dll" fullname="/private/tmp/claude-501/-Users-wmitchell-Documents-jetsons-warface/6273d195-6c7d-4985-96ff-e6d0198315ef/scratchpad/wt-audit-adopt/app/Library/ScriptAssemblies/BattleAtlas.Tests.Editor.dll" runstate="Runnable" testcasecount="357" result="Skipped" label="Ignored" start-time="2026-07-11 02:57:32Z" end-time="2026-07-11 02:58:12Z" duration="40.786099" total="357" passed="356" failed="0" inconclusive="0" skipped="1" asserts="0">
      <properties>
        <property name="_PID" value="61974" />
        <property name="_APPDOMAIN" value="Unity Child Domain" />
        <property name="platform" value="EditMode" />
        <property name="EditorOnly" value="True" />
      </properties>
      <reason>
        <message><![CDATA[One or more child tests were ignored]]></message>
      </reason>
      <test-suite type="TestFixture" id="1001" name="AccessibilityOptionsTests" fullname="AccessibilityOptionsTests" classname="AccessibilityOptionsTests" runstate="Runnable" testcasecount="4" result="Passed" start-time="2026-07-11 02:57:32Z" end-time="2026-07-11 02:57:32Z" duration="0.010705" total="4" passed="4" failed="0" inconclusive="0" skipped="0" asserts="0">
        <properties />
        <test-case id="1002" name="Defaults_FullVolume_CaptionsOff_ReducedMotionOff" fullname="AccessibilityOptionsTests.Defaults_FullVolume_CaptionsOff_ReducedMotionOff" methodname="Defaults_FullVolume_CaptionsOff_ReducedMotionOff" classname="AccessibilityOptionsTests" runstate="Runnable" seed="1205543311" result="Passed" start-time="2026-07-11 02:57:32Z" end-time="2026-07-11 02:57:32Z" duration="0.004528" asserts="0">
          <properties>
            <property name="retryIteration" value="0" />
            <property name="repeatIteration" value="0" />
          </properties>
        </test-case>
        <test-case id="1004" name="EffectiveSoldierViewVolume_IsMasterTimesMix" fullname="AccessibilityOptionsTests.EffectiveSoldierViewVolume_IsMasterTimesMix" methodname="EffectiveSoldierViewVolume_IsMasterTimesMix" classname="AccessibilityOptionsTests" runstate="Runnable" seed="1670024248" result="Passed" start-time="2026-07-11 02:57:32Z" end-time="2026-07-11 02:57:32Z" duration="0.000365" asserts="0">
          <properties>
            <property name="retryIteration" value="0" />
            <property name="repeatIteration" value="0" />
          </properties>
        </test-case>
        <test-case id="1005" name="Toggles_PersistAndSelectMotionProfile" fullname="AccessibilityOptionsTests.Toggles_PersistAndSelectMotionProfile" methodname="Toggles_PersistAndSelectMotionProfile" classname="AccessibilityOptionsTests" runstate="Runnable" seed="1959082881" result="Passed" start-time="2026-07-11 02:57:32Z" end-time="2026-07-11 02:57:32Z" duration="0.000388" asserts="0">
          <properties>
            <property name="retryIteration" value="0" />
            <property name="repeatIteration" value="0" />
          </properties>
        </test-case>
        <test-case id="1003" name="Volumes_PersistAsPercent_AndClamp" fullname="AccessibilityOptionsTests.Volumes_PersistAsPercent_AndClamp" methodname="Volumes_PersistAsPercent_AndClamp" classname="AccessibilityOptionsTests" runstate="Runnable" seed="2057574329" result="Passed" start-time="2026-07-11 02:57:32Z" end-time="2026-07-11 02:57:32Z" duration="0.000089" asserts="0">
          <properties>
            <property name="retryIteration" value="0" />
            <property name="repeatIteration" value="0" />
          </properties>
        </test-case>
      </test-suite>
      <test-suite type="TestFixture" id="1006" name="AcousticMathTests" fullname="AcousticMathTests" classname="AcousticMathTests" runstate="Runnable" testcasecount="2" result="Passed" start-time="2026-07-11 02:57:32Z" end-time="2026-07-11 02:57:32Z" duration="0.000723" total="2" passed="2" failed="0" inconclusive="0" skipped="0" asserts="0">
        <properties />
        <test-case id="1007" name="EventGain_FullInsideWindowZeroOutside" fullname="AcousticMathTests.EventGain_FullInsideWindowZeroOutside" methodname="EventGain_FullInsideWindowZeroOutside" classname="AcousticMathTests" runstate="Runnable" seed="658414279" result="Passed" start-time="2026-07-11 02:57:32Z" end-time="2026-07-11 02:57:32Z" duration="0.000088" asserts="0">
          <properties>
            <property name="retryIteration" value="0" />
            <property name="repeatIteration" value="0" />
          </properties>
        </test-case>
        <test-case id="1008" name="EventGain_RampValuesExactAtEdgeOffsets" fullname="AcousticMathTests.EventGain_RampValuesExactAtEdgeOffsets" methodname="EventGain_RampValuesExactAtEdgeOffsets" classname="AcousticMathTests" runstate="Runnable" seed="1497129424" result="Passed" start-time="2026-07-11 02:57:32Z" end-time="2026-07-11 02:57:32Z" duration="0.000041" asserts="0">
          <properties>
            <property name="retryIteration" value="0" />
            <property name="repeatIteration" value="0" />
          </properties>
        </test-case>
      </test-suite>
      <test-suite type="TestFixture" id="1009" name="AngleBundleRuntimeTests" fullname="AngleBundleRuntimeTests" classname="AngleBundleRuntimeTests" runstate="Runnable" testcasecount="6" result="Passed" start-time="2026-07-11 02:57:32Z" end-time="2026-07-11 02:57:32Z" duration="0.006320" total="6" passed="6" failed="0" inconclusive="0" skipped="0" asserts="0">
        <properties />
        <test-case id="1011" name="CauseMixes_ParseAndRoughlySumToOne" fullname="AngleBundleRuntimeTests.CauseMixes_ParseAndRoughlySumToOne" methodname="CauseMixes_ParseAndRoughlySumToOne" classname="AngleBundleRuntimeTests" runstate="Runnable" seed="36969092" result="Passed" start-time="2026-07-11 02:57:32Z" end-time="2026-07-11 02:57:32Z" duration="0.004661" asserts="0">
          <properties>
            <property name="retryIteration" value="0" />
            <property name="repeatIteration" value="0" />
          </properties>
        </test-case>
        <test-case id="1015" name="Load_MissingFileThrows" fullname="AngleBundleRuntimeTests.Load_MissingFileThrows" methodname="Load_MissingFileThrows" classname="AngleBundleRuntimeTests" runstate="Runnable" seed="437639147" result="Passed" start-time="2026-07-11 02:57:32Z" end-time="2026-07-11 02:57:32Z" duration="0.000431" asserts="0">
          <properties>
            <property name="retryIteration" value="0" />
            <property name="repeatIteration" value="0" />
          </properties>
        </test-case>
        <test-case id="1010" name="Load_ParsesUnitsSegmentsAndTracks" fullname="AngleBundleRuntimeTests.Load_ParsesUnitsSegmentsAndTracks" methodname="Load_ParsesUnitsSegmentsAndTracks" classname="AngleBundleRuntimeTests" runstate="Runnable" seed="725858374" result="Passed" start-time="2026-07-11 02:57:32Z" end-time="2026-07-11 02:57:32Z" duration="0.000202" asserts="0">
          <properties>
            <property name="retryIteration" value="0" />
            <property name="repeatIteration" value="0" />
          </properties>
        </test-case>
        <test-case id="1012" name="PositionAt_InterpolatesBetweenSeconds" fullname="AngleBundleRuntimeTests.PositionAt_InterpolatesBetweenSeconds" methodname="PositionAt_InterpolatesBetweenSeconds" classname="AngleBundleRuntimeTests" runstate="Runnable" seed="1714394126" result="Passed" start-time="2026-07-11 02:57:32Z" end-time="2026-07-11 02:57:32Z" duration="0.000198" asserts="0">
          <properties>
            <property name="retryIteration" value="0" />
            <property name="repeatIteration" value="0" />
          </properties>
        </test-case>
        <test-case id="1013" name="SegmentAt_ReturnsTheActiveSegment" fullname="AngleBundleRuntimeTests.SegmentAt_ReturnsTheActiveSegment" methodname="SegmentAt_ReturnsTheActiveSegment" classname="AngleBundleRuntimeTests" runstate="Runnable" seed="749757918" result="Passed" start-time="2026-07-11 02:57:32Z" end-time="2026-07-11 02:57:32Z" duration="0.000100" asserts="0">
          <properties>
            <property name="retryIteration" value="0" />
            <property name="repeatIteration" value="0" />
          </properties>
        </test-case>
        <test-case id="1014" name="Validate_RejectsMalformedBundles" fullname="AngleBundleRuntimeTests.Validate_RejectsMalformedBundles" methodname="Validate_RejectsMalformedBundles" classname="AngleBundleRuntimeTests" runstate="Runnable" seed="1335924625" result="Passed" start-time="2026-07-11 02:57:32Z" end-time="2026-07-11 02:57:32Z" duration="0.000077" asserts="0">
          <properties>
            <property name="retryIteration" value="0" />
            <property name="repeatIteration" value="0" />
          </properties>
        </test-case>
      </test-suite>
      <test-suite type="TestFixture" id="1016" name="AngleBundleTests" fullname="AngleBundleTests" classname="AngleBundleTests" runstate="Runnable" testcasecount="4" result="Passed" start-time="2026-07-11 02:57:32Z" end-time="2026-07-11 02:57:32Z" duration="0.016522" total="4" passed="4" failed="0" inconclusive="0" skipped="0" asserts="0">
        <properties />
        <test-case id="1019" name="Bundle_ContainsTheEightNamedAngleUnits" fullname="AngleBundleTests.Bundle_ContainsTheEightNamedAngleUnits" methodname="Bundle_ContainsTheEightNamedAngleUnits" classname="AngleBundleTests" runstate="Runnable" seed="942214810" result="Passed" start-time="2026-07-11 02:57:32Z" end-time="2026-07-11 02:57:32Z" duration="0.003066" asserts="0">
          <properties>
            <property name="retryIteration" value="0" />
            <property name="repeatIteration" value="0" />
          </properties>
        </test-case>
        <test-case id="1020" name="Bundle_DoesNotTouchTheMacroBattleFile" fullname="AngleBundleTests.Bundle_DoesNotTouchTheMacroBattleFile" methodname="Bundle_DoesNotTouchTheMacroBattleFile" classname="AngleBundleTests" runstate="Runnable" seed="1042433771" result="Passed" start-time="2026-07-11 02:57:32Z" end-time="2026-07-11 02:57:32Z" duration="0.011492" asserts="0">
          <properties>
            <property name="retryIteration" value="0" />
            <property name="repeatIteration" value="0" />
          </properties>
        </test-case>
        <test-case id="1017" name="Bundle_ExistsInProject" fullname="AngleBundleTests.Bundle_ExistsInProject" methodname="Bundle_ExistsInProject" classname="AngleBundleTests" runstate="Runnable" seed="1398885352" result="Passed" start-time="2026-07-11 02:57:32Z" end-time="2026-07-11 02:57:32Z" duration="0.000146" asserts="0">
          <properties>
            <property name="retryIteration" value="0" />
            <property name="repeatIteration" value="0" />
          </properties>
        </test-case>
        <test-case id="1018" name="Bundle_HeaderParses_AndCoversTheAngleSlice" fullname="AngleBundleTests.Bundle_HeaderParses_AndCoversTheAngleSlice" methodname="Bundle_HeaderParses_AndCoversTheAngleSlice" classname="AngleBundleTests" runstate="Runnable" seed="693208796" result="Passed" start-time="2026-07-11 02:57:32Z" end-time="2026-07-11 02:57:32Z" duration="0.001243" asserts="0">
          <properties>
            <property name="retryIteration" value="0" />
            <property name="repeatIteration" value="0" />
          </properties>
        </test-case>
      </test-suite>
      <test-suite type="TestFixture" id="1021" name="AtlasHudModelTests" fullname="AtlasHudModelTests" classname="AtlasHudModelTests" runstate="Runnable" testcasecount="13" result="Passed" start-time="2026-07-11 02:57:32Z" end-time="2026-07-11 02:57:32Z" duration="0.004242" total="13" passed="13" failed="0" inconclusive="0" skipped="0" asserts="0">
        <properties />
        <test-case id="1034" name="CommittedMomentsFile_ParsesAndBracketsTheSlice" fullname="AtlasHudModelTests.CommittedMomentsFile_ParsesAndBracketsTheSlice" methodname="CommittedMomentsFile_ParsesAndBracketsTheSlice" classname="AtlasHudModelTests" runstate="Runnable" seed="1819877653" result="Passed" start-time="2026-07-11 02:57:32Z" end-time="2026-07-11 02:57:32Z" duration="0.000787" asserts="0">
          <properties>
            <property name="retryIteration" value="0" />
            <property name="repeatIteration" value="0" />
          </properties>
        </test-case>
        <test-case id="1027" name="CompassWord_EightPointTable" fullname="AtlasHudModelTests.CompassWord_EightPointTable" methodname="CompassWord_EightPointTable" classname="AtlasHudModelTests" runstate="Runnable" seed="1050559586" result="Passed" start-time="2026-07-11 02:57:32Z" end-time="2026-07-11 02:57:32Z" duration="0.000199" asserts="0">
          <properties>
            <property name="retryIteration" value="0" />
            <property name="repeatIteration" value="0" />
          </properties>
        </test-case>
        <test-case id="1026" name="ConditionsLine_WindAndCalm" fullname="AtlasHudModelTests.ConditionsLine_WindAndCalm" methodname="ConditionsLine_WindAndCalm" classname="AtlasHudModelTests" runstate="Runnable" seed="750519806" result="Passed" start-time="2026-07-11 02:57:32Z" end-time="2026-07-11 02:57:32Z" duration="0.000945" asserts="0">
          <properties>
            <property name="retryIteration" value="0" />
            <property name="repeatIteration" value="0" />
          </properties>
        </test-case>
        <test-case id="1025" name="DayContext_TrimsParentheticalQualifier" fullname="AtlasHudModelTests.DayContext_TrimsParentheticalQualifier" methodname="DayContext_TrimsParentheticalQualifier" classname="AtlasHudModelTests" runstate="Runnable" seed="1278589944" result="Passed" start-time="2026-07-11 02:57:32Z" end-time="2026-07-11 02:57:32Z" duration="0.000070" asserts="0">
          <properties>
            <property name="retryIteration" value="0" />
            <property name="repeatIteration" value="0" />
          </properties>
        </test-case>
        <test-case id="1029" name="DevelopmentFlag_DefaultsFalseFromJson" fullname="AtlasHudModelTests.DevelopmentFlag_DefaultsFalseFromJson" methodname="DevelopmentFlag_DefaultsFalseFromJson" classname="AtlasHudModelTests" runstate="Runnable" seed="1052970129" result="Passed" start-time="2026-07-11 02:57:32Z" end-time="2026-07-11 02:57:32Z" duration="0.000227" asserts="0">
          <properties>
            <property name="retryIteration" value="0" />
            <property name="repeatIteration" value="0" />
          </properties>
        </test-case>
        <test-case id="1028" name="EntryMarker_OnlyInsideWindow_AndNeverForDevelopment" fullname="AtlasHudModelTests.EntryMarker_OnlyInsideWindow_AndNeverForDevelopment" methodname="EntryMarker_OnlyInsideWindow_AndNeverForDevelopment" classname="AtlasHudModelTests" runstate="Runnable" seed="1117411602" result="Passed" start-time="2026-07-11 02:57:32Z" end-time="2026-07-11 02:57:32Z" duration="0.000096" asserts="0">
          <properties>
            <property name="retryIteration" value="0" />
            <property name="repeatIteration" value="0" />
          </properties>
        </test-case>
        <test-case id="1032" name="Moments_ParseAndPhaseAt" fullname="AtlasHudModelTests.Moments_ParseAndPhaseAt" methodname="Moments_ParseAndPhaseAt" classname="AtlasHudModelTests" runstate="Runnable" seed="1030580866" result="Passed" start-time="2026-07-11 02:57:32Z" end-time="2026-07-11 02:57:32Z" duration="0.000226" asserts="0">
          <properties>
            <property name="retryIteration" value="0" />
            <property name="repeatIteration" value="0" />
          </properties>
        </test-case>
        <test-case id="1033" name="Moments_RejectMissingCitationAndDisorder" fullname="AtlasHudModelTests.Moments_RejectMissingCitationAndDisorder" methodname="Moments_RejectMissingCitationAndDisorder" classname="AtlasHudModelTests" runstate="Runnable" seed="918549452" result="Passed" start-time="2026-07-11 02:57:32Z" end-time="2026-07-11 02:57:32Z" duration="0.000189" asserts="0">
          <properties>
            <property name="retryIteration" value="0" />
            <property name="repeatIteration" value="0" />
          </properties>
        </test-case>
        <test-case id="1031" name="SettleIndicator_OnlyAfterThreshold" fullname="AtlasHudModelTests.SettleIndicator_OnlyAfterThreshold" methodname="SettleIndicator_OnlyAfterThreshold" classname="AtlasHudModelTests" runstate="Runnable" seed="357126116" result="Passed" start-time="2026-07-11 02:57:32Z" end-time="2026-07-11 02:57:32Z" duration="0.000042" asserts="0">
          <properties>
            <property name="retryIteration" value="0" />
            <property name="repeatIteration" value="0" />
          </properties>
        </test-case>
        <test-case id="1023" name="SoldierViewSpeedLabel_SaysForcedSpeedAndPausedState" fullname="AtlasHudModelTests.SoldierViewSpeedLabel_SaysForcedSpeedAndPausedState" methodname="SoldierViewSpeedLabel_SaysForcedSpeedAndPausedState" classname="AtlasHudModelTests" runstate="Runnable" seed="997556109" result="Passed" start-time="2026-07-11 02:57:32Z" end-time="2026-07-11 02:57:32Z" duration="0.000041" asserts="0">
          <properties>
            <property name="retryIteration" value="0" />
            <property name="repeatIteration" value="0" />
          </properties>
        </test-case>
        <test-case id="1022" name="Speeds_ArePlanSection10Set" fullname="AtlasHudModelTests.Speeds_ArePlanSection10Set" methodname="Speeds_ArePlanSection10Set" classname="AtlasHudModelTests" runstate="Runnable" seed="1709829469" result="Passed" start-time="2026-07-11 02:57:32Z" end-time="2026-07-11 02:57:32Z" duration="0.000212" asserts="0">
          <properties>
            <property name="retryIteration" value="0" />
            <property name="repeatIteration" value="0" />
          </properties>
        </test-case>
        <test-case id="1024" name="TimelineFraction_ClampsAndScales" fullname="AtlasHudModelTests.TimelineFraction_ClampsAndScales" methodname="TimelineFraction_ClampsAndScales" classname="AtlasHudModelTests" runstate="Runnable" seed="1284776553" result="Passed" start-time="2026-07-11 02:57:32Z" end-time="2026-07-11 02:57:32Z" duration="0.000063" asserts="0">
          <properties>
            <property name="retryIteration" value="0" />
            <property name="repeatIteration" value="0" />
          </properties>
        </test-case>
        <test-case id="1030" name="WindowBand_FractionsAlongTimeline" fullname="AtlasHudModelTests.WindowBand_FractionsAlongTimeline" methodname="WindowBand_FractionsAlongTimeline" classname="AtlasHudModelTests" runstate="Runnable" seed="72313988" result="Passed" start-time="2026-07-11 02:57:32Z" end-time="2026-07-11 02:57:32Z" duration="0.000121" asserts="0">
          <properties>
            <property name="retryIteration" value="0" />
            <property name="repeatIteration" value="0" />
          </properties>
        </test-case>
      </test-suite>
      <test-suite type="TestFixture" id="1035" name="AtlasUiAssetTests" fullname="AtlasUiAssetTests" classname="AtlasUiAssetTests" runstate="Runnable" testcasecount="5" result="Passed" start-time="2026-07-11 02:57:32Z" end-time="2026-07-11 02:57:32Z" duration="0.097659" total="5" passed="5" failed="0" inconclusive="0" skipped="0" asserts="0">
        <properties />
        <test-case id="1040" name="AtlasScene_NoLongerReferencesTimelineHud" fullname="AtlasUiAssetTests.AtlasScene_NoLongerReferencesTimelineHud" methodname="AtlasScene_NoLongerReferencesTimelineHud" classname="AtlasUiAssetTests" runstate="Runnable" seed="1775646460" result="Passed" start-time="2026-07-11 02:57:32Z" end-time="2026-07-11 02:57:32Z" duration="0.039738" asserts="0">
          <properties>
            <property name="retryIteration" value="0" />
            <property name="repeatIteration" value="0" />
          </properties>
        </test-case>
        <test-case id="1036" name="PanelSettings_ExistsAndWiredToTheme" fullname="AtlasUiAssetTests.PanelSettings_ExistsAndWiredToTheme" methodname="PanelSettings_ExistsAndWiredToTheme" classname="AtlasUiAssetTests" runstate="Runnable" seed="497521637" result="Passed" start-time="2026-07-11 02:57:32Z" end-time="2026-07-11 02:57:32Z" duration="0.014942" asserts="0">
          <properties>
            <property name="retryIteration" value="0" />
            <property name="repeatIteration" value="0" />
          </properties>
        </test-case>
        <test-case id="1038" name="StyleSheet_Exists" fullname="AtlasUiAssetTests.StyleSheet_Exists" methodname="StyleSheet_Exists" classname="AtlasUiAssetTests" runstate="Runnable" seed="588950055" result="Passed" start-time="2026-07-11 02:57:32Z" end-time="2026-07-11 02:57:32Z" duration="0.000885" asserts="0">
          <properties>
            <property name="retryIteration" value="0" />
            <property name="repeatIteration" value="0" />
          </properties>
        </test-case>
        <test-case id="1039" name="StyleSheet_HonorsTheReadableTextFloor" fullname="AtlasUiAssetTests.StyleSheet_HonorsTheReadableTextFloor" methodname="StyleSheet_HonorsTheReadableTextFloor" classname="AtlasUiAssetTests" runstate="Runnable" seed="1798073420" result="Passed" start-time="2026-07-11 02:57:32Z" end-time="2026-07-11 02:57:32Z" duration="0.000628" asserts="0">
          <properties>
            <property name="retryIteration" value="0" />
            <property name="repeatIteration" value="0" />
          </properties>
        </test-case>
        <test-case id="1037" name="VisualTree_CarriesThePlanSection10Surface" fullname="AtlasUiAssetTests.VisualTree_CarriesThePlanSection10Surface" methodname="VisualTree_CarriesThePlanSection10Surface" classname="AtlasUiAssetTests" runstate="Runnable" seed="1626387405" result="Passed" start-time="2026-07-11 02:57:32Z" end-time="2026-07-11 02:57:32Z" duration="0.040794" asserts="0">
          <properties>
            <property name="retryIteration" value="0" />
            <property name="repeatIteration" value="0" />
          </properties>
        </test-case>
      </test-suite>
      <test-suite type="TestFixture" id="1041" name="AudioSynthTests" fullname="AudioSynthTests" classname="AudioSynthTests" runstate="Runnable" testcasecount="5" result="Passed" start-time="2026-07-11 02:57:32Z" end-time="2026-07-11 02:57:32Z" duration="0.122025" total="5" passed="5" failed="0" inconclusive="0" skipped="0" asserts="0">
        <properties />
        <test-case id="1042" name="Fills_AreDeterministic" fullname="AudioSynthTests.Fills_AreDeterministic" methodname="Fills_AreDeterministic" classname="AudioSynthTests" runstate="Runnable" seed="674316937" result="Passed" start-time="2026-07-11 02:57:32Z" end-time="2026-07-11 02:57:32Z" duration="0.030228" asserts="0">
          <properties>
            <property name="retryIteration" value="0" />
            <property name="repeatIteration" value="0" />
          </properties>
        </test-case>
        <test-case id="1044" name="Fills_LandInSaneRmsBand" fullname="AudioSynthTests.Fills_LandInSaneRmsBand" methodname="Fills_LandInSaneRmsBand" classname="AudioSynthTests" runstate="Runnable" seed="1936574045" result="Passed" start-time="2026-07-11 02:57:32Z" end-time="2026-07-11 02:57:32Z" duration="0.023410" asserts="0">
          <properties>
            <property name="retryIteration" value="0" />
            <property name="repeatIteration" value="0" />
          </properties>
        </test-case>
        <test-case id="1043" name="Fills_StayWithinUnitRange" fullname="AudioSynthTests.Fills_StayWithinUnitRange" methodname="Fills_StayWithinUnitRange" classname="AudioSynthTests" runstate="Runnable" seed="545041844" result="Passed" start-time="2026-07-11 02:57:32Z" end-time="2026-07-11 02:57:32Z" duration="0.025787" asserts="0">
          <properties>
            <property name="retryIteration" value="0" />
            <property name="repeatIteration" value="0" />
          </properties>
        </test-case>
        <test-case id="1046" name="Loops_AreSeamContinuous" fullname="AudioSynthTests.Loops_AreSeamContinuous" methodname="Loops_AreSeamContinuous" classname="AudioSynthTests" runstate="Runnable" seed="541791830" result="Passed" start-time="2026-07-11 02:57:32Z" end-time="2026-07-11 02:57:32Z" duration="0.023852" asserts="0">
          <properties>
            <property name="retryIteration" value="0" />
            <property name="repeatIteration" value="0" />
          </properties>
        </test-case>
        <test-case id="1045" name="Rumble_HasFewerZeroCrossingsThanCrackle" fullname="AudioSynthTests.Rumble_HasFewerZeroCrossingsThanCrackle" methodname="Rumble_HasFewerZeroCrossingsThanCrackle" classname="AudioSynthTests" runstate="Runnable" seed="1193404552" result="Passed" start-time="2026-07-11 02:57:32Z" end-time="2026-07-11 02:57:32Z" duration="0.016869" asserts="0">
          <properties>
            <property name="retryIteration" value="0" />
            <property name="repeatIteration" value="0" />
          </properties>
        </test-case>
      </test-suite>
      <test-suite type="TestSuite" id="1412" name="BattleAtlas" fullname="BattleAtlas" runstate="Runnable" testcasecount="55" result="Skipped" label="Ignored" start-time="2026-07-11 02:57:32Z" end-time="2026-07-11 02:57:33Z" duration="1.050902" total="55" passed="54" failed="0" inconclusive="0" skipped="1" asserts="0">
        <properties />
        <reason>
          <message><![CDATA[One or more child tests were ignored]]></message>
        </reason>
        <test-suite type="TestSuite" id="1413" name="Tests" fullname="BattleAtlas.Tests" runstate="Runnable" testcasecount="55" result="Skipped" label="Ignored" start-time="2026-07-11 02:57:32Z" end-time="2026-07-11 02:57:33Z" duration="1.049746" total="55" passed="54" failed="0" inconclusive="0" skipped="1" asserts="0">
          <properties />
          <reason>
            <message><![CDATA[One or more child tests were ignored]]></message>
          </reason>
          <test-suite type="TestFixture" id="1350" name="AngleBakeoffLayoutTests" fullname="BattleAtlas.Tests.AngleBakeoffLayoutTests" classname="BattleAtlas.Tests.AngleBakeoffLayoutTests" runstate="Runnable" testcasecount="7" result="Passed" start-time="2026-07-11 02:57:32Z" end-time="2026-07-11 02:57:32Z" duration="0.063605" total="7" passed="7" failed="0" inconclusive="0" skipped="0" asserts="0">
            <properties />
            <test-case id="1357" name="CamerasAreTheThreeCanonicalFrames" fullname="BattleAtlas.Tests.AngleBakeoffLayoutTests.CamerasAreTheThreeCanonicalFrames" methodname="CamerasAreTheThreeCanonicalFrames" classname="BattleAtlas.Tests.AngleBakeoffLayoutTests" runstate="Runnable" seed="1559255573" result="Passed" start-time="2026-07-11 02:57:32Z" end-time="2026-07-11 02:57:32Z" duration="0.000920" asserts="0">
              <properties>
                <property name="retryIteration" value="0" />
                <property name="repeatIteration" value="0" />
              </properties>
            </test-case>
            <test-case id="1351" name="ComparisonMomentIs1520LocalMeanTime" fullname="BattleAtlas.Tests.AngleBakeoffLayoutTests.ComparisonMomentIs1520LocalMeanTime" methodname="ComparisonMomentIs1520LocalMeanTime" classname="BattleAtlas.Tests.AngleBakeoffLayoutTests" runstate="Runnable" seed="1981688849" result="Passed" start-time="2026-07-11 02:57:32Z" end-time="2026-07-11 02:57:32Z" duration="0.000348" asserts="0">
              <properties>
                <property name="retryIteration" value="0" />
                <property name="repeatIteration" value="0" />
              </properties>
            </test-case>
            <test-case id="1354" name="EverythingStaysInsideTheCrop" fullname="BattleAtlas.Tests.AngleBakeoffLayoutTests.EverythingStaysInsideTheCrop" methodname="EverythingStaysInsideTheCrop" classname="BattleAtlas.Tests.AngleBakeoffLayoutTests" runstate="Runnable" seed="1238536230" result="Passed" start-time="2026-07-11 02:57:32Z" end-time="2026-07-11 02:57:32Z" duration="0.057872" asserts="0">
              <properties>
                <property name="retryIteration" value="0" />
                <property name="repeatIteration" value="0" />
              </properties>
            </test-case>
            <test-case id="1352" name="ExactlyOneHundredSoldiers" fullname="BattleAtlas.Tests.AngleBakeoffLayoutTests.ExactlyOneHundredSoldiers" methodname="ExactlyOneHundredSoldiers" classname="BattleAtlas.Tests.AngleBakeoffLayoutTests" runstate="Runnable" seed="655939050" result="Passed" start-time="2026-07-11 02:57:32Z" end-time="2026-07-11 02:57:32Z" duration="0.000201" asserts="0">
              <properties>
                <property name="retryIteration" value="0" />
                <property name="repeatIteration" value="0" />
              </properties>
            </test-case>
            <test-case id="1355" name="SmokeIsPresentAndDeterministic" fullname="BattleAtlas.Tests.AngleBakeoffLayoutTests.SmokeIsPresentAndDeterministic" methodname="SmokeIsPresentAndDeterministic" classname="BattleAtlas.Tests.AngleBakeoffLayoutTests" runstate="Runnable" seed="1179075274" result="Passed" start-time="2026-07-11 02:57:32Z" end-time="2026-07-11 02:57:32Z" duration="0.000632" asserts="0">
              <properties>
                <property name="retryIteration" value="0" />
                <property name="repeatIteration" value="0" />
              </properties>
            </test-case>
            <test-case id="1353" name="SoldiersAreDeterministic" fullname="BattleAtlas.Tests.AngleBakeoffLayoutTests.SoldiersAreDeterministic" methodname="SoldiersAreDeterministic" classname="BattleAtlas.Tests.AngleBakeoffLayoutTests" runstate="Runnable" seed="1992706124" result="Passed" start-time="2026-07-11 02:57:32Z" end-time="2026-07-11 02:57:32Z" duration="0.001169" asserts="0">
              <properties>
                <property name="retryIteration" value="0" />
                <property name="repeatIteration" value="0" />
              </properties>
            </test-case>
            <test-case id="1356" name="WallSegmentsFollowTheAnglePolyline" fullname="BattleAtlas.Tests.AngleBakeoffLayoutTests.WallSegmentsFollowTheAnglePolyline" methodname="WallSegmentsFollowTheAnglePolyline" classname="BattleAtlas.Tests.AngleBakeoffLayoutTests" runstate="Runnable" seed="1136528083" result="Passed" start-time="2026-07-11 02:57:32Z" end-time="2026-07-11 02:57:32Z" duration="0.000885" asserts="0">
              <properties>
                <property name="retryIteration" value="0" />
                <property name="repeatIteration" value="0" />
              </properties>
            </test-case>
          </test-suite>
          <test-suite type="TestFixture" id="1358" name="AngleEnvironmentTests" fullname="BattleAtlas.Tests.AngleEnvironmentTests" classname="BattleAtlas.Tests.AngleEnvironmentTests" runstate="Runnable" testcasecount="12" result="Passed" start-time="2026-07-11 02:57:32Z" end-time="2026-07-11 02:57:33Z" duration="0.799819" total="12" passed="12" failed="0" inconclusive="0" skipped="0" asserts="0">
            <properties />
            <test-case id="1367" name="BakedEnvironmentMatchesTheCropWindow" fullname="BattleAtlas.Tests.AngleEnvironmentTests.BakedEnvironmentMatchesTheCropWindow" methodname="BakedEnvironmentMatchesTheCropWindow" classname="BattleAtlas.Tests.AngleEnvironmentTests" runstate="Runnable" seed="1032140680" result="Passed" start-time="2026-07-11 02:57:32Z" end-time="2026-07-11 02:57:32Z" duration="0.010160" asserts="0">
              <properties>
                <property name="retryIteration" value="0" />
                <property name="repeatIteration" value="0" />
              </properties>
            </test-case>
            <test-case id="1369" name="BakedGeometryConvertsToCropLocalInsideTheTile" fullname="BattleAtlas.Tests.AngleEnvironmentTests.BakedGeometryConvertsToCropLocalInsideTheTile" methodname="BakedGeometryConvertsToCropLocalInsideTheTile" classname="BattleAtlas.Tests.AngleEnvironmentTests" runstate="Runnable" seed="1998104866" result="Passed" start-time="2026-07-11 02:57:32Z" end-time="2026-07-11 02:57:32Z" duration="0.002579" asserts="0">
              <properties>
                <property name="retryIteration" value="0" />
                <property name="repeatIteration" value="0" />
              </properties>
            </test-case>
            <test-case id="1368" name="BakedSplatRasterMatchesItsDescriptor" fullname="BattleAtlas.Tests.AngleEnvironmentTests.BakedSplatRasterMatchesItsDescriptor" methodname="BakedSplatRasterMatchesItsDescriptor" classname="BattleAtlas.Tests.AngleEnvironmentTests" runstate="Runnable" seed="140068441" result="Passed" start-time="2026-07-11 02:57:32Z" end-time="2026-07-11 02:57:33Z" duration="0.764586" asserts="0">
              <properties>
                <property name="retryIteration" value="0" />
                <property name="repeatIteration" value="0" />
              </properties>
            </test-case>
            <test-case id="1370" name="BakedWheatClumpsStayInsideTheirPolygonAndClass" fullname="BattleAtlas.Tests.AngleEnvironmentTests.BakedWheatClumpsStayInsideTheirPolygonAndClass" methodname="BakedWheatClumpsStayInsideTheirPolygonAndClass" classname="BattleAtlas.Tests.AngleEnvironmentTests" runstate="Runnable" seed="1511832356" result="Passed" start-time="2026-07-11 02:57:33Z" end-time="2026-07-11 02:57:33Z" duration="0.013705" asserts="0">
              <properties>
                <property name="retryIteration" value="0" />
                <property name="repeatIteration" value="0" />
              </properties>
            </test-case>
            <test-case id="1363" name="CarveDepthEasesFromFullToZero" fullname="BattleAtlas.Tests.AngleEnvironmentTests.CarveDepthEasesFromFullToZero" methodname="CarveDepthEasesFromFullToZero" classname="BattleAtlas.Tests.AngleEnvironmentTests" runstate="Runnable" seed="1485793944" result="Passed" start-time="2026-07-11 02:57:33Z" end-time="2026-07-11 02:57:33Z" duration="0.000326" asserts="0">
              <properties>
                <property name="retryIteration" value="0" />
                <property name="repeatIteration" value="0" />
              </properties>
            </test-case>
            <test-case id="1359" name="ClassWeightsAreAPartitionForEveryClass" fullname="BattleAtlas.Tests.AngleEnvironmentTests.ClassWeightsAreAPartitionForEveryClass" methodname="ClassWeightsAreAPartitionForEveryClass" classname="BattleAtlas.Tests.AngleEnvironmentTests" runstate="Runnable" seed="1347414338" result="Passed" start-time="2026-07-11 02:57:33Z" end-time="2026-07-11 02:57:33Z" duration="0.000299" asserts="0">
              <properties>
                <property name="retryIteration" value="0" />
                <property name="repeatIteration" value="0" />
              </properties>
            </test-case>
            <test-case id="1360" name="ClassWeightsRejectsUnknownClass" fullname="BattleAtlas.Tests.AngleEnvironmentTests.ClassWeightsRejectsUnknownClass" methodname="ClassWeightsRejectsUnknownClass" classname="BattleAtlas.Tests.AngleEnvironmentTests" runstate="Runnable" seed="768858564" result="Passed" start-time="2026-07-11 02:57:33Z" end-time="2026-07-11 02:57:33Z" duration="0.000153" asserts="0">
              <properties>
                <property name="retryIteration" value="0" />
                <property name="repeatIteration" value="0" />
              </properties>
            </test-case>
            <test-case id="1366" name="EnvironmentPropsArePresent" fullname="BattleAtlas.Tests.AngleEnvironmentTests.EnvironmentPropsArePresent" methodname="EnvironmentPropsArePresent" classname="BattleAtlas.Tests.AngleEnvironmentTests" runstate="Runnable" seed="545363423" result="Passed" start-time="2026-07-11 02:57:33Z" end-time="2026-07-11 02:57:33Z" duration="0.000173" asserts="0">
              <properties>
                <property name="retryIteration" value="0" />
                <property name="repeatIteration" value="0" />
              </properties>
            </test-case>
            <test-case id="1364" name="FlatPointsParserRejectsOddLengths" fullname="BattleAtlas.Tests.AngleEnvironmentTests.FlatPointsParserRejectsOddLengths" methodname="FlatPointsParserRejectsOddLengths" classname="BattleAtlas.Tests.AngleEnvironmentTests" runstate="Runnable" seed="1727859627" result="Passed" start-time="2026-07-11 02:57:33Z" end-time="2026-07-11 02:57:33Z" duration="0.000305" asserts="0">
              <properties>
                <property name="retryIteration" value="0" />
                <property name="repeatIteration" value="0" />
              </properties>
            </test-case>
            <test-case id="1365" name="PaletteTexturesArePresent" fullname="BattleAtlas.Tests.AngleEnvironmentTests.PaletteTexturesArePresent" methodname="PaletteTexturesArePresent" classname="BattleAtlas.Tests.AngleEnvironmentTests" runstate="Runnable" seed="653265563" result="Passed" start-time="2026-07-11 02:57:33Z" end-time="2026-07-11 02:57:33Z" duration="0.000145" asserts="0">
              <properties>
                <property name="retryIteration" value="0" />
                <property name="repeatIteration" value="0" />
              </properties>
            </test-case>
            <test-case id="1361" name="PostAndRailIsDeterministicAndOnTheLine" fullname="BattleAtlas.Tests.AngleEnvironmentTests.PostAndRailIsDeterministicAndOnTheLine" methodname="PostAndRailIsDeterministicAndOnTheLine" classname="BattleAtlas.Tests.AngleEnvironmentTests" runstate="Runnable" seed="1316611408" result="Passed" start-time="2026-07-11 02:57:33Z" end-time="2026-07-11 02:57:33Z" duration="0.004665" asserts="0">
              <properties>
                <property name="retryIteration" value="0" />
                <property name="repeatIteration" value="0" />
              </properties>
            </test-case>
            <test-case id="1362" name="WormFenceZigzagsAroundTheTracedLine" fullname="BattleAtlas.Tests.AngleEnvironmentTests.WormFenceZigzagsAroundTheTracedLine" methodname="WormFenceZigzagsAroundTheTracedLine" classname="BattleAtlas.Tests.AngleEnvironmentTests" runstate="Runnable" seed="1524752407" result="Passed" start-time="2026-07-11 02:57:33Z" end-time="2026-07-11 02:57:33Z" duration="0.000772" asserts="0">
              <properties>
                <property name="retryIteration" value="0" />
                <property name="repeatIteration" value="0" />
              </properties>
            </test-case>
          </test-suite>
          <test-suite type="TestFixture" id="1371" name="AngleTerrainFrameTests" fullname="BattleAtlas.Tests.AngleTerrainFrameTests" classname="BattleAtlas.Tests.AngleTerrainFrameTests" runstate="Runnable" testcasecount="9" result="Passed" start-time="2026-07-11 02:57:33Z" end-time="2026-07-11 02:57:33Z" duration="0.002512" total="9" passed="9" failed="0" inconclusive="0" skipped="0" asserts="0">
            <properties />
            <test-case id="1374" name="ArmisteadWallCrossingRoundTrips" fullname="BattleAtlas.Tests.AngleTerrainFrameTests.ArmisteadWallCrossingRoundTrips" methodname="ArmisteadWallCrossingRoundTrips" classname="BattleAtlas.Tests.AngleTerrainFrameTests" runstate="Runnable" seed="322106112" result="Passed" start-time="2026-07-11 02:57:33Z" end-time="2026-07-11 02:57:33Z" duration="0.000213" asserts="0">
              <properties>
                <property name="retryIteration" value="0" />
                <property name="repeatIteration" value="0" />
              </properties>
            </test-case>
            <test-case id="1373" name="CropOriginMapsToCropWindowCorner" fullname="BattleAtlas.Tests.AngleTerrainFrameTests.CropOriginMapsToCropWindowCorner" methodname="CropOriginMapsToCropWindowCorner" classname="BattleAtlas.Tests.AngleTerrainFrameTests" runstate="Runnable" seed="848749152" result="Passed" start-time="2026-07-11 02:57:33Z" end-time="2026-07-11 02:57:33Z" duration="0.000059" asserts="0">
              <properties>
                <property name="retryIteration" value="0" />
                <property name="repeatIteration" value="0" />
              </properties>
            </test-case>
            <test-case id="1376" name="CropTileUtmOriginAgreesWithMacroFrame" fullname="BattleAtlas.Tests.AngleTerrainFrameTests.CropTileUtmOriginAgreesWithMacroFrame" methodname="CropTileUtmOriginAgreesWithMacroFrame" classname="BattleAtlas.Tests.AngleTerrainFrameTests" runstate="Runnable" seed="756792170" result="Passed" start-time="2026-07-11 02:57:33Z" end-time="2026-07-11 02:57:33Z" duration="0.000088" asserts="0">
              <properties>
                <property name="retryIteration" value="0" />
                <property name="repeatIteration" value="0" />
              </properties>
            </test-case>
            <test-case id="1372" name="FixtureParses" fullname="BattleAtlas.Tests.AngleTerrainFrameTests.FixtureParses" methodname="FixtureParses" classname="BattleAtlas.Tests.AngleTerrainFrameTests" runstate="Runnable" seed="1113655853" result="Passed" start-time="2026-07-11 02:57:33Z" end-time="2026-07-11 02:57:33Z" duration="0.000060" asserts="0">
              <properties>
                <property name="retryIteration" value="0" />
                <property name="repeatIteration" value="0" />
              </properties>
            </test-case>
            <test-case id="1375" name="MacroUtmRoundTripStaysSubMillimeter" fullname="BattleAtlas.Tests.AngleTerrainFrameTests.MacroUtmRoundTripStaysSubMillimeter" methodname="MacroUtmRoundTripStaysSubMillimeter" classname="BattleAtlas.Tests.AngleTerrainFrameTests" runstate="Runnable" seed="107411996" result="Passed" start-time="2026-07-11 02:57:33Z" end-time="2026-07-11 02:57:33Z" duration="0.000091" asserts="0">
              <properties>
                <property name="retryIteration" value="0" />
                <property name="repeatIteration" value="0" />
              </properties>
            </test-case>
            <test-case id="1377" name="ValidateTrueScaleAcceptsTheContract" fullname="BattleAtlas.Tests.AngleTerrainFrameTests.ValidateTrueScaleAcceptsTheContract" methodname="ValidateTrueScaleAcceptsTheContract" classname="BattleAtlas.Tests.AngleTerrainFrameTests" runstate="Runnable" seed="1160397878" result="Passed" start-time="2026-07-11 02:57:33Z" end-time="2026-07-11 02:57:33Z" duration="0.000411" asserts="0">
              <properties>
                <property name="retryIteration" value="0" />
                <property name="repeatIteration" value="0" />
              </properties>
            </test-case>
            <test-case id="1379" name="ValidateTrueScaleRejectsCoarseSpacing" fullname="BattleAtlas.Tests.AngleTerrainFrameTests.ValidateTrueScaleRejectsCoarseSpacing" methodname="ValidateTrueScaleRejectsCoarseSpacing" classname="BattleAtlas.Tests.AngleTerrainFrameTests" runstate="Runnable" seed="722277246" result="Passed" start-time="2026-07-11 02:57:33Z" end-time="2026-07-11 02:57:33Z" duration="0.000079" asserts="0">
              <properties>
                <property name="retryIteration" value="0" />
                <property name="repeatIteration" value="0" />
              </properties>
            </test-case>
            <test-case id="1378" name="ValidateTrueScaleRejectsExaggeration" fullname="BattleAtlas.Tests.AngleTerrainFrameTests.ValidateTrueScaleRejectsExaggeration" methodname="ValidateTrueScaleRejectsExaggeration" classname="BattleAtlas.Tests.AngleTerrainFrameTests" runstate="Runnable" seed="1027306773" result="Passed" start-time="2026-07-11 02:57:33Z" end-time="2026-07-11 02:57:33Z" duration="0.000065" asserts="0">
              <properties>
                <property name="retryIteration" value="0" />
                <property name="repeatIteration" value="0" />
              </properties>
            </test-case>
            <test-case id="1380" name="ValidateTrueScaleRejectsWrongRowOrder" fullname="BattleAtlas.Tests.AngleTerrainFrameTests.ValidateTrueScaleRejectsWrongRowOrder" methodname="ValidateTrueScaleRejectsWrongRowOrder" classname="BattleAtlas.Tests.AngleTerrainFrameTests" runstate="Runnable" seed="411682825" result="Passed" start-time="2026-07-11 02:57:33Z" end-time="2026-07-11 02:57:33Z" duration="0.000065" asserts="0">
              <properties>
                <property name="retryIteration" value="0" />
                <property name="repeatIteration" value="0" />
              </properties>
            </test-case>
          </test-suite>
          <test-suite type="TestFixture" id="1381" name="GateP6ChoreographyTests" fullname="BattleAtlas.Tests.GateP6ChoreographyTests" classname="BattleAtlas.Tests.GateP6ChoreographyTests" runstate="Runnable" testcasecount="11" result="Passed" start-time="2026-07-11 02:57:33Z" end-time="2026-07-11 02:57:33Z" duration="0.065419" total="11" passed="11" failed="0" inconclusive="0" skipped="0" asserts="0">
            <properties />
            <test-case id="1383" name="Bodies_PersistAndFreeze_AfterFall" fullname="BattleAtlas.Tests.GateP6ChoreographyTests.Bodies_PersistAndFreeze_AfterFall" methodname="Bodies_PersistAndFreeze_AfterFall" classname="BattleAtlas.Tests.GateP6ChoreographyTests" runstate="Runnable" seed="998519622" result="Passed" start-time="2026-07-11 02:57:33Z" end-time="2026-07-11 02:57:33Z" duration="0.000927" asserts="0">
              <properties>
                <property name="retryIteration" value="0" />
                <property name="repeatIteration" value="0" />
              </properties>
            </test-case>
            <test-case id="1387" name="CrossingSoldier_ResumesBeyondTheFence" fullname="BattleAtlas.Tests.GateP6ChoreographyTests.CrossingSoldier_ResumesBeyondTheFence" methodname="CrossingSoldier_ResumesBeyondTheFence" classname="BattleAtlas.Tests.GateP6ChoreographyTests" runstate="Runnable" seed="35135741" result="Passed" start-time="2026-07-11 02:57:33Z" end-time="2026-07-11 02:57:33Z" duration="0.000088" asserts="0">
              <properties>
                <property name="retryIteration" value="0" />
                <property name="repeatIteration" value="0" />
              </properties>
            </test-case>
            <test-case id="1386" name="EveryLineSoldier_CrossesTheFence_OrDiesFirst" fullname="BattleAtlas.Tests.GateP6ChoreographyTests.EveryLineSoldier_CrossesTheFence_OrDiesFirst" methodname="EveryLineSoldier_CrossesTheFence_OrDiesFirst" classname="BattleAtlas.Tests.GateP6ChoreographyTests" runstate="Runnable" seed="112323699" result="Passed" start-time="2026-07-11 02:57:33Z" end-time="2026-07-11 02:57:33Z" duration="0.013040" asserts="0">
              <properties>
                <property name="retryIteration" value="0" />
                <property name="repeatIteration" value="0" />
              </properties>
            </test-case>
            <test-case id="1384" name="Falls_SelectClip_ByIncomingDirection" fullname="BattleAtlas.Tests.GateP6ChoreographyTests.Falls_SelectClip_ByIncomingDirection" methodname="Falls_SelectClip_ByIncomingDirection" classname="BattleAtlas.Tests.GateP6ChoreographyTests" runstate="Runnable" seed="247509700" result="Passed" start-time="2026-07-11 02:57:33Z" end-time="2026-07-11 02:57:33Z" duration="0.000048" asserts="0">
              <properties>
                <property name="retryIteration" value="0" />
                <property name="repeatIteration" value="0" />
              </properties>
            </test-case>
            <test-case id="1385" name="Falls_VaryPerSoldier_Deterministically" fullname="BattleAtlas.Tests.GateP6ChoreographyTests.Falls_VaryPerSoldier_Deterministically" methodname="Falls_VaryPerSoldier_Deterministically" classname="BattleAtlas.Tests.GateP6ChoreographyTests" runstate="Runnable" seed="47482457" result="Passed" start-time="2026-07-11 02:57:33Z" end-time="2026-07-11 02:57:33Z" duration="0.000797" asserts="0">
              <properties>
                <property name="retryIteration" value="0" />
                <property name="repeatIteration" value="0" />
              </properties>
            </test-case>
            <test-case id="1390" name="FormationHoldsAsALine_BeforeTheFence" fullname="BattleAtlas.Tests.GateP6ChoreographyTests.FormationHoldsAsALine_BeforeTheFence" methodname="FormationHoldsAsALine_BeforeTheFence" classname="BattleAtlas.Tests.GateP6ChoreographyTests" runstate="Runnable" seed="612197685" result="Passed" start-time="2026-07-11 02:57:33Z" end-time="2026-07-11 02:57:33Z" duration="0.000328" asserts="0">
              <properties>
                <property name="retryIteration" value="0" />
                <property name="repeatIteration" value="0" />
              </properties>
            </test-case>
            <test-case id="1391" name="NoSoldier_EverReferencesAnUnknownClip" fullname="BattleAtlas.Tests.GateP6ChoreographyTests.NoSoldier_EverReferencesAnUnknownClip" methodname="NoSoldier_EverReferencesAnUnknownClip" classname="BattleAtlas.Tests.GateP6ChoreographyTests" runstate="Runnable" seed="1831254690" result="Passed" start-time="2026-07-11 02:57:33Z" end-time="2026-07-11 02:57:33Z" duration="0.045902" asserts="0">
              <properties>
                <property name="retryIteration" value="0" />
                <property name="repeatIteration" value="0" />
              </properties>
            </test-case>
            <test-case id="1382" name="Resolve_IsDeterministic_AcrossCallsAndOrder" fullname="BattleAtlas.Tests.GateP6ChoreographyTests.Resolve_IsDeterministic_AcrossCallsAndOrder" methodname="Resolve_IsDeterministic_AcrossCallsAndOrder" classname="BattleAtlas.Tests.GateP6ChoreographyTests" runstate="Runnable" seed="438246568" result="Passed" start-time="2026-07-11 02:57:33Z" end-time="2026-07-11 02:57:33Z" duration="0.002877" asserts="0">
              <properties>
                <property name="retryIteration" value="0" />
                <property name="repeatIteration" value="0" />
              </properties>
            </test-case>
            <test-case id="1392" name="RetreatingSoldiers_MoveWest_AfterTurning" fullname="BattleAtlas.Tests.GateP6ChoreographyTests.RetreatingSoldiers_MoveWest_AfterTurning" methodname="RetreatingSoldiers_MoveWest_AfterTurning" classname="BattleAtlas.Tests.GateP6ChoreographyTests" runstate="Runnable" seed="1116561773" result="Passed" start-time="2026-07-11 02:57:33Z" end-time="2026-07-11 02:57:33Z" duration="0.000080" asserts="0">
              <properties>
                <property name="retryIteration" value="0" />
                <property name="repeatIteration" value="0" />
              </properties>
            </test-case>
            <test-case id="1388" name="Skirmisher_CompletesTwoFullReloads" fullname="BattleAtlas.Tests.GateP6ChoreographyTests.Skirmisher_CompletesTwoFullReloads" methodname="Skirmisher_CompletesTwoFullReloads" classname="BattleAtlas.Tests.GateP6ChoreographyTests" runstate="Runnable" seed="322458565" result="Passed" start-time="2026-07-11 02:57:33Z" end-time="2026-07-11 02:57:33Z" duration="0.000147" asserts="0">
              <properties>
                <property name="retryIteration" value="0" />
                <property name="repeatIteration" value="0" />
              </properties>
            </test-case>
            <test-case id="1389" name="UsaLine_ShowsStaggeredReloadStages_Simultaneously" fullname="BattleAtlas.Tests.GateP6ChoreographyTests.UsaLine_ShowsStaggeredReloadStages_Simultaneously" methodname="UsaLine_ShowsStaggeredReloadStages_Simultaneously" classname="BattleAtlas.Tests.GateP6ChoreographyTests" runstate="Runnable" seed="1101078114" result="Passed" start-time="2026-07-11 02:57:33Z" end-time="2026-07-11 02:57:33Z" duration="0.000348" asserts="0">
              <properties>
                <property name="retryIteration" value="0" />
                <property name="repeatIteration" value="0" />
              </properties>
            </test-case>
          </test-suite>
          <test-suite type="TestFixture" id="1393" name="GateP6KitAssetTests" fullname="BattleAtlas.Tests.GateP6KitAssetTests" classname="BattleAtlas.Tests.GateP6KitAssetTests" runstate="Runnable" testcasecount="5" result="Passed" start-time="2026-07-11 02:57:33Z" end-time="2026-07-11 02:57:33Z" duration="0.090237" total="5" passed="5" failed="0" inconclusive="0" skipped="0" asserts="0">
            <properties />
            <test-case id="1394" name="EveryVariant_ContainsEveryChoreographyClip" fullname="BattleAtlas.Tests.GateP6KitAssetTests.EveryVariant_ContainsEveryChoreographyClip" methodname="EveryVariant_ContainsEveryChoreographyClip" classname="BattleAtlas.Tests.GateP6KitAssetTests" runstate="Runnable" seed="1911316068" result="Passed" start-time="2026-07-11 02:57:33Z" end-time="2026-07-11 02:57:33Z" duration="0.077845" asserts="0">
              <properties>
                <property name="retryIteration" value="0" />
                <property name="repeatIteration" value="0" />
              </properties>
            </test-case>
            <test-case id="1397" name="HeroBudget_StaysInsideSpikeEnvelope" fullname="BattleAtlas.Tests.GateP6KitAssetTests.HeroBudget_StaysInsideSpikeEnvelope" methodname="HeroBudget_StaysInsideSpikeEnvelope" classname="BattleAtlas.Tests.GateP6KitAssetTests" runstate="Runnable" seed="46255740" result="Passed" start-time="2026-07-11 02:57:33Z" end-time="2026-07-11 02:57:33Z" duration="0.001731" asserts="0">
              <properties>
                <property name="retryIteration" value="0" />
                <property name="repeatIteration" value="0" />
              </properties>
            </test-case>
            <test-case id="1396" name="HeroVariants_CarryPropBones_ForMusketAndRamrod" fullname="BattleAtlas.Tests.GateP6KitAssetTests.HeroVariants_CarryPropBones_ForMusketAndRamrod" methodname="HeroVariants_CarryPropBones_ForMusketAndRamrod" classname="BattleAtlas.Tests.GateP6KitAssetTests" runstate="Runnable" seed="682018254" result="Passed" start-time="2026-07-11 02:57:33Z" end-time="2026-07-11 02:57:33Z" duration="0.000689" asserts="0">
              <properties>
                <property name="retryIteration" value="0" />
                <property name="repeatIteration" value="0" />
              </properties>
            </test-case>
            <test-case id="1398" name="MidTier_PoseMeshes_ExistForBothFactions" fullname="BattleAtlas.Tests.GateP6KitAssetTests.MidTier_PoseMeshes_ExistForBothFactions" methodname="MidTier_PoseMeshes_ExistForBothFactions" classname="BattleAtlas.Tests.GateP6KitAssetTests" runstate="Runnable" seed="562988678" result="Passed" start-time="2026-07-11 02:57:33Z" end-time="2026-07-11 02:57:33Z" duration="0.008350" asserts="0">
              <properties>
                <property name="retryIteration" value="0" />
                <property name="repeatIteration" value="0" />
              </properties>
            </test-case>
            <test-case id="1395" name="ReloadClip_IsTheAuthoredTwentySeconds" fullname="BattleAtlas.Tests.GateP6KitAssetTests.ReloadClip_IsTheAuthoredTwentySeconds" methodname="ReloadClip_IsTheAuthoredTwentySeconds" classname="BattleAtlas.Tests.GateP6KitAssetTests" runstate="Runnable" seed="587847948" result="Passed" start-time="2026-07-11 02:57:33Z" end-time="2026-07-11 02:57:33Z" duration="0.000571" asserts="0">
              <properties>
                <property name="retryIteration" value="0" />
                <property name="repeatIteration" value="0" />
              </properties>
            </test-case>
          </test-suite>
          <test-suite type="TestFixture" id="1399" name="HdrpMigrationTests" fullname="BattleAtlas.Tests.HdrpMigrationTests" classname="BattleAtlas.Tests.HdrpMigrationTests" runstate="Runnable" testcasecount="11" result="Skipped" label="Ignored" start-time="2026-07-11 02:57:33Z" end-time="2026-07-11 02:57:33Z" duration="0.027075" total="11" passed="10" failed="0" inconclusive="0" skipped="1" asserts="0">
            <properties />
            <reason>
              <message><![CDATA[One or more child tests were ignored]]></message>
            </reason>
            <test-case id="1410" name="AtlasScene_ReferencesHdrpComponentsAndProfile" fullname="BattleAtlas.Tests.HdrpMigrationTests.AtlasScene_ReferencesHdrpComponentsAndProfile" methodname="AtlasScene_ReferencesHdrpComponentsAndProfile" classname="BattleAtlas.Tests.HdrpMigrationTests" runstate="Runnable" seed="82660027" result="Passed" start-time="2026-07-11 02:57:33Z" end-time="2026-07-11 02:57:33Z" duration="0.002825" asserts="0">
              <properties>
                <property name="retryIteration" value="0" />
                <property name="repeatIteration" value="0" />
              </properties>
            </test-case>
            <test-case id="1404" name="AtlasVolumeProfile_PinsTheExposureCalibration" fullname="BattleAtlas.Tests.HdrpMigrationTests.AtlasVolumeProfile_PinsTheExposureCalibration" methodname="AtlasVolumeProfile_PinsTheExposureCalibration" classname="BattleAtlas.Tests.HdrpMigrationTests" runstate="Runnable" seed="1528958049" result="Passed" start-time="2026-07-11 02:57:33Z" end-time="2026-07-11 02:57:33Z" duration="0.000397" asserts="0">
              <properties>
                <property name="retryIteration" value="0" />
                <property name="repeatIteration" value="0" />
              </properties>
            </test-case>
            <test-case id="1406" name="BattleMaterials_ConvertedToHdrpLit_ColorsPreserved" fullname="BattleAtlas.Tests.HdrpMigrationTests.BattleMaterials_ConvertedToHdrpLit_ColorsPreserved" methodname="BattleMaterials_ConvertedToHdrpLit_ColorsPreserved" classname="BattleAtlas.Tests.HdrpMigrationTests" runstate="Runnable" seed="319244702" result="Passed" start-time="2026-07-11 02:57:33Z" end-time="2026-07-11 02:57:33Z" duration="0.018409" asserts="0">
              <properties>
                <property name="retryIteration" value="0" />
                <property name="repeatIteration" value="0" />
              </properties>
            </test-case>
            <test-case id="1407" name="CustomShaders_ActiveSubshaderIsHdrpForwardOnly" fullname="BattleAtlas.Tests.HdrpMigrationTests.CustomShaders_ActiveSubshaderIsHdrpForwardOnly" methodname="CustomShaders_ActiveSubshaderIsHdrpForwardOnly" classname="BattleAtlas.Tests.HdrpMigrationTests" runstate="Runnable" seed="317031976" result="Passed" start-time="2026-07-11 02:57:33Z" end-time="2026-07-11 02:57:33Z" duration="0.000320" asserts="0">
              <properties>
                <property name="retryIteration" value="0" />
                <property name="repeatIteration" value="0" />
              </properties>
            </test-case>
            <test-case id="1408" name="GeneratedTerrainMaterial_IsHdrpTerrainLit_WhenPresent" fullname="BattleAtlas.Tests.HdrpMigrationTests.GeneratedTerrainMaterial_IsHdrpTerrainLit_WhenPresent" methodname="GeneratedTerrainMaterial_IsHdrpTerrainLit_WhenPresent" classname="BattleAtlas.Tests.HdrpMigrationTests" runstate="Runnable" seed="1736453351" result="Skipped" label="Ignored" start-time="2026-07-11 02:57:33Z" end-time="2026-07-11 02:57:33Z" duration="0.001267" asserts="0">
              <properties>
                <property name="retryIteration" value="0" />
                <property name="repeatIteration" value="0" />
              </properties>
              <reason>
                <message><![CDATA[no generated terrain on this checkout]]></message>
              </reason>
            </test-case>
            <test-case id="1403" name="OfflineProfile_IsOfflineRenderShaped" fullname="BattleAtlas.Tests.HdrpMigrationTests.OfflineProfile_IsOfflineRenderShaped" methodname="OfflineProfile_IsOfflineRenderShaped" classname="BattleAtlas.Tests.HdrpMigrationTests" runstate="Runnable" seed="785346228" result="Passed" start-time="2026-07-11 02:57:33Z" end-time="2026-07-11 02:57:33Z" duration="0.000670" asserts="0">
              <properties>
                <property name="retryIteration" value="0" />
                <property name="repeatIteration" value="0" />
              </properties>
            </test-case>
            <test-case id="1405" name="OfflineVolumeProfile_EnablesVolumetricFog" fullname="BattleAtlas.Tests.HdrpMigrationTests.OfflineVolumeProfile_EnablesVolumetricFog" methodname="OfflineVolumeProfile_EnablesVolumetricFog" classname="BattleAtlas.Tests.HdrpMigrationTests" runstate="Runnable" seed="298042274" result="Passed" start-time="2026-07-11 02:57:33Z" end-time="2026-07-11 02:57:33Z" duration="0.000544" asserts="0">
              <properties>
                <property name="retryIteration" value="0" />
                <property name="repeatIteration" value="0" />
              </properties>
            </test-case>
            <test-case id="1402" name="PlaybackProfile_IsRealTimeShaped" fullname="BattleAtlas.Tests.HdrpMigrationTests.PlaybackProfile_IsRealTimeShaped" methodname="PlaybackProfile_IsRealTimeShaped" classname="BattleAtlas.Tests.HdrpMigrationTests" runstate="Runnable" seed="1676585931" result="Passed" start-time="2026-07-11 02:57:33Z" end-time="2026-07-11 02:57:33Z" duration="0.000100" asserts="0">
              <properties>
                <property name="retryIteration" value="0" />
                <property name="repeatIteration" value="0" />
              </properties>
            </test-case>
            <test-case id="1400" name="ProjectDefaultPipeline_IsHdrpPlaybackProfile" fullname="BattleAtlas.Tests.HdrpMigrationTests.ProjectDefaultPipeline_IsHdrpPlaybackProfile" methodname="ProjectDefaultPipeline_IsHdrpPlaybackProfile" classname="BattleAtlas.Tests.HdrpMigrationTests" runstate="Runnable" seed="1450836536" result="Passed" start-time="2026-07-11 02:57:33Z" end-time="2026-07-11 02:57:33Z" duration="0.000072" asserts="0">
              <properties>
                <property name="retryIteration" value="0" />
                <property name="repeatIteration" value="0" />
              </properties>
            </test-case>
            <test-case id="1401" name="QualityLevels_DeferToGraphicsDefault" fullname="BattleAtlas.Tests.HdrpMigrationTests.QualityLevels_DeferToGraphicsDefault" methodname="QualityLevels_DeferToGraphicsDefault" classname="BattleAtlas.Tests.HdrpMigrationTests" runstate="Runnable" seed="157307488" result="Passed" start-time="2026-07-11 02:57:33Z" end-time="2026-07-11 02:57:33Z" duration="0.000237" asserts="0">
              <properties>
                <property name="retryIteration" value="0" />
                <property name="repeatIteration" value="0" />
              </properties>
            </test-case>
            <test-case id="1409" name="SunDirector_PublishesDeterministicShaderGlobals" fullname="BattleAtlas.Tests.HdrpMigrationTests.SunDirector_PublishesDeterministicShaderGlobals" methodname="SunDirector_PublishesDeterministicShaderGlobals" classname="BattleAtlas.Tests.HdrpMigrationTests" runstate="Runnable" seed="885303578" result="Passed" start-time="2026-07-11 02:57:33Z" end-time="2026-07-11 02:57:33Z" duration="0.001025" asserts="0">
              <properties>
                <property name="retryIteration" value="0" />
                <property name="repeatIteration" value="0" />
              </properties>
            </test-case>
          </test-suite>
        </test-suite>
      </test-suite>
      <test-suite type="TestFixture" id="1047" name="BattleDirectorTests" fullname="BattleDirectorTests" classname="BattleDirectorTests" runstate="Runnable" testcasecount="15" result="Passed" start-time="2026-07-11 02:57:33Z" end-time="2026-07-11 02:57:33Z" duration="0.004180" total="15" passed="15" failed="0" inconclusive="0" skipped="0" asserts="0">
        <properties />
        <test-case id="1052" name="EvaluateTier_FamilyTierKeyedOnParentCenterWithHysteresis" fullname="BattleDirectorTests.EvaluateTier_FamilyTierKeyedOnParentCenterWithHysteresis" methodname="EvaluateTier_FamilyTierKeyedOnParentCenterWithHysteresis" classname="BattleDirectorTests" runstate="Runnable" seed="1096288441" result="Passed" start-time="2026-07-11 02:57:33Z" end-time="2026-07-11 02:57:33Z" duration="0.000104" asserts="0">
          <properties>
            <property name="retryIteration" value="0" />
            <property name="repeatIteration" value="0" />
          </properties>
        </test-case>
        <test-case id="1060" name="FamilyAndRoster_SymbolRepresentationTruthTable" fullname="BattleDirectorTests.FamilyAndRoster_SymbolRepresentationTruthTable" methodname="FamilyAndRoster_SymbolRepresentationTruthTable" classname="BattleDirectorTests" runstate="Runnable" seed="778416659" result="Passed" start-time="2026-07-11 02:57:33Z" end-time="2026-07-11 02:57:33Z" duration="0.000093" asserts="0">
          <properties>
            <property name="retryIteration" value="0" />
            <property name="repeatIteration" value="0" />
          </properties>
        </test-case>
        <test-case id="1050" name="FootprintSamplePoints_RotateWithFacing" fullname="BattleDirectorTests.FootprintSamplePoints_RotateWithFacing" methodname="FootprintSamplePoints_RotateWithFacing" classname="BattleDirectorTests" runstate="Runnable" seed="1580274440" result="Passed" start-time="2026-07-11 02:57:33Z" end-time="2026-07-11 02:57:33Z" duration="0.000119" asserts="0">
          <properties>
            <property name="retryIteration" value="0" />
            <property name="repeatIteration" value="0" />
          </properties>
        </test-case>
        <test-case id="1049" name="FootprintSamplePoints_UnrotatedCornersSpanFrontageAndDepth" fullname="BattleDirectorTests.FootprintSamplePoints_UnrotatedCornersSpanFrontageAndDepth" methodname="FootprintSamplePoints_UnrotatedCornersSpanFrontageAndDepth" classname="BattleDirectorTests" runstate="Runnable" seed="228602836" result="Passed" start-time="2026-07-11 02:57:33Z" end-time="2026-07-11 02:57:33Z" duration="0.000084" asserts="0">
          <properties>
            <property name="retryIteration" value="0" />
            <property name="repeatIteration" value="0" />
          </properties>
        </test-case>
        <test-case id="1062" name="InactiveColor_DesaturatesTowardFieldGrayByPinnedFactor" fullname="BattleDirectorTests.InactiveColor_DesaturatesTowardFieldGrayByPinnedFactor" methodname="InactiveColor_DesaturatesTowardFieldGrayByPinnedFactor" classname="BattleDirectorTests" runstate="Runnable" seed="1198596757" result="Passed" start-time="2026-07-11 02:57:33Z" end-time="2026-07-11 02:57:33Z" duration="0.000179" asserts="0">
          <properties>
            <property name="retryIteration" value="0" />
            <property name="repeatIteration" value="0" />
          </properties>
        </test-case>
        <test-case id="1061" name="IsActiveAt_TruthTable" fullname="BattleDirectorTests.IsActiveAt_TruthTable" methodname="IsActiveAt_TruthTable" classname="BattleDirectorTests" runstate="Runnable" seed="1065205008" result="Passed" start-time="2026-07-11 02:57:33Z" end-time="2026-07-11 02:57:33Z" duration="0.000691" asserts="0">
          <properties>
            <property name="retryIteration" value="0" />
            <property name="repeatIteration" value="0" />
          </properties>
        </test-case>
        <test-case id="1054" name="KindOf_LockedIdPrefixConvention" fullname="BattleDirectorTests.KindOf_LockedIdPrefixConvention" methodname="KindOf_LockedIdPrefixConvention" classname="BattleDirectorTests" runstate="Runnable" seed="29621649" result="Passed" start-time="2026-07-11 02:57:33Z" end-time="2026-07-11 02:57:33Z" duration="0.000130" asserts="0">
          <properties>
            <property name="retryIteration" value="0" />
            <property name="repeatIteration" value="0" />
          </properties>
        </test-case>
        <test-case id="1051" name="RendersAtTier_SuppressionTruthTable" fullname="BattleDirectorTests.RendersAtTier_SuppressionTruthTable" methodname="RendersAtTier_SuppressionTruthTable" classname="BattleDirectorTests" runstate="Runnable" seed="1269481522" result="Passed" start-time="2026-07-11 02:57:33Z" end-time="2026-07-11 02:57:33Z" duration="0.000057" asserts="0">
          <properties>
            <property name="retryIteration" value="0" />
            <property name="repeatIteration" value="0" />
          </properties>
        </test-case>
        <test-case id="1053" name="RosterlessChildRendersMonolithicAtRegimentsTier" fullname="BattleDirectorTests.RosterlessChildRendersMonolithicAtRegimentsTier" methodname="RosterlessChildRendersMonolithicAtRegimentsTier" classname="BattleDirectorTests" runstate="Runnable" seed="1360652753" result="Passed" start-time="2026-07-11 02:57:33Z" end-time="2026-07-11 02:57:33Z" duration="0.000050" asserts="0">
          <properties>
            <property name="retryIteration" value="0" />
            <property name="repeatIteration" value="0" />
          </properties>
        </test-case>
        <test-case id="1057" name="RosterSymbolSpecs_CentersRotateWithFacing" fullname="BattleDirectorTests.RosterSymbolSpecs_CentersRotateWithFacing" methodname="RosterSymbolSpecs_CentersRotateWithFacing" classname="BattleDirectorTests" runstate="Runnable" seed="1271682408" result="Passed" start-time="2026-07-11 02:57:33Z" end-time="2026-07-11 02:57:33Z" duration="0.000287" asserts="0">
          <properties>
            <property name="retryIteration" value="0" />
            <property name="repeatIteration" value="0" />
          </properties>
        </test-case>
        <test-case id="1056" name="RosterSymbolSpecs_RegimentSpecsSplitStrengthAndSumToParent" fullname="BattleDirectorTests.RosterSymbolSpecs_RegimentSpecsSplitStrengthAndSumToParent" methodname="RosterSymbolSpecs_RegimentSpecsSplitStrengthAndSumToParent" classname="BattleDirectorTests" runstate="Runnable" seed="291441269" result="Passed" start-time="2026-07-11 02:57:33Z" end-time="2026-07-11 02:57:33Z" duration="0.000122" asserts="0">
          <properties>
            <property name="retryIteration" value="0" />
            <property name="repeatIteration" value="0" />
          </properties>
        </test-case>
        <test-case id="1048" name="SideColor_DistinguishesSidesAndDefaultsNeutral" fullname="BattleDirectorTests.SideColor_DistinguishesSidesAndDefaultsNeutral" methodname="SideColor_DistinguishesSidesAndDefaultsNeutral" classname="BattleDirectorTests" runstate="Runnable" seed="612567494" result="Passed" start-time="2026-07-11 02:57:33Z" end-time="2026-07-11 02:57:33Z" duration="0.000673" asserts="0">
          <properties>
            <property name="retryIteration" value="0" />
            <property name="repeatIteration" value="0" />
          </properties>
          <output><![CDATA[unknown unit side 'martian', rendering gray
]]></output>
        </test-case>
        <test-case id="1059" name="SymbolNeedsRebuild_ArtilleryGunDotStepDirtiesUnderTheDepthClamp" fullname="BattleDirectorTests.SymbolNeedsRebuild_ArtilleryGunDotStepDirtiesUnderTheDepthClamp" methodname="SymbolNeedsRebuild_ArtilleryGunDotStepDirtiesUnderTheDepthClamp" classname="BattleDirectorTests" runstate="Runnable" seed="1049010387" result="Passed" start-time="2026-07-11 02:57:33Z" end-time="2026-07-11 02:57:33Z" duration="0.000214" asserts="0">
          <properties>
            <property name="retryIteration" value="0" />
            <property name="repeatIteration" value="0" />
          </properties>
        </test-case>
        <test-case id="1058" name="SymbolNeedsRebuild_DelegatesToTheSharedDirtyPredicate" fullname="BattleDirectorTests.SymbolNeedsRebuild_DelegatesToTheSharedDirtyPredicate" methodname="SymbolNeedsRebuild_DelegatesToTheSharedDirtyPredicate" classname="BattleDirectorTests" runstate="Runnable" seed="1388062326" result="Passed" start-time="2026-07-11 02:57:33Z" end-time="2026-07-11 02:57:33Z" duration="0.000086" asserts="0">
          <properties>
            <property name="retryIteration" value="0" />
            <property name="repeatIteration" value="0" />
          </properties>
        </test-case>
        <test-case id="1055" name="SymbolStyle_MpbSelectionTruthTable" fullname="BattleDirectorTests.SymbolStyle_MpbSelectionTruthTable" methodname="SymbolStyle_MpbSelectionTruthTable" classname="BattleDirectorTests" runstate="Runnable" seed="1640794034" result="Passed" start-time="2026-07-11 02:57:33Z" end-time="2026-07-11 02:57:33Z" duration="0.000125" asserts="0">
          <properties>
            <property name="retryIteration" value="0" />
            <property name="repeatIteration" value="0" />
          </properties>
        </test-case>
      </test-suite>
      <test-suite type="TestFixture" id="1083" name="BattlefieldInfoTests" fullname="BattlefieldInfoTests" classname="BattlefieldInfoTests" runstate="Runnable" testcasecount="2" result="Passed" start-time="2026-07-11 02:57:33Z" end-time="2026-07-11 02:57:33Z" duration="0.000391" total="2" passed="2" failed="0" inconclusive="0" skipped="0" asserts="0">
        <properties />
        <test-case id="1084" name="HonestElevation_DividesOutExaggeration" fullname="BattlefieldInfoTests.HonestElevation_DividesOutExaggeration" methodname="HonestElevation_DividesOutExaggeration" classname="BattlefieldInfoTests" runstate="Runnable" seed="1141726878" result="Passed" start-time="2026-07-11 02:57:33Z" end-time="2026-07-11 02:57:33Z" duration="0.000040" asserts="0">
          <properties>
            <property name="retryIteration" value="0" />
            <property name="repeatIteration" value="0" />
          </properties>
        </test-case>
        <test-case id="1085" name="HonestElevation_IdentityAtNoExaggeration" fullname="BattlefieldInfoTests.HonestElevation_IdentityAtNoExaggeration" methodname="HonestElevation_IdentityAtNoExaggeration" classname="BattlefieldInfoTests" runstate="Runnable" seed="1818936806" result="Passed" start-time="2026-07-11 02:57:33Z" end-time="2026-07-11 02:57:33Z" duration="0.000028" asserts="0">
          <properties>
            <property name="retryIteration" value="0" />
            <property name="repeatIteration" value="0" />
          </properties>
        </test-case>
      </test-suite>
      <test-suite type="TestFixture" id="1063" name="BattleLoaderScaleTests" fullname="BattleLoaderScaleTests" classname="BattleLoaderScaleTests" runstate="Runnable" testcasecount="3" result="Passed" start-time="2026-07-11 02:57:33Z" end-time="2026-07-11 02:57:33Z" duration="0.125925" total="3" passed="3" failed="0" inconclusive="0" skipped="0" asserts="0">
        <properties />
        <test-case id="1066" name="DirectorStart_ScaleFixture_BuffersScaleWithUnitCountAndFrameLoopIsCheap" fullname="BattleLoaderScaleTests.DirectorStart_ScaleFixture_BuffersScaleWithUnitCountAndFrameLoopIsCheap" methodname="DirectorStart_ScaleFixture_BuffersScaleWithUnitCountAndFrameLoopIsCheap" classname="BattleLoaderScaleTests" runstate="Runnable" seed="1694521482" result="Passed" start-time="2026-07-11 02:57:33Z" end-time="2026-07-11 02:57:33Z" duration="0.118732" asserts="0">
          <properties>
            <property name="retryIteration" value="0" />
            <property name="repeatIteration" value="0" />
          </properties>
          <output><![CDATA[BattleDirector.symbolMaterial is unset; wire Assets/Battle/UnitSymbol.mat for the cartographic symbol styling — falling back to unitMaterial
BattleDirector.flagMaterial is unset; wire Assets/Battle/Flag.mat to fly unit flags
[scale] Start(210 units): 8.8 ms; Update avg over 100 frames: 0.815 ms/frame; alloc 0 bytes/frame
]]></output>
        </test-case>
        <test-case id="1064" name="Parse_ScaleFixture_LoadsAllUnitsAndEvents" fullname="BattleLoaderScaleTests.Parse_ScaleFixture_LoadsAllUnitsAndEvents" methodname="Parse_ScaleFixture_LoadsAllUnitsAndEvents" classname="BattleLoaderScaleTests" runstate="Runnable" seed="1850823882" result="Passed" start-time="2026-07-11 02:57:33Z" end-time="2026-07-11 02:57:33Z" duration="0.002367" asserts="0">
          <properties>
            <property name="retryIteration" value="0" />
            <property name="repeatIteration" value="0" />
          </properties>
        </test-case>
        <test-case id="1065" name="StateAt_All210UnitsAt100SampledTs_AllocationSaneAndClampCorrect" fullname="BattleLoaderScaleTests.StateAt_All210UnitsAt100SampledTs_AllocationSaneAndClampCorrect" methodname="StateAt_All210UnitsAt100SampledTs_AllocationSaneAndClampCorrect" classname="BattleLoaderScaleTests" runstate="Runnable" seed="802994247" result="Passed" start-time="2026-07-11 02:57:33Z" end-time="2026-07-11 02:57:33Z" duration="0.004390" asserts="0">
          <properties>
            <property name="retryIteration" value="0" />
            <property name="repeatIteration" value="0" />
          </properties>
          <output><![CDATA[[scale] StateAt 210x100: 0 bytes allocated (checksum 1.861564E+07)
]]></output>
        </test-case>
      </test-suite>
      <test-suite type="TestFixture" id="1067" name="BattleLoaderTests" fullname="BattleLoaderTests" classname="BattleLoaderTests" runstate="Runnable" testcasecount="15" result="Passed" start-time="2026-07-11 02:57:33Z" end-time="2026-07-11 02:57:33Z" duration="0.011577" total="15" passed="15" failed="0" inconclusive="0" skipped="0" asserts="0">
        <properties />
        <test-case id="1078" name="Parse_ReadsEventsAndEnvironment" fullname="BattleLoaderTests.Parse_ReadsEventsAndEnvironment" methodname="Parse_ReadsEventsAndEnvironment" classname="BattleLoaderTests" runstate="Runnable" seed="1896762437" result="Passed" start-time="2026-07-11 02:57:33Z" end-time="2026-07-11 02:57:33Z" duration="0.000295" asserts="0">
          <properties>
            <property name="retryIteration" value="0" />
            <property name="repeatIteration" value="0" />
          </properties>
        </test-case>
        <test-case id="1075" name="Parse_ReadsParentAndRejectsUnknownParent" fullname="BattleLoaderTests.Parse_ReadsParentAndRejectsUnknownParent" methodname="Parse_ReadsParentAndRejectsUnknownParent" classname="BattleLoaderTests" runstate="Runnable" seed="1400496371" result="Passed" start-time="2026-07-11 02:57:33Z" end-time="2026-07-11 02:57:33Z" duration="0.000347" asserts="0">
          <properties>
            <property name="retryIteration" value="0" />
            <property name="repeatIteration" value="0" />
          </properties>
        </test-case>
        <test-case id="1074" name="Parse_ReadsProvenanceFields" fullname="BattleLoaderTests.Parse_ReadsProvenanceFields" methodname="Parse_ReadsProvenanceFields" classname="BattleLoaderTests" runstate="Runnable" seed="1208082093" result="Passed" start-time="2026-07-11 02:57:33Z" end-time="2026-07-11 02:57:33Z" duration="0.000089" asserts="0">
          <properties>
            <property name="retryIteration" value="0" />
            <property name="repeatIteration" value="0" />
          </properties>
        </test-case>
[...]
          <properties>
            <property name="retryIteration" value="0" />
            <property name="repeatIteration" value="0" />
          </properties>
        </test-case>
        <test-case id="1316" name="RaycastTerrain_MissesAndUndergroundStartsResolveHonestly" fullname="UnitPickerTests.RaycastTerrain_MissesAndUndergroundStartsResolveHonestly" methodname="RaycastTerrain_MissesAndUndergroundStartsResolveHonestly" classname="UnitPickerTests" runstate="Runnable" seed="1981399602" result="Passed" start-time="2026-07-11 02:58:12Z" end-time="2026-07-11 02:58:12Z" duration="0.000152" asserts="0">
          <properties>
            <property name="retryIteration" value="0" />
            <property name="repeatIteration" value="0" />
          </properties>
        </test-case>
      </test-suite>
      <test-suite type="TestFixture" id="1320" name="UnitSymbolTests" fullname="UnitSymbolTests" classname="UnitSymbolTests" runstate="Runnable" testcasecount="11" result="Passed" start-time="2026-07-11 02:58:12Z" end-time="2026-07-11 02:58:12Z" duration="0.001435" total="11" passed="11" failed="0" inconclusive="0" skipped="0" asserts="0">
        <properties />
        <test-case id="1324" name="DisplayDepth_AreaProportionalBetweenClamps" fullname="UnitSymbolTests.DisplayDepth_AreaProportionalBetweenClamps" methodname="DisplayDepth_AreaProportionalBetweenClamps" classname="UnitSymbolTests" runstate="Runnable" seed="1937435764" result="Passed" start-time="2026-07-11 02:58:12Z" end-time="2026-07-11 02:58:12Z" duration="0.000047" asserts="0">
          <properties>
            <property name="retryIteration" value="0" />
            <property name="repeatIteration" value="0" />
          </properties>
        </test-case>
        <test-case id="1328" name="DisplayDepth_BrigadeVisiblyOutweighsSmallRegiment" fullname="UnitSymbolTests.DisplayDepth_BrigadeVisiblyOutweighsSmallRegiment" methodname="DisplayDepth_BrigadeVisiblyOutweighsSmallRegiment" classname="UnitSymbolTests" runstate="Runnable" seed="1478077214" result="Passed" start-time="2026-07-11 02:58:12Z" end-time="2026-07-11 02:58:12Z" duration="0.000050" asserts="0">
          <properties>
            <property name="retryIteration" value="0" />
            <property name="repeatIteration" value="0" />
          </properties>
        </test-case>
        <test-case id="1326" name="DisplayDepth_ClampsMassedColumnsToMax" fullname="UnitSymbolTests.DisplayDepth_ClampsMassedColumnsToMax" methodname="DisplayDepth_ClampsMassedColumnsToMax" classname="UnitSymbolTests" runstate="Runnable" seed="1392004004" result="Passed" start-time="2026-07-11 02:58:12Z" end-time="2026-07-11 02:58:12Z" duration="0.000027" asserts="0">
          <properties>
            <property name="retryIteration" value="0" />
            <property name="repeatIteration" value="0" />
          </properties>
        </test-case>
        <test-case id="1325" name="DisplayDepth_ClampsThinSliversToMin" fullname="UnitSymbolTests.DisplayDepth_ClampsThinSliversToMin" methodname="DisplayDepth_ClampsThinSliversToMin" classname="UnitSymbolTests" runstate="Runnable" seed="751474049" result="Passed" start-time="2026-07-11 02:58:12Z" end-time="2026-07-11 02:58:12Z" duration="0.000034" asserts="0">
          <properties>
            <property name="retryIteration" value="0" />
            <property name="repeatIteration" value="0" />
          </properties>
        </test-case>
        <test-case id="1327" name="DisplayDepth_QuantizesToHalfMeterSteps" fullname="UnitSymbolTests.DisplayDepth_QuantizesToHalfMeterSteps" methodname="DisplayDepth_QuantizesToHalfMeterSteps" classname="UnitSymbolTests" runstate="Runnable" seed="1489238036" result="Passed" start-time="2026-07-11 02:58:12Z" end-time="2026-07-11 02:58:12Z" duration="0.000036" asserts="0">
          <properties>
            <property name="retryIteration" value="0" />
            <property name="repeatIteration" value="0" />
          </properties>
        </test-case>
        <test-case id="1323" name="EchelonOf_TruthTable" fullname="UnitSymbolTests.EchelonOf_TruthTable" methodname="EchelonOf_TruthTable" classname="UnitSymbolTests" runstate="Runnable" seed="2099773261" result="Passed" start-time="2026-07-11 02:58:12Z" end-time="2026-07-11 02:58:12Z" duration="0.000162" asserts="0">
          <properties>
            <property name="retryIteration" value="0" />
            <property name="repeatIteration" value="0" />
          </properties>
        </test-case>
        <test-case id="1329" name="GunDotCount_ApproximatesGunsAndClamps" fullname="UnitSymbolTests.GunDotCount_ApproximatesGunsAndClamps" methodname="GunDotCount_ApproximatesGunsAndClamps" classname="UnitSymbolTests" runstate="Runnable" seed="1464745825" result="Passed" start-time="2026-07-11 02:58:12Z" end-time="2026-07-11 02:58:12Z" duration="0.000051" asserts="0">
          <properties>
            <property name="retryIteration" value="0" />
            <property name="repeatIteration" value="0" />
          </properties>
        </test-case>
        <test-case id="1322" name="KindOf_BattleDirectorDelegatesAndCollapsesPark" fullname="UnitSymbolTests.KindOf_BattleDirectorDelegatesAndCollapsesPark" methodname="KindOf_BattleDirectorDelegatesAndCollapsesPark" classname="UnitSymbolTests" runstate="Runnable" seed="131366998" result="Passed" start-time="2026-07-11 02:58:12Z" end-time="2026-07-11 02:58:12Z" duration="0.000118" asserts="0">
          <properties>
            <property name="retryIteration" value="0" />
            <property name="repeatIteration" value="0" />
          </properties>
        </test-case>
        <test-case id="1321" name="KindOf_LockedPrefixTableWithParkSplit" fullname="UnitSymbolTests.KindOf_LockedPrefixTableWithParkSplit" methodname="KindOf_LockedPrefixTableWithParkSplit" classname="UnitSymbolTests" runstate="Runnable" seed="1161305216" result="Passed" start-time="2026-07-11 02:58:12Z" end-time="2026-07-11 02:58:12Z" duration="0.000089" asserts="0">
          <properties>
            <property name="retryIteration" value="0" />
            <property name="repeatIteration" value="0" />
          </properties>
        </test-case>
        <test-case id="1330" name="StyleOf_DocumentedRendersSolid" fullname="UnitSymbolTests.StyleOf_DocumentedRendersSolid" methodname="StyleOf_DocumentedRendersSolid" classname="UnitSymbolTests" runstate="Runnable" seed="648495387" result="Passed" start-time="2026-07-11 02:58:12Z" end-time="2026-07-11 02:58:12Z" duration="0.000041" asserts="0">
          <properties>
            <property name="retryIteration" value="0" />
            <property name="repeatIteration" value="0" />
          </properties>
        </test-case>
        <test-case id="1331" name="StyleOf_InferredAndUnknownRenderHatched" fullname="UnitSymbolTests.StyleOf_InferredAndUnknownRenderHatched" methodname="StyleOf_InferredAndUnknownRenderHatched" classname="UnitSymbolTests" runstate="Runnable" seed="960894794" result="Passed" start-time="2026-07-11 02:58:12Z" end-time="2026-07-11 02:58:12Z" duration="0.000064" asserts="0">
          <properties>
            <property name="retryIteration" value="0" />
            <property name="repeatIteration" value="0" />
          </properties>
        </test-case>
      </test-suite>
      <test-suite type="TestFixture" id="1332" name="UnitTrackTests" fullname="UnitTrackTests" classname="UnitTrackTests" runstate="Runnable" testcasecount="8" result="Passed" start-time="2026-07-11 02:58:12Z" end-time="2026-07-11 02:58:12Z" duration="0.001399" total="8" passed="8" failed="0" inconclusive="0" skipped="0" asserts="0">
        <properties />
        <test-case id="1334" name="StateAt_ClampsBeforeFirstAndAfterLast" fullname="UnitTrackTests.StateAt_ClampsBeforeFirstAndAfterLast" methodname="StateAt_ClampsBeforeFirstAndAfterLast" classname="UnitTrackTests" runstate="Runnable" seed="1723446177" result="Passed" start-time="2026-07-11 02:58:12Z" end-time="2026-07-11 02:58:12Z" duration="0.000294" asserts="0">
          <properties>
            <property name="retryIteration" value="0" />
            <property name="repeatIteration" value="0" />
          </properties>
        </test-case>
        <test-case id="1338" name="StateAt_ConfidenceComesFromSegmentStart" fullname="UnitTrackTests.StateAt_ConfidenceComesFromSegmentStart" methodname="StateAt_ConfidenceComesFromSegmentStart" classname="UnitTrackTests" runstate="Runnable" seed="1354267290" result="Passed" start-time="2026-07-11 02:58:12Z" end-time="2026-07-11 02:58:12Z" duration="0.000100" asserts="0">
          <properties>
            <property name="retryIteration" value="0" />
            <property name="repeatIteration" value="0" />
          </properties>
        </test-case>
        <test-case id="1339" name="StateAt_EmptyConfidenceDefaultsToUnknown" fullname="UnitTrackTests.StateAt_EmptyConfidenceDefaultsToUnknown" methodname="StateAt_EmptyConfidenceDefaultsToUnknown" classname="UnitTrackTests" runstate="Runnable" seed="680145657" result="Passed" start-time="2026-07-11 02:58:12Z" end-time="2026-07-11 02:58:12Z" duration="0.000057" asserts="0">
          <properties>
            <property name="retryIteration" value="0" />
            <property name="repeatIteration" value="0" />
          </properties>
        </test-case>
        <test-case id="1340" name="StateAt_ExactInteriorKeyframeStartsNewSegment" fullname="UnitTrackTests.StateAt_ExactInteriorKeyframeStartsNewSegment" methodname="StateAt_ExactInteriorKeyframeStartsNewSegment" classname="UnitTrackTests" runstate="Runnable" seed="60497882" result="Passed" start-time="2026-07-11 02:58:12Z" end-time="2026-07-11 02:58:12Z" duration="0.000078" asserts="0">
          <properties>
            <property name="retryIteration" value="0" />
            <property name="repeatIteration" value="0" />
          </properties>
        </test-case>
        <test-case id="1337" name="StateAt_FormationComesFromSegmentStart" fullname="UnitTrackTests.StateAt_FormationComesFromSegmentStart" methodname="StateAt_FormationComesFromSegmentStart" classname="UnitTrackTests" runstate="Runnable" seed="548870911" result="Passed" start-time="2026-07-11 02:58:12Z" end-time="2026-07-11 02:58:12Z" duration="0.000062" asserts="0">
          <properties>
            <property name="retryIteration" value="0" />
            <property name="repeatIteration" value="0" />
          </properties>
        </test-case>
        <test-case id="1335" name="StateAt_InterpolatesFacingAcrossNorthWrap" fullname="UnitTrackTests.StateAt_InterpolatesFacingAcrossNorthWrap" methodname="StateAt_InterpolatesFacingAcrossNorthWrap" classname="UnitTrackTests" runstate="Runnable" seed="318736412" result="Passed" start-time="2026-07-11 02:58:12Z" end-time="2026-07-11 02:58:12Z" duration="0.000050" asserts="0">
          <properties>
            <property name="retryIteration" value="0" />
            <property name="repeatIteration" value="0" />
          </properties>
        </test-case>
        <test-case id="1333" name="StateAt_InterpolatesPositionAndStrengthLinearly" fullname="UnitTrackTests.StateAt_InterpolatesPositionAndStrengthLinearly" methodname="StateAt_InterpolatesPositionAndStrengthLinearly" classname="UnitTrackTests" runstate="Runnable" seed="671033639" result="Passed" start-time="2026-07-11 02:58:12Z" end-time="2026-07-11 02:58:12Z" duration="0.000066" asserts="0">
          <properties>
            <property name="retryIteration" value="0" />
            <property name="repeatIteration" value="0" />
          </properties>
        </test-case>
        <test-case id="1336" name="StateAt_PicksCorrectSegmentAmongMany" fullname="UnitTrackTests.StateAt_PicksCorrectSegmentAmongMany" methodname="StateAt_PicksCorrectSegmentAmongMany" classname="UnitTrackTests" runstate="Runnable" seed="1145916308" result="Passed" start-time="2026-07-11 02:58:12Z" end-time="2026-07-11 02:58:12Z" duration="0.000066" asserts="0">
          <properties>
            <property name="retryIteration" value="0" />
            <property name="repeatIteration" value="0" />
          </properties>
        </test-case>
      </test-suite>
      <test-suite type="TestFixture" id="1341" name="VegetationFieldTests" fullname="VegetationFieldTests" classname="VegetationFieldTests" runstate="Runnable" testcasecount="3" result="Passed" start-time="2026-07-11 02:58:12Z" end-time="2026-07-11 02:58:12Z" duration="0.001269" total="3" passed="3" failed="0" inconclusive="0" skipped="0" asserts="0">
        <properties />
        <test-case id="1343" name="BucketFor_SelectsOrchardVariantAndSpreadsWoodlotHues" fullname="VegetationFieldTests.BucketFor_SelectsOrchardVariantAndSpreadsWoodlotHues" methodname="BucketFor_SelectsOrchardVariantAndSpreadsWoodlotHues" classname="VegetationFieldTests" runstate="Runnable" seed="1187294817" result="Passed" start-time="2026-07-11 02:58:12Z" end-time="2026-07-11 02:58:12Z" duration="0.000522" asserts="0">
          <properties>
            <property name="retryIteration" value="0" />
            <property name="repeatIteration" value="0" />
          </properties>
        </test-case>
        <test-case id="1342" name="NearTier_LatchesWithHysteresis" fullname="VegetationFieldTests.NearTier_LatchesWithHysteresis" methodname="NearTier_LatchesWithHysteresis" classname="VegetationFieldTests" runstate="Runnable" seed="2064524781" result="Passed" start-time="2026-07-11 02:58:12Z" end-time="2026-07-11 02:58:12Z" duration="0.000057" asserts="0">
          <properties>
            <property name="retryIteration" value="0" />
            <property name="repeatIteration" value="0" />
          </properties>
        </test-case>
        <test-case id="1344" name="Placements_DeterministicAndInsideRadius" fullname="VegetationFieldTests.Placements_DeterministicAndInsideRadius" methodname="Placements_DeterministicAndInsideRadius" classname="VegetationFieldTests" runstate="Runnable" seed="39192362" result="Passed" start-time="2026-07-11 02:58:12Z" end-time="2026-07-11 02:58:12Z" duration="0.000310" asserts="0">
          <properties>
            <property name="retryIteration" value="0" />
            <property name="repeatIteration" value="0" />
          </properties>
        </test-case>
      </test-suite>
      <test-suite type="TestFixture" id="1345" name="ViewpointDefinitionTests" fullname="ViewpointDefinitionTests" classname="ViewpointDefinitionTests" runstate="Runnable" testcasecount="4" result="Passed" start-time="2026-07-11 02:58:12Z" end-time="2026-07-11 02:58:12Z" duration="0.001819" total="4" passed="4" failed="0" inconclusive="0" skipped="0" asserts="0">
        <properties />
        <test-case id="1346" name="CommittedViewpointsFile_ParsesAndValidates" fullname="ViewpointDefinitionTests.CommittedViewpointsFile_ParsesAndValidates" methodname="CommittedViewpointsFile_ParsesAndValidates" classname="ViewpointDefinitionTests" runstate="Runnable" seed="1119995794" result="Passed" start-time="2026-07-11 02:58:12Z" end-time="2026-07-11 02:58:12Z" duration="0.000789" asserts="0">
          <properties>
            <property name="retryIteration" value="0" />
            <property name="repeatIteration" value="0" />
          </properties>
        </test-case>
        <test-case id="1347" name="FromJson_RejectsInvertedWindow" fullname="ViewpointDefinitionTests.FromJson_RejectsInvertedWindow" methodname="FromJson_RejectsInvertedWindow" classname="ViewpointDefinitionTests" runstate="Runnable" seed="1222583899" result="Passed" start-time="2026-07-11 02:58:12Z" end-time="2026-07-11 02:58:12Z" duration="0.000216" asserts="0">
          <properties>
            <property name="retryIteration" value="0" />
            <property name="repeatIteration" value="0" />
          </properties>
        </test-case>
        <test-case id="1348" name="FromJson_RejectsMissingProxy" fullname="ViewpointDefinitionTests.FromJson_RejectsMissingProxy" methodname="FromJson_RejectsMissingProxy" classname="ViewpointDefinitionTests" runstate="Runnable" seed="1940713240" result="Passed" start-time="2026-07-11 02:58:12Z" end-time="2026-07-11 02:58:12Z" duration="0.000151" asserts="0">
          <properties>
            <property name="retryIteration" value="0" />
            <property name="repeatIteration" value="0" />
          </properties>
        </test-case>
        <test-case id="1349" name="FromJson_RejectsMissingViewpointsArray" fullname="ViewpointDefinitionTests.FromJson_RejectsMissingViewpointsArray" methodname="FromJson_RejectsMissingViewpointsArray" classname="ViewpointDefinitionTests" runstate="Runnable" seed="784926232" result="Passed" start-time="2026-07-11 02:58:12Z" end-time="2026-07-11 02:58:12Z" duration="0.000147" asserts="0">
          <properties>
            <property name="retryIteration" value="0" />
            <property name="repeatIteration" value="0" />
          </properties>
        </test-case>
      </test-suite>
      <test-suite type="TestFixture" id="1173" name="ViewpointObserversTests" fullname="ViewpointObserversTests" classname="ViewpointObserversTests" runstate="Runnable" testcasecount="4" result="Passed" start-time="2026-07-11 02:58:12Z" end-time="2026-07-11 02:58:12Z" duration="0.038820" total="4" passed="4" failed="0" inconclusive="0" skipped="0" asserts="0">
        <properties />
        <test-case id="1175" name="Exemption_PreservesProfileTotalsExactly" fullname="ViewpointObserversTests.Exemption_PreservesProfileTotalsExactly" methodname="Exemption_PreservesProfileTotalsExactly" classname="ViewpointObserversTests" runstate="Runnable" seed="1407722570" result="Passed" start-time="2026-07-11 02:58:12Z" end-time="2026-07-11 02:58:12Z" duration="0.008521" asserts="0">
          <properties>
            <property name="retryIteration" value="0" />
            <property name="repeatIteration" value="0" />
          </properties>
        </test-case>
        <test-case id="1174" name="ObserverSlot_NeverDrawsACasualtyFate_AnySeed" fullname="ViewpointObserversTests.ObserverSlot_NeverDrawsACasualtyFate_AnySeed" methodname="ObserverSlot_NeverDrawsACasualtyFate_AnySeed" classname="ViewpointObserversTests" runstate="Runnable" seed="605934756" result="Passed" start-time="2026-07-11 02:58:12Z" end-time="2026-07-11 02:58:12Z" duration="0.029105" asserts="0">
          <properties>
            <property name="retryIteration" value="0" />
            <property name="repeatIteration" value="0" />
          </properties>
        </test-case>
        <test-case id="1176" name="ProtectionTable_MatchesCommittedViewpoints" fullname="ViewpointObserversTests.ProtectionTable_MatchesCommittedViewpoints" methodname="ProtectionTable_MatchesCommittedViewpoints" classname="ViewpointObserversTests" runstate="Runnable" seed="1173508412" result="Passed" start-time="2026-07-11 02:58:12Z" end-time="2026-07-11 02:58:12Z" duration="0.000525" asserts="0">
          <properties>
            <property name="retryIteration" value="0" />
            <property name="repeatIteration" value="0" />
          </properties>
        </test-case>
        <test-case id="1177" name="UnprotectedUnits_AreUntouchedByThePolicy" fullname="ViewpointObserversTests.UnprotectedUnits_AreUntouchedByThePolicy" methodname="UnprotectedUnits_AreUntouchedByThePolicy" classname="ViewpointObserversTests" runstate="Runnable" seed="921749040" result="Passed" start-time="2026-07-11 02:58:12Z" end-time="2026-07-11 02:58:12Z" duration="0.000049" asserts="0">
          <properties>
            <property name="retryIteration" value="0" />
            <property name="repeatIteration" value="0" />
          </properties>
          <output><![CDATA[<b><color=#2EA3FF>MCP-FOR-UNITY</color></b>: [TestRunnerNoThrottle] Restored Interaction Mode after test run.
Saving results to: /Users/wmitchell/Library/Application Support/DefaultCompany/warface/TestResults.xml
]]></output>
        </test-case>
      </test-suite>
    </test-suite>
  </test-suite>
</test-run>