<?xml version="1.0" encoding="utf-8"?>
<test-run id="2" testcasecount="358" result="Skipped:Ignored" total="358" passed="357" failed="0" inconclusive="0" skipped="1" asserts="0" engine-version="3.5.0.0" clr-version="4.0.30319.42000" start-time="2026-07-11 03:02:04Z" end-time="2026-07-11 03:02:45Z" duration="41.0198455">
  <test-suite type="TestSuite" id="1000" name="warface" fullname="warface" runstate="Runnable" testcasecount="358" result="Skipped" label="Ignored" start-time="2026-07-11 03:02:04Z" end-time="2026-07-11 03:02:45Z" duration="41.019846" total="358" passed="357" failed="0" inconclusive="0" skipped="1" asserts="0">
    <properties>
      <property name="platform" value="EditMode" />
    </properties>
    <reason>
      <message><![CDATA[One or more child tests were ignored]]></message>
    </reason>
    <test-suite type="Assembly" id="1412" name="BattleAtlas.Tests.Editor.dll" fullname="/private/tmp/claude-501/-Users-wmitchell-Documents-jetsons-warface/6273d195-6c7d-4985-96ff-e6d0198315ef/scratchpad/wt-audit-adopt/app/Library/ScriptAssemblies/BattleAtlas.Tests.Editor.dll" runstate="Runnable" testcasecount="358" result="Skipped" label="Ignored" start-time="2026-07-11 03:02:04Z" end-time="2026-07-11 03:02:45Z" duration="41.009869" total="358" passed="357" failed="0" inconclusive="0" skipped="1" asserts="0">
      <properties>
        <property name="_PID" value="62661" />
        <property name="_APPDOMAIN" value="Unity Child Domain" />
        <property name="platform" value="EditMode" />
        <property name="EditorOnly" value="True" />
      </properties>
      <reason>
        <message><![CDATA[One or more child tests were ignored]]></message>
      </reason>
      <test-suite type="TestFixture" id="1001" name="AccessibilityOptionsTests" fullname="AccessibilityOptionsTests" classname="AccessibilityOptionsTests" runstate="Runnable" testcasecount="4" result="Passed" start-time="2026-07-11 03:02:04Z" end-time="2026-07-11 03:02:04Z" duration="0.011539" total="4" passed="4" failed="0" inconclusive="0" skipped="0" asserts="0">
        <properties />
        <test-case id="1002" name="Defaults_FullVolume_CaptionsOff_ReducedMotionOff" fullname="AccessibilityOptionsTests.Defaults_FullVolume_CaptionsOff_ReducedMotionOff" methodname="Defaults_FullVolume_CaptionsOff_ReducedMotionOff" classname="AccessibilityOptionsTests" runstate="Runnable" seed="999305164" result="Passed" start-time="2026-07-11 03:02:04Z" end-time="2026-07-11 03:02:04Z" duration="0.004267" asserts="0">
          <properties>
            <property name="retryIteration" value="0" />
            <property name="repeatIteration" value="0" />
          </properties>
        </test-case>
        <test-case id="1004" name="EffectiveSoldierViewVolume_IsMasterTimesMix" fullname="AccessibilityOptionsTests.EffectiveSoldierViewVolume_IsMasterTimesMix" methodname="EffectiveSoldierViewVolume_IsMasterTimesMix" classname="AccessibilityOptionsTests" runstate="Runnable" seed="1155291962" result="Passed" start-time="2026-07-11 03:02:04Z" end-time="2026-07-11 03:02:04Z" duration="0.000579" asserts="0">
          <properties>
            <property name="retryIteration" value="0" />
            <property name="repeatIteration" value="0" />
          </properties>
        </test-case>
        <test-case id="1005" name="Toggles_PersistAndSelectMotionProfile" fullname="AccessibilityOptionsTests.Toggles_PersistAndSelectMotionProfile" methodname="Toggles_PersistAndSelectMotionProfile" classname="AccessibilityOptionsTests" runstate="Runnable" seed="1675575451" result="Passed" start-time="2026-07-11 03:02:04Z" end-time="2026-07-11 03:02:04Z" duration="0.000440" asserts="0">
          <properties>
            <property name="retryIteration" value="0" />
            <property name="repeatIteration" value="0" />
          </properties>
        </test-case>
        <test-case id="1003" name="Volumes_PersistAsPercent_AndClamp" fullname="AccessibilityOptionsTests.Volumes_PersistAsPercent_AndClamp" methodname="Volumes_PersistAsPercent_AndClamp" classname="AccessibilityOptionsTests" runstate="Runnable" seed="504167705" result="Passed" start-time="2026-07-11 03:02:04Z" end-time="2026-07-11 03:02:04Z" duration="0.000116" asserts="0">
          <properties>
            <property name="retryIteration" value="0" />
            <property name="repeatIteration" value="0" />
          </properties>
        </test-case>
      </test-suite>
      <test-suite type="TestFixture" id="1006" name="AcousticMathTests" fullname="AcousticMathTests" classname="AcousticMathTests" runstate="Runnable" testcasecount="2" result="Passed" start-time="2026-07-11 03:02:04Z" end-time="2026-07-11 03:02:04Z" duration="0.004018" total="2" passed="2" failed="0" inconclusive="0" skipped="0" asserts="0">
        <properties />
        <test-case id="1007" name="EventGain_FullInsideWindowZeroOutside" fullname="AcousticMathTests.EventGain_FullInsideWindowZeroOutside" methodname="EventGain_FullInsideWindowZeroOutside" classname="AcousticMathTests" runstate="Runnable" seed="1239160055" result="Passed" start-time="2026-07-11 03:02:04Z" end-time="2026-07-11 03:02:04Z" duration="0.000146" asserts="0">
          <properties>
            <property name="retryIteration" value="0" />
            <property name="repeatIteration" value="0" />
          </properties>
        </test-case>
        <test-case id="1008" name="EventGain_RampValuesExactAtEdgeOffsets" fullname="AcousticMathTests.EventGain_RampValuesExactAtEdgeOffsets" methodname="EventGain_RampValuesExactAtEdgeOffsets" classname="AcousticMathTests" runstate="Runnable" seed="1835717938" result="Passed" start-time="2026-07-11 03:02:04Z" end-time="2026-07-11 03:02:04Z" duration="0.000107" asserts="0">
          <properties>
            <property name="retryIteration" value="0" />
            <property name="repeatIteration" value="0" />
          </properties>
        </test-case>
      </test-suite>
      <test-suite type="TestFixture" id="1009" name="AngleBundleRuntimeTests" fullname="AngleBundleRuntimeTests" classname="AngleBundleRuntimeTests" runstate="Runnable" testcasecount="6" result="Passed" start-time="2026-07-11 03:02:04Z" end-time="2026-07-11 03:02:04Z" duration="0.014262" total="6" passed="6" failed="0" inconclusive="0" skipped="0" asserts="0">
        <properties />
        <test-case id="1011" name="CauseMixes_ParseAndRoughlySumToOne" fullname="AngleBundleRuntimeTests.CauseMixes_ParseAndRoughlySumToOne" methodname="CauseMixes_ParseAndRoughlySumToOne" classname="AngleBundleRuntimeTests" runstate="Runnable" seed="1924977242" result="Passed" start-time="2026-07-11 03:02:04Z" end-time="2026-07-11 03:02:04Z" duration="0.011544" asserts="0">
          <properties>
            <property name="retryIteration" value="0" />
            <property name="repeatIteration" value="0" />
          </properties>
        </test-case>
        <test-case id="1015" name="Load_MissingFileThrows" fullname="AngleBundleRuntimeTests.Load_MissingFileThrows" methodname="Load_MissingFileThrows" classname="AngleBundleRuntimeTests" runstate="Runnable" seed="1693473209" result="Passed" start-time="2026-07-11 03:02:04Z" end-time="2026-07-11 03:02:04Z" duration="0.000497" asserts="0">
          <properties>
            <property name="retryIteration" value="0" />
            <property name="repeatIteration" value="0" />
          </properties>
        </test-case>
        <test-case id="1010" name="Load_ParsesUnitsSegmentsAndTracks" fullname="AngleBundleRuntimeTests.Load_ParsesUnitsSegmentsAndTracks" methodname="Load_ParsesUnitsSegmentsAndTracks" classname="AngleBundleRuntimeTests" runstate="Runnable" seed="1664770532" result="Passed" start-time="2026-07-11 03:02:04Z" end-time="2026-07-11 03:02:04Z" duration="0.000381" asserts="0">
          <properties>
            <property name="retryIteration" value="0" />
            <property name="repeatIteration" value="0" />
          </properties>
        </test-case>
        <test-case id="1012" name="PositionAt_InterpolatesBetweenSeconds" fullname="AngleBundleRuntimeTests.PositionAt_InterpolatesBetweenSeconds" methodname="PositionAt_InterpolatesBetweenSeconds" classname="AngleBundleRuntimeTests" runstate="Runnable" seed="8001587" result="Passed" start-time="2026-07-11 03:02:04Z" end-time="2026-07-11 03:02:04Z" duration="0.000280" asserts="0">
          <properties>
            <property name="retryIteration" value="0" />
            <property name="repeatIteration" value="0" />
          </properties>
        </test-case>
        <test-case id="1013" name="SegmentAt_ReturnsTheActiveSegment" fullname="AngleBundleRuntimeTests.SegmentAt_ReturnsTheActiveSegment" methodname="SegmentAt_ReturnsTheActiveSegment" classname="AngleBundleRuntimeTests" runstate="Runnable" seed="328090451" result="Passed" start-time="2026-07-11 03:02:04Z" end-time="2026-07-11 03:02:04Z" duration="0.000145" asserts="0">
          <properties>
            <property name="retryIteration" value="0" />
            <property name="repeatIteration" value="0" />
          </properties>
        </test-case>
        <test-case id="1014" name="Validate_RejectsMalformedBundles" fullname="AngleBundleRuntimeTests.Validate_RejectsMalformedBundles" methodname="Validate_RejectsMalformedBundles" classname="AngleBundleRuntimeTests" runstate="Runnable" seed="2042987843" result="Passed" start-time="2026-07-11 03:02:04Z" end-time="2026-07-11 03:02:04Z" duration="0.000127" asserts="0">
          <properties>
            <property name="retryIteration" value="0" />
            <property name="repeatIteration" value="0" />
          </properties>
        </test-case>
      </test-suite>
      <test-suite type="TestFixture" id="1016" name="AngleBundleTests" fullname="AngleBundleTests" classname="AngleBundleTests" runstate="Runnable" testcasecount="5" result="Passed" start-time="2026-07-11 03:02:04Z" end-time="2026-07-11 03:02:04Z" duration="0.043762" total="5" passed="5" failed="0" inconclusive="0" skipped="0" asserts="0">
        <properties />
        <test-case id="1020" name="Bundle_ContainsTheEightNamedAngleUnits" fullname="AngleBundleTests.Bundle_ContainsTheEightNamedAngleUnits" methodname="Bundle_ContainsTheEightNamedAngleUnits" classname="AngleBundleTests" runstate="Runnable" seed="279946948" result="Passed" start-time="2026-07-11 03:02:04Z" end-time="2026-07-11 03:02:04Z" duration="0.008039" asserts="0">
          <properties>
            <property name="retryIteration" value="0" />
            <property name="repeatIteration" value="0" />
          </properties>
        </test-case>
        <test-case id="1021" name="Bundle_DoesNotTouchTheMacroBattleFile" fullname="AngleBundleTests.Bundle_DoesNotTouchTheMacroBattleFile" methodname="Bundle_DoesNotTouchTheMacroBattleFile" classname="AngleBundleTests" runstate="Runnable" seed="1859630706" result="Passed" start-time="2026-07-11 03:02:04Z" end-time="2026-07-11 03:02:04Z" duration="0.021764" asserts="0">
          <properties>
            <property name="retryIteration" value="0" />
            <property name="repeatIteration" value="0" />
          </properties>
        </test-case>
        <test-case id="1017" name="Bundle_ExistsInProject" fullname="AngleBundleTests.Bundle_ExistsInProject" methodname="Bundle_ExistsInProject" classname="AngleBundleTests" runstate="Runnable" seed="1685398169" result="Passed" start-time="2026-07-11 03:02:04Z" end-time="2026-07-11 03:02:04Z" duration="0.000199" asserts="0">
          <properties>
            <property name="retryIteration" value="0" />
            <property name="repeatIteration" value="0" />
          </properties>
        </test-case>
        <test-case id="1018" name="Bundle_HeaderParses_AndCoversTheAngleSlice" fullname="AngleBundleTests.Bundle_HeaderParses_AndCoversTheAngleSlice" methodname="Bundle_HeaderParses_AndCoversTheAngleSlice" classname="AngleBundleTests" runstate="Runnable" seed="582820122" result="Passed" start-time="2026-07-11 03:02:04Z" end-time="2026-07-11 03:02:04Z" duration="0.005953" asserts="0">
          <properties>
            <property name="retryIteration" value="0" />
            <property name="repeatIteration" value="0" />
          </properties>
        </test-case>
        <test-case id="1019" name="Bundle_StagingSeed_IsPinnedAtTheShippedValue" fullname="AngleBundleTests.Bundle_StagingSeed_IsPinnedAtTheShippedValue" methodname="Bundle_StagingSeed_IsPinnedAtTheShippedValue" classname="AngleBundleTests" runstate="Runnable" seed="2023680285" result="Passed" start-time="2026-07-11 03:02:04Z" end-time="2026-07-11 03:02:04Z" duration="0.006403" asserts="0">
          <properties>
            <property name="retryIteration" value="0" />
            <property name="repeatIteration" value="0" />
          </properties>
        </test-case>
      </test-suite>
      <test-suite type="TestFixture" id="1022" name="AtlasHudModelTests" fullname="AtlasHudModelTests" classname="AtlasHudModelTests" runstate="Runnable" testcasecount="13" result="Passed" start-time="2026-07-11 03:02:04Z" end-time="2026-07-11 03:02:04Z" duration="0.007317" total="13" passed="13" failed="0" inconclusive="0" skipped="0" asserts="0">
        <properties />
        <test-case id="1035" name="CommittedMomentsFile_ParsesAndBracketsTheSlice" fullname="AtlasHudModelTests.CommittedMomentsFile_ParsesAndBracketsTheSlice" methodname="CommittedMomentsFile_ParsesAndBracketsTheSlice" classname="AtlasHudModelTests" runstate="Runnable" seed="470277293" result="Passed" start-time="2026-07-11 03:02:04Z" end-time="2026-07-11 03:02:04Z" duration="0.001359" asserts="0">
          <properties>
            <property name="retryIteration" value="0" />
            <property name="repeatIteration" value="0" />
          </properties>
        </test-case>
        <test-case id="1028" name="CompassWord_EightPointTable" fullname="AtlasHudModelTests.CompassWord_EightPointTable" methodname="CompassWord_EightPointTable" classname="AtlasHudModelTests" runstate="Runnable" seed="372276807" result="Passed" start-time="2026-07-11 03:02:04Z" end-time="2026-07-11 03:02:04Z" duration="0.000250" asserts="0">
          <properties>
            <property name="retryIteration" value="0" />
            <property name="repeatIteration" value="0" />
          </properties>
        </test-case>
        <test-case id="1027" name="ConditionsLine_WindAndCalm" fullname="AtlasHudModelTests.ConditionsLine_WindAndCalm" methodname="ConditionsLine_WindAndCalm" classname="AtlasHudModelTests" runstate="Runnable" seed="759783182" result="Passed" start-time="2026-07-11 03:02:04Z" end-time="2026-07-11 03:02:04Z" duration="0.001140" asserts="0">
          <properties>
            <property name="retryIteration" value="0" />
            <property name="repeatIteration" value="0" />
          </properties>
        </test-case>
        <test-case id="1026" name="DayContext_TrimsParentheticalQualifier" fullname="AtlasHudModelTests.DayContext_TrimsParentheticalQualifier" methodname="DayContext_TrimsParentheticalQualifier" classname="AtlasHudModelTests" runstate="Runnable" seed="926594293" result="Passed" start-time="2026-07-11 03:02:04Z" end-time="2026-07-11 03:02:04Z" duration="0.000118" asserts="0">
          <properties>
            <property name="retryIteration" value="0" />
            <property name="repeatIteration" value="0" />
          </properties>
        </test-case>
        <test-case id="1030" name="DevelopmentFlag_DefaultsFalseFromJson" fullname="AtlasHudModelTests.DevelopmentFlag_DefaultsFalseFromJson" methodname="DevelopmentFlag_DefaultsFalseFromJson" classname="AtlasHudModelTests" runstate="Runnable" seed="332313161" result="Passed" start-time="2026-07-11 03:02:04Z" end-time="2026-07-11 03:02:04Z" duration="0.000365" asserts="0">
          <properties>
            <property name="retryIteration" value="0" />
            <property name="repeatIteration" value="0" />
          </properties>
        </test-case>
        <test-case id="1029" name="EntryMarker_OnlyInsideWindow_AndNeverForDevelopment" fullname="AtlasHudModelTests.EntryMarker_OnlyInsideWindow_AndNeverForDevelopment" methodname="EntryMarker_OnlyInsideWindow_AndNeverForDevelopment" classname="AtlasHudModelTests" runstate="Runnable" seed="825544941" result="Passed" start-time="2026-07-11 03:02:04Z" end-time="2026-07-11 03:02:04Z" duration="0.000154" asserts="0">
          <properties>
            <property name="retryIteration" value="0" />
            <property name="repeatIteration" value="0" />
          </properties>
        </test-case>
        <test-case id="1033" name="Moments_ParseAndPhaseAt" fullname="AtlasHudModelTests.Moments_ParseAndPhaseAt" methodname="Moments_ParseAndPhaseAt" classname="AtlasHudModelTests" runstate="Runnable" seed="665469923" result="Passed" start-time="2026-07-11 03:02:04Z" end-time="2026-07-11 03:02:04Z" duration="0.000323" asserts="0">
          <properties>
            <property name="retryIteration" value="0" />
            <property name="repeatIteration" value="0" />
          </properties>
        </test-case>
        <test-case id="1034" name="Moments_RejectMissingCitationAndDisorder" fullname="AtlasHudModelTests.Moments_RejectMissingCitationAndDisorder" methodname="Moments_RejectMissingCitationAndDisorder" classname="AtlasHudModelTests" runstate="Runnable" seed="738876476" result="Passed" start-time="2026-07-11 03:02:04Z" end-time="2026-07-11 03:02:04Z" duration="0.000244" asserts="0">
          <properties>
            <property name="retryIteration" value="0" />
            <property name="repeatIteration" value="0" />
          </properties>
        </test-case>
        <test-case id="1032" name="SettleIndicator_OnlyAfterThreshold" fullname="AtlasHudModelTests.SettleIndicator_OnlyAfterThreshold" methodname="SettleIndicator_OnlyAfterThreshold" classname="AtlasHudModelTests" runstate="Runnable" seed="562021962" result="Passed" start-time="2026-07-11 03:02:04Z" end-time="2026-07-11 03:02:04Z" duration="0.000079" asserts="0">
          <properties>
            <property name="retryIteration" value="0" />
            <property name="repeatIteration" value="0" />
          </properties>
        </test-case>
        <test-case id="1024" name="SoldierViewSpeedLabel_SaysForcedSpeedAndPausedState" fullname="AtlasHudModelTests.SoldierViewSpeedLabel_SaysForcedSpeedAndPausedState" methodname="SoldierViewSpeedLabel_SaysForcedSpeedAndPausedState" classname="AtlasHudModelTests" runstate="Runnable" seed="695401695" result="Passed" start-time="2026-07-11 03:02:04Z" end-time="2026-07-11 03:02:04Z" duration="0.000063" asserts="0">
          <properties>
            <property name="retryIteration" value="0" />
            <property name="repeatIteration" value="0" />
          </properties>
        </test-case>
        <test-case id="1023" name="Speeds_ArePlanSection10Set" fullname="AtlasHudModelTests.Speeds_ArePlanSection10Set" methodname="Speeds_ArePlanSection10Set" classname="AtlasHudModelTests" runstate="Runnable" seed="1957897581" result="Passed" start-time="2026-07-11 03:02:04Z" end-time="2026-07-11 03:02:04Z" duration="0.000267" asserts="0">
          <properties>
            <property name="retryIteration" value="0" />
            <property name="repeatIteration" value="0" />
          </properties>
        </test-case>
        <test-case id="1025" name="TimelineFraction_ClampsAndScales" fullname="AtlasHudModelTests.TimelineFraction_ClampsAndScales" methodname="TimelineFraction_ClampsAndScales" classname="AtlasHudModelTests" runstate="Runnable" seed="589115676" result="Passed" start-time="2026-07-11 03:02:04Z" end-time="2026-07-11 03:02:04Z" duration="0.000093" asserts="0">
          <properties>
            <property name="retryIteration" value="0" />
            <property name="repeatIteration" value="0" />
          </properties>
        </test-case>
        <test-case id="1031" name="WindowBand_FractionsAlongTimeline" fullname="AtlasHudModelTests.WindowBand_FractionsAlongTimeline" methodname="WindowBand_FractionsAlongTimeline" classname="AtlasHudModelTests" runstate="Runnable" seed="1369195012" result="Passed" start-time="2026-07-11 03:02:04Z" end-time="2026-07-11 03:02:04Z" duration="0.000101" asserts="0">
          <properties>
            <property name="retryIteration" value="0" />
            <property name="repeatIteration" value="0" />
          </properties>
        </test-case>
      </test-suite>
      <test-suite type="TestFixture" id="1036" name="AtlasUiAssetTests" fullname="AtlasUiAssetTests" classname="AtlasUiAssetTests" runstate="Runnable" testcasecount="5" result="Passed" start-time="2026-07-11 03:02:04Z" end-time="2026-07-11 03:02:05Z" duration="0.109211" total="5" passed="5" failed="0" inconclusive="0" skipped="0" asserts="0">
        <properties />
        <test-case id="1041" name="AtlasScene_NoLongerReferencesTimelineHud" fullname="AtlasUiAssetTests.AtlasScene_NoLongerReferencesTimelineHud" methodname="AtlasScene_NoLongerReferencesTimelineHud" classname="AtlasUiAssetTests" runstate="Runnable" seed="1810610932" result="Passed" start-time="2026-07-11 03:02:04Z" end-time="2026-07-11 03:02:05Z" duration="0.044293" asserts="0">
          <properties>
            <property name="retryIteration" value="0" />
            <property name="repeatIteration" value="0" />
          </properties>
        </test-case>
        <test-case id="1037" name="PanelSettings_ExistsAndWiredToTheme" fullname="AtlasUiAssetTests.PanelSettings_ExistsAndWiredToTheme" methodname="PanelSettings_ExistsAndWiredToTheme" classname="AtlasUiAssetTests" runstate="Runnable" seed="232930523" result="Passed" start-time="2026-07-11 03:02:05Z" end-time="2026-07-11 03:02:05Z" duration="0.012212" asserts="0">
          <properties>
            <property name="retryIteration" value="0" />
            <property name="repeatIteration" value="0" />
          </properties>
        </test-case>
        <test-case id="1039" name="StyleSheet_Exists" fullname="AtlasUiAssetTests.StyleSheet_Exists" methodname="StyleSheet_Exists" classname="AtlasUiAssetTests" runstate="Runnable" seed="1092678191" result="Passed" start-time="2026-07-11 03:02:05Z" end-time="2026-07-11 03:02:05Z" duration="0.001369" asserts="0">
          <properties>
            <property name="retryIteration" value="0" />
            <property name="repeatIteration" value="0" />
          </properties>
        </test-case>
        <test-case id="1040" name="StyleSheet_HonorsTheReadableTextFloor" fullname="AtlasUiAssetTests.StyleSheet_HonorsTheReadableTextFloor" methodname="StyleSheet_HonorsTheReadableTextFloor" classname="AtlasUiAssetTests" runstate="Runnable" seed="1599847978" result="Passed" start-time="2026-07-11 03:02:05Z" end-time="2026-07-11 03:02:05Z" duration="0.001425" asserts="0">
          <properties>
            <property name="retryIteration" value="0" />
            <property name="repeatIteration" value="0" />
          </properties>
        </test-case>
        <test-case id="1038" name="VisualTree_CarriesThePlanSection10Surface" fullname="AtlasUiAssetTests.VisualTree_CarriesThePlanSection10Surface" methodname="VisualTree_CarriesThePlanSection10Surface" classname="AtlasUiAssetTests" runstate="Runnable" seed="1598514285" result="Passed" start-time="2026-07-11 03:02:05Z" end-time="2026-07-11 03:02:05Z" duration="0.048211" asserts="0">
          <properties>
            <property name="retryIteration" value="0" />
            <property name="repeatIteration" value="0" />
          </properties>
        </test-case>
      </test-suite>
      <test-suite type="TestFixture" id="1042" name="AudioSynthTests" fullname="AudioSynthTests" classname="AudioSynthTests" runstate="Runnable" testcasecount="5" result="Passed" start-time="2026-07-11 03:02:05Z" end-time="2026-07-11 03:02:05Z" duration="0.141330" total="5" passed="5" failed="0" inconclusive="0" skipped="0" asserts="0">
        <properties />
        <test-case id="1043" name="Fills_AreDeterministic" fullname="AudioSynthTests.Fills_AreDeterministic" methodname="Fills_AreDeterministic" classname="AudioSynthTests" runstate="Runnable" seed="1252316539" result="Passed" start-time="2026-07-11 03:02:05Z" end-time="2026-07-11 03:02:05Z" duration="0.048489" asserts="0">
          <properties>
            <property name="retryIteration" value="0" />
            <property name="repeatIteration" value="0" />
          </properties>
        </test-case>
        <test-case id="1045" name="Fills_LandInSaneRmsBand" fullname="AudioSynthTests.Fills_LandInSaneRmsBand" methodname="Fills_LandInSaneRmsBand" classname="AudioSynthTests" runstate="Runnable" seed="1042173958" result="Passed" start-time="2026-07-11 03:02:05Z" end-time="2026-07-11 03:02:05Z" duration="0.024330" asserts="0">
          <properties>
            <property name="retryIteration" value="0" />
            <property name="repeatIteration" value="0" />
          </properties>
        </test-case>
        <test-case id="1044" name="Fills_StayWithinUnitRange" fullname="AudioSynthTests.Fills_StayWithinUnitRange" methodname="Fills_StayWithinUnitRange" classname="AudioSynthTests" runstate="Runnable" seed="1385162778" result="Passed" start-time="2026-07-11 03:02:05Z" end-time="2026-07-11 03:02:05Z" duration="0.022771" asserts="0">
          <properties>
            <property name="retryIteration" value="0" />
            <property name="repeatIteration" value="0" />
          </properties>
        </test-case>
        <test-case id="1047" name="Loops_AreSeamContinuous" fullname="AudioSynthTests.Loops_AreSeamContinuous" methodname="Loops_AreSeamContinuous" classname="AudioSynthTests" runstate="Runnable" seed="1126904066" result="Passed" start-time="2026-07-11 03:02:05Z" end-time="2026-07-11 03:02:05Z" duration="0.024042" asserts="0">
          <properties>
            <property name="retryIteration" value="0" />
            <property name="repeatIteration" value="0" />
          </properties>
        </test-case>
        <test-case id="1046" name="Rumble_HasFewerZeroCrossingsThanCrackle" fullname="AudioSynthTests.Rumble_HasFewerZeroCrossingsThanCrackle" methodname="Rumble_HasFewerZeroCrossingsThanCrackle" classname="AudioSynthTests" runstate="Runnable" seed="943136219" result="Passed" start-time="2026-07-11 03:02:05Z" end-time="2026-07-11 03:02:05Z" duration="0.016279" asserts="0">
          <properties>
            <property name="retryIteration" value="0" />
            <property name="repeatIteration" value="0" />
          </properties>
        </test-case>
      </test-suite>
      <test-suite type="TestSuite" id="1413" name="BattleAtlas" fullname="BattleAtlas" runstate="Runnable" testcasecount="55" result="Skipped" label="Ignored" start-time="2026-07-11 03:02:05Z" end-time="2026-07-11 03:02:06Z" duration="1.027754" total="55" passed="54" failed="0" inconclusive="0" skipped="1" asserts="0">
        <properties />
        <reason>
          <message><![CDATA[One or more child tests were ignored]]></message>
        </reason>
        <test-suite type="TestSuite" id="1414" name="Tests" fullname="BattleAtlas.Tests" runstate="Runnable" testcasecount="55" result="Skipped" label="Ignored" start-time="2026-07-11 03:02:05Z" end-time="2026-07-11 03:02:06Z" duration="1.026585" total="55" passed="54" failed="0" inconclusive="0" skipped="1" asserts="0">
          <properties />
          <reason>
            <message><![CDATA[One or more child tests were ignored]]></message>
          </reason>
          <test-suite type="TestFixture" id="1351" name="AngleBakeoffLayoutTests" fullname="BattleAtlas.Tests.AngleBakeoffLayoutTests" classname="BattleAtlas.Tests.AngleBakeoffLayoutTests" runstate="Runnable" testcasecount="7" result="Passed" start-time="2026-07-11 03:02:05Z" end-time="2026-07-11 03:02:05Z" duration="0.076450" total="7" passed="7" failed="0" inconclusive="0" skipped="0" asserts="0">
            <properties />
            <test-case id="1358" name="CamerasAreTheThreeCanonicalFrames" fullname="BattleAtlas.Tests.AngleBakeoffLayoutTests.CamerasAreTheThreeCanonicalFrames" methodname="CamerasAreTheThreeCanonicalFrames" classname="BattleAtlas.Tests.AngleBakeoffLayoutTests" runstate="Runnable" seed="2017676970" result="Passed" start-time="2026-07-11 03:02:05Z" end-time="2026-07-11 03:02:05Z" duration="0.001044" asserts="0">
              <properties>
                <property name="retryIteration" value="0" />
                <property name="repeatIteration" value="0" />
              </properties>
            </test-case>
            <test-case id="1352" name="ComparisonMomentIs1520LocalMeanTime" fullname="BattleAtlas.Tests.AngleBakeoffLayoutTests.ComparisonMomentIs1520LocalMeanTime" methodname="ComparisonMomentIs1520LocalMeanTime" classname="BattleAtlas.Tests.AngleBakeoffLayoutTests" runstate="Runnable" seed="364484800" result="Passed" start-time="2026-07-11 03:02:05Z" end-time="2026-07-11 03:02:05Z" duration="0.000352" asserts="0">
              <properties>
                <property name="retryIteration" value="0" />
                <property name="repeatIteration" value="0" />
              </properties>
            </test-case>
            <test-case id="1355" name="EverythingStaysInsideTheCrop" fullname="BattleAtlas.Tests.AngleBakeoffLayoutTests.EverythingStaysInsideTheCrop" methodname="EverythingStaysInsideTheCrop" classname="BattleAtlas.Tests.AngleBakeoffLayoutTests" runstate="Runnable" seed="2012116105" result="Passed" start-time="2026-07-11 03:02:05Z" end-time="2026-07-11 03:02:05Z" duration="0.071296" asserts="0">
              <properties>
                <property name="retryIteration" value="0" />
                <property name="repeatIteration" value="0" />
              </properties>
            </test-case>
            <test-case id="1353" name="ExactlyOneHundredSoldiers" fullname="BattleAtlas.Tests.AngleBakeoffLayoutTests.ExactlyOneHundredSoldiers" methodname="ExactlyOneHundredSoldiers" classname="BattleAtlas.Tests.AngleBakeoffLayoutTests" runstate="Runnable" seed="2136691794" result="Passed" start-time="2026-07-11 03:02:05Z" end-time="2026-07-11 03:02:05Z" duration="0.000124" asserts="0">
              <properties>
                <property name="retryIteration" value="0" />
                <property name="repeatIteration" value="0" />
              </properties>
            </test-case>
            <test-case id="1356" name="SmokeIsPresentAndDeterministic" fullname="BattleAtlas.Tests.AngleBakeoffLayoutTests.SmokeIsPresentAndDeterministic" methodname="SmokeIsPresentAndDeterministic" classname="BattleAtlas.Tests.AngleBakeoffLayoutTests" runstate="Runnable" seed="81392780" result="Passed" start-time="2026-07-11 03:02:05Z" end-time="2026-07-11 03:02:05Z" duration="0.000608" asserts="0">
              <properties>
                <property name="retryIteration" value="0" />
                <property name="repeatIteration" value="0" />
              </properties>
            </test-case>
            <test-case id="1354" name="SoldiersAreDeterministic" fullname="BattleAtlas.Tests.AngleBakeoffLayoutTests.SoldiersAreDeterministic" methodname="SoldiersAreDeterministic" classname="BattleAtlas.Tests.AngleBakeoffLayoutTests" runstate="Runnable" seed="1934544211" result="Passed" start-time="2026-07-11 03:02:05Z" end-time="2026-07-11 03:02:05Z" duration="0.000620" asserts="0">
              <properties>
                <property name="retryIteration" value="0" />
                <property name="repeatIteration" value="0" />
              </properties>
            </test-case>
            <test-case id="1357" name="WallSegmentsFollowTheAnglePolyline" fullname="BattleAtlas.Tests.AngleBakeoffLayoutTests.WallSegmentsFollowTheAnglePolyline" methodname="WallSegmentsFollowTheAnglePolyline" classname="BattleAtlas.Tests.AngleBakeoffLayoutTests" runstate="Runnable" seed="1233406807" result="Passed" start-time="2026-07-11 03:02:05Z" end-time="2026-07-11 03:02:05Z" duration="0.001148" asserts="0">
              <properties>
                <property name="retryIteration" value="0" />
                <property name="repeatIteration" value="0" />
              </properties>
            </test-case>
          </test-suite>
          <test-suite type="TestFixture" id="1359" name="AngleEnvironmentTests" fullname="BattleAtlas.Tests.AngleEnvironmentTests" classname="BattleAtlas.Tests.AngleEnvironmentTests" runstate="Runnable" testcasecount="12" result="Passed" start-time="2026-07-11 03:02:05Z" end-time="2026-07-11 03:02:05Z" duration="0.693820" total="12" passed="12" failed="0" inconclusive="0" skipped="0" asserts="0">
            <properties />
            <test-case id="1368" name="BakedEnvironmentMatchesTheCropWindow" fullname="BattleAtlas.Tests.AngleEnvironmentTests.BakedEnvironmentMatchesTheCropWindow" methodname="BakedEnvironmentMatchesTheCropWindow" classname="BattleAtlas.Tests.AngleEnvironmentTests" runstate="Runnable" seed="1772250926" result="Passed" start-time="2026-07-11 03:02:05Z" end-time="2026-07-11 03:02:05Z" duration="0.003585" asserts="0">
              <properties>
                <property name="retryIteration" value="0" />
                <property name="repeatIteration" value="0" />
              </properties>
            </test-case>
            <test-case id="1370" name="BakedGeometryConvertsToCropLocalInsideTheTile" fullname="BattleAtlas.Tests.AngleEnvironmentTests.BakedGeometryConvertsToCropLocalInsideTheTile" methodname="BakedGeometryConvertsToCropLocalInsideTheTile" classname="BattleAtlas.Tests.AngleEnvironmentTests" runstate="Runnable" seed="1525632552" result="Passed" start-time="2026-07-11 03:02:05Z" end-time="2026-07-11 03:02:05Z" duration="0.000659" asserts="0">
              <properties>
                <property name="retryIteration" value="0" />
                <property name="repeatIteration" value="0" />
              </properties>
            </test-case>
            <test-case id="1369" name="BakedSplatRasterMatchesItsDescriptor" fullname="BattleAtlas.Tests.AngleEnvironmentTests.BakedSplatRasterMatchesItsDescriptor" methodname="BakedSplatRasterMatchesItsDescriptor" classname="BattleAtlas.Tests.AngleEnvironmentTests" runstate="Runnable" seed="1103923979" result="Passed" start-time="2026-07-11 03:02:05Z" end-time="2026-07-11 03:02:05Z" duration="0.667955" asserts="0">
              <properties>
                <property name="retryIteration" value="0" />
                <property name="repeatIteration" value="0" />
              </properties>
            </test-case>
            <test-case id="1371" name="BakedWheatClumpsStayInsideTheirPolygonAndClass" fullname="BattleAtlas.Tests.AngleEnvironmentTests.BakedWheatClumpsStayInsideTheirPolygonAndClass" methodname="BakedWheatClumpsStayInsideTheirPolygonAndClass" classname="BattleAtlas.Tests.AngleEnvironmentTests" runstate="Runnable" seed="1803542029" result="Passed" start-time="2026-07-11 03:02:05Z" end-time="2026-07-11 03:02:05Z" duration="0.014595" asserts="0">
              <properties>
                <property name="retryIteration" value="0" />
                <property name="repeatIteration" value="0" />
              </properties>
            </test-case>
            <test-case id="1364" name="CarveDepthEasesFromFullToZero" fullname="BattleAtlas.Tests.AngleEnvironmentTests.CarveDepthEasesFromFullToZero" methodname="CarveDepthEasesFromFullToZero" classname="BattleAtlas.Tests.AngleEnvironmentTests" runstate="Runnable" seed="601520141" result="Passed" start-time="2026-07-11 03:02:05Z" end-time="2026-07-11 03:02:05Z" duration="0.000696" asserts="0">
              <properties>
                <property name="retryIteration" value="0" />
                <property name="repeatIteration" value="0" />
              </properties>
            </test-case>
            <test-case id="1360" name="ClassWeightsAreAPartitionForEveryClass" fullname="BattleAtlas.Tests.AngleEnvironmentTests.ClassWeightsAreAPartitionForEveryClass" methodname="ClassWeightsAreAPartitionForEveryClass" classname="BattleAtlas.Tests.AngleEnvironmentTests" runstate="Runnable" seed="1969190519" result="Passed" start-time="2026-07-11 03:02:05Z" end-time="2026-07-11 03:02:05Z" duration="0.000431" asserts="0">
              <properties>
                <property name="retryIteration" value="0" />
                <property name="repeatIteration" value="0" />
              </properties>
            </test-case>
            <test-case id="1361" name="ClassWeightsRejectsUnknownClass" fullname="BattleAtlas.Tests.AngleEnvironmentTests.ClassWeightsRejectsUnknownClass" methodname="ClassWeightsRejectsUnknownClass" classname="BattleAtlas.Tests.AngleEnvironmentTests" runstate="Runnable" seed="1752383993" result="Passed" start-time="2026-07-11 03:02:05Z" end-time="2026-07-11 03:02:05Z" duration="0.000226" asserts="0">
              <properties>
                <property name="retryIteration" value="0" />
                <property name="repeatIteration" value="0" />
              </properties>
            </test-case>
            <test-case id="1367" name="EnvironmentPropsArePresent" fullname="BattleAtlas.Tests.AngleEnvironmentTests.EnvironmentPropsArePresent" methodname="EnvironmentPropsArePresent" classname="BattleAtlas.Tests.AngleEnvironmentTests" runstate="Runnable" seed="487174948" result="Passed" start-time="2026-07-11 03:02:05Z" end-time="2026-07-11 03:02:05Z" duration="0.000195" asserts="0">
              <properties>
                <property name="retryIteration" value="0" />
                <property name="repeatIteration" value="0" />
              </properties>
            </test-case>
            <test-case id="1365" name="FlatPointsParserRejectsOddLengths" fullname="BattleAtlas.Tests.AngleEnvironmentTests.FlatPointsParserRejectsOddLengths" methodname="FlatPointsParserRejectsOddLengths" classname="BattleAtlas.Tests.AngleEnvironmentTests" runstate="Runnable" seed="122105604" result="Passed" start-time="2026-07-11 03:02:05Z" end-time="2026-07-11 03:02:05Z" duration="0.000447" asserts="0">
              <properties>
                <property name="retryIteration" value="0" />
                <property name="repeatIteration" value="0" />
              </properties>
            </test-case>
            <test-case id="1366" name="PaletteTexturesArePresent" fullname="BattleAtlas.Tests.AngleEnvironmentTests.PaletteTexturesArePresent" methodname="PaletteTexturesArePresent" classname="BattleAtlas.Tests.AngleEnvironmentTests" runstate="Runnable" seed="110008208" result="Passed" start-time="2026-07-11 03:02:05Z" end-time="2026-07-11 03:02:05Z" duration="0.000159" asserts="0">
              <properties>
                <property name="retryIteration" value="0" />
                <property name="repeatIteration" value="0" />
              </properties>
            </test-case>
            <test-case id="1362" name="PostAndRailIsDeterministicAndOnTheLine" fullname="BattleAtlas.Tests.AngleEnvironmentTests.PostAndRailIsDeterministicAndOnTheLine" methodname="PostAndRailIsDeterministicAndOnTheLine" classname="BattleAtlas.Tests.AngleEnvironmentTests" runstate="Runnable" seed="1378165233" result="Passed" start-time="2026-07-11 03:02:05Z" end-time="2026-07-11 03:02:05Z" duration="0.002118" asserts="0">
              <properties>
                <property name="retryIteration" value="0" />
                <property name="repeatIteration" value="0" />
              </properties>
            </test-case>
            <test-case id="1363" name="WormFenceZigzagsAroundTheTracedLine" fullname="BattleAtlas.Tests.AngleEnvironmentTests.WormFenceZigzagsAroundTheTracedLine" methodname="WormFenceZigzagsAroundTheTracedLine" classname="BattleAtlas.Tests.AngleEnvironmentTests" runstate="Runnable" seed="168120784" result="Passed" start-time="2026-07-11 03:02:05Z" end-time="2026-07-11 03:02:05Z" duration="0.000753" asserts="0">
              <properties>
                <property name="retryIteration" value="0" />
                <property name="repeatIteration" value="0" />
              </properties>
            </test-case>
          </test-suite>
          <test-suite type="TestFixture" id="1372" name="AngleTerrainFrameTests" fullname="BattleAtlas.Tests.AngleTerrainFrameTests" classname="BattleAtlas.Tests.AngleTerrainFrameTests" runstate="Runnable" testcasecount="9" result="Passed" start-time="2026-07-11 03:02:05Z" end-time="2026-07-11 03:02:05Z" duration="0.002741" total="9" passed="9" failed="0" inconclusive="0" skipped="0" asserts="0">
            <properties />
            <test-case id="1375" name="ArmisteadWallCrossingRoundTrips" fullname="BattleAtlas.Tests.AngleTerrainFrameTests.ArmisteadWallCrossingRoundTrips" methodname="ArmisteadWallCrossingRoundTrips" classname="BattleAtlas.Tests.AngleTerrainFrameTests" runstate="Runnable" seed="512963222" result="Passed" start-time="2026-07-11 03:02:05Z" end-time="2026-07-11 03:02:05Z" duration="0.000245" asserts="0">
              <properties>
                <property name="retryIteration" value="0" />
                <property name="repeatIteration" value="0" />
              </properties>
            </test-case>
            <test-case id="1374" name="CropOriginMapsToCropWindowCorner" fullname="BattleAtlas.Tests.AngleTerrainFrameTests.CropOriginMapsToCropWindowCorner" methodname="CropOriginMapsToCropWindowCorner" classname="BattleAtlas.Tests.AngleTerrainFrameTests" runstate="Runnable" seed="2109516720" result="Passed" start-time="2026-07-11 03:02:05Z" end-time="2026-07-11 03:02:05Z" duration="0.000075" asserts="0">
              <properties>
                <property name="retryIteration" value="0" />
                <property name="repeatIteration" value="0" />
              </properties>
            </test-case>
            <test-case id="1377" name="CropTileUtmOriginAgreesWithMacroFrame" fullname="BattleAtlas.Tests.AngleTerrainFrameTests.CropTileUtmOriginAgreesWithMacroFrame" methodname="CropTileUtmOriginAgreesWithMacroFrame" classname="BattleAtlas.Tests.AngleTerrainFrameTests" runstate="Runnable" seed="547050426" result="Passed" start-time="2026-07-11 03:02:05Z" end-time="2026-07-11 03:02:05Z" duration="0.000121" asserts="0">
              <properties>
                <property name="retryIteration" value="0" />
                <property name="repeatIteration" value="0" />
              </properties>
            </test-case>
            <test-case id="1373" name="FixtureParses" fullname="BattleAtlas.Tests.AngleTerrainFrameTests.FixtureParses" methodname="FixtureParses" classname="BattleAtlas.Tests.AngleTerrainFrameTests" runstate="Runnable" seed="947422064" result="Passed" start-time="2026-07-11 03:02:05Z" end-time="2026-07-11 03:02:05Z" duration="0.000078" asserts="0">
              <properties>
                <property name="retryIteration" value="0" />
                <property name="repeatIteration" value="0" />
              </properties>
            </test-case>
            <test-case id="1376" name="MacroUtmRoundTripStaysSubMillimeter" fullname="BattleAtlas.Tests.AngleTerrainFrameTests.MacroUtmRoundTripStaysSubMillimeter" methodname="MacroUtmRoundTripStaysSubMillimeter" classname="BattleAtlas.Tests.AngleTerrainFrameTests" runstate="Runnable" seed="889268639" result="Passed" start-time="2026-07-11 03:02:05Z" end-time="2026-07-11 03:02:05Z" duration="0.000090" asserts="0">
              <properties>
                <property name="retryIteration" value="0" />
                <property name="repeatIteration" value="0" />
              </properties>
            </test-case>
            <test-case id="1378" name="ValidateTrueScaleAcceptsTheContract" fullname="BattleAtlas.Tests.AngleTerrainFrameTests.ValidateTrueScaleAcceptsTheContract" methodname="ValidateTrueScaleAcceptsTheContract" classname="BattleAtlas.Tests.AngleTerrainFrameTests" runstate="Runnable" seed="1626377286" result="Passed" start-time="2026-07-11 03:02:05Z" end-time="2026-07-11 03:02:05Z" duration="0.000486" asserts="0">
              <properties>
                <property name="retryIteration" value="0" />
                <property name="repeatIteration" value="0" />
              </properties>
            </test-case>
            <test-case id="1380" name="ValidateTrueScaleRejectsCoarseSpacing" fullname="BattleAtlas.Tests.AngleTerrainFrameTests.ValidateTrueScaleRejectsCoarseSpacing" methodname="ValidateTrueScaleRejectsCoarseSpacing" classname="BattleAtlas.Tests.AngleTerrainFrameTests" runstate="Runnable" seed="763269141" result="Passed" start-time="2026-07-11 03:02:05Z" end-time="2026-07-11 03:02:05Z" duration="0.000093" asserts="0">
              <properties>
                <property name="retryIteration" value="0" />
                <property name="repeatIteration" value="0" />
              </properties>
            </test-case>
            <test-case id="1379" name="ValidateTrueScaleRejectsExaggeration" fullname="BattleAtlas.Tests.AngleTerrainFrameTests.ValidateTrueScaleRejectsExaggeration" methodname="ValidateTrueScaleRejectsExaggeration" classname="BattleAtlas.Tests.AngleTerrainFrameTests" runstate="Runnable" seed="617822089" result="Passed" start-time="2026-07-11 03:02:05Z" end-time="2026-07-11 03:02:05Z" duration="0.000073" asserts="0">
              <properties>
                <property name="retryIteration" value="0" />
                <property name="repeatIteration" value="0" />
              </properties>
            </test-case>
            <test-case id="1381" name="ValidateTrueScaleRejectsWrongRowOrder" fullname="BattleAtlas.Tests.AngleTerrainFrameTests.ValidateTrueScaleRejectsWrongRowOrder" methodname="ValidateTrueScaleRejectsWrongRowOrder" classname="BattleAtlas.Tests.AngleTerrainFrameTests" runstate="Runnable" seed="19305422" result="Passed" start-time="2026-07-11 03:02:05Z" end-time="2026-07-11 03:02:05Z" duration="0.000073" asserts="0">
              <properties>
                <property name="retryIteration" value="0" />
                <property name="repeatIteration" value="0" />
              </properties>
            </test-case>
          </test-suite>
          <test-suite type="TestFixture" id="1382" name="GateP6ChoreographyTests" fullname="BattleAtlas.Tests.GateP6ChoreographyTests" classname="BattleAtlas.Tests.GateP6ChoreographyTests" runstate="Runnable" testcasecount="11" result="Passed" start-time="2026-07-11 03:02:05Z" end-time="2026-07-11 03:02:06Z" duration="0.050206" total="11" passed="11" failed="0" inconclusive="0" skipped="0" asserts="0">
            <properties />
            <test-case id="1384" name="Bodies_PersistAndFreeze_AfterFall" fullname="BattleAtlas.Tests.GateP6ChoreographyTests.Bodies_PersistAndFreeze_AfterFall" methodname="Bodies_PersistAndFreeze_AfterFall" classname="BattleAtlas.Tests.GateP6ChoreographyTests" runstate="Runnable" seed="978685906" result="Passed" start-time="2026-07-11 03:02:05Z" end-time="2026-07-11 03:02:05Z" duration="0.001496" asserts="0">
              <properties>
                <property name="retryIteration" value="0" />
                <property name="repeatIteration" value="0" />
              </properties>
            </test-case>
            <test-case id="1388" name="CrossingSoldier_ResumesBeyondTheFence" fullname="BattleAtlas.Tests.GateP6ChoreographyTests.CrossingSoldier_ResumesBeyondTheFence" methodname="CrossingSoldier_ResumesBeyondTheFence" classname="BattleAtlas.Tests.GateP6ChoreographyTests" runstate="Runnable" seed="363381000" result="Passed" start-time="2026-07-11 03:02:05Z" end-time="2026-07-11 03:02:05Z" duration="0.000139" asserts="0">
              <properties>
                <property name="retryIteration" value="0" />
                <property name="repeatIteration" value="0" />
              </properties>
            </test-case>
            <test-case id="1387" name="EveryLineSoldier_CrossesTheFence_OrDiesFirst" fullname="BattleAtlas.Tests.GateP6ChoreographyTests.EveryLineSoldier_CrossesTheFence_OrDiesFirst" methodname="EveryLineSoldier_CrossesTheFence_OrDiesFirst" classname="BattleAtlas.Tests.GateP6ChoreographyTests" runstate="Runnable" seed="1746956382" result="Passed" start-time="2026-07-11 03:02:05Z" end-time="2026-07-11 03:02:05Z" duration="0.013575" asserts="0">
              <properties>
                <property name="retryIteration" value="0" />
                <property name="repeatIteration" value="0" />
              </properties>
            </test-case>
            <test-case id="1385" name="Falls_SelectClip_ByIncomingDirection" fullname="BattleAtlas.Tests.GateP6ChoreographyTests.Falls_SelectClip_ByIncomingDirection" methodname="Falls_SelectClip_ByIncomingDirection" classname="BattleAtlas.Tests.GateP6ChoreographyTests" runstate="Runnable" seed="1396350390" result="Passed" start-time="2026-07-11 03:02:05Z" end-time="2026-07-11 03:02:05Z" duration="0.000116" asserts="0">
              <properties>
                <property name="retryIteration" value="0" />
                <property name="repeatIteration" value="0" />
              </properties>
            </test-case>
            <test-case id="1386" name="Falls_VaryPerSoldier_Deterministically" fullname="BattleAtlas.Tests.GateP6ChoreographyTests.Falls_VaryPerSoldier_Deterministically" methodname="Falls_VaryPerSoldier_Deterministically" classname="BattleAtlas.Tests.GateP6ChoreographyTests" runstate="Runnable" seed="1253850482" result="Passed" start-time="2026-07-11 03:02:05Z" end-time="2026-07-11 03:02:05Z" duration="0.000876" asserts="0">
              <properties>
                <property name="retryIteration" value="0" />
                <property name="repeatIteration" value="0" />
              </properties>
            </test-case>
            <test-case id="1391" name="FormationHoldsAsALine_BeforeTheFence" fullname="BattleAtlas.Tests.GateP6ChoreographyTests.FormationHoldsAsALine_BeforeTheFence" methodname="FormationHoldsAsALine_BeforeTheFence" classname="BattleAtlas.Tests.GateP6ChoreographyTests" runstate="Runnable" seed="1952876378" result="Passed" start-time="2026-07-11 03:02:05Z" end-time="2026-07-11 03:02:06Z" duration="0.000378" asserts="0">
              <properties>
                <property name="retryIteration" value="0" />
                <property name="repeatIteration" value="0" />
              </properties>
            </test-case>
            <test-case id="1392" name="NoSoldier_EverReferencesAnUnknownClip" fullname="BattleAtlas.Tests.GateP6ChoreographyTests.NoSoldier_EverReferencesAnUnknownClip" methodname="NoSoldier_EverReferencesAnUnknownClip" classname="BattleAtlas.Tests.GateP6ChoreographyTests" runstate="Runnable" seed="1862357806" result="Passed" start-time="2026-07-11 03:02:06Z" end-time="2026-07-11 03:02:06Z" duration="0.028500" asserts="0">
              <properties>
                <property name="retryIteration" value="0" />
                <property name="repeatIteration" value="0" />
              </properties>
            </test-case>
            <test-case id="1383" name="Resolve_IsDeterministic_AcrossCallsAndOrder" fullname="BattleAtlas.Tests.GateP6ChoreographyTests.Resolve_IsDeterministic_AcrossCallsAndOrder" methodname="Resolve_IsDeterministic_AcrossCallsAndOrder" classname="BattleAtlas.Tests.GateP6ChoreographyTests" runstate="Runnable" seed="649029293" result="Passed" start-time="2026-07-11 03:02:06Z" end-time="2026-07-11 03:02:06Z" duration="0.003316" asserts="0">
              <properties>
                <property name="retryIteration" value="0" />
                <property name="repeatIteration" value="0" />
              </properties>
            </test-case>
            <test-case id="1393" name="RetreatingSoldiers_MoveWest_AfterTurning" fullname="BattleAtlas.Tests.GateP6ChoreographyTests.RetreatingSoldiers_MoveWest_AfterTurning" methodname="RetreatingSoldiers_MoveWest_AfterTurning" classname="BattleAtlas.Tests.GateP6ChoreographyTests" runstate="Runnable" seed="631019576" result="Passed" start-time="2026-07-11 03:02:06Z" end-time="2026-07-11 03:02:06Z" duration="0.000097" asserts="0">
              <properties>
                <property name="retryIteration" value="0" />
                <property name="repeatIteration" value="0" />
              </properties>
            </test-case>
            <test-case id="1389" name="Skirmisher_CompletesTwoFullReloads" fullname="BattleAtlas.Tests.GateP6ChoreographyTests.Skirmisher_CompletesTwoFullReloads" methodname="Skirmisher_CompletesTwoFullReloads" classname="BattleAtlas.Tests.GateP6ChoreographyTests" runstate="Runnable" seed="679014295" result="Passed" start-time="2026-07-11 03:02:06Z" end-time="2026-07-11 03:02:06Z" duration="0.000162" asserts="0">
              <properties>
                <property name="retryIteration" value="0" />
                <property name="repeatIteration" value="0" />
              </properties>
            </test-case>
            <test-case id="1390" name="UsaLine_ShowsStaggeredReloadStages_Simultaneously" fullname="BattleAtlas.Tests.GateP6ChoreographyTests.UsaLine_ShowsStaggeredReloadStages_Simultaneously" methodname="UsaLine_ShowsStaggeredReloadStages_Simultaneously" classname="BattleAtlas.Tests.GateP6ChoreographyTests" runstate="Runnable" seed="1818737751" result="Passed" start-time="2026-07-11 03:02:06Z" end-time="2026-07-11 03:02:06Z" duration="0.000380" asserts="0">
              <properties>
                <property name="retryIteration" value="0" />
                <property name="repeatIteration" value="0" />
              </properties>
            </test-case>
          </test-suite>
          <test-suite type="TestFixture" id="1394" name="GateP6KitAssetTests" fullname="BattleAtlas.Tests.GateP6KitAssetTests" classname="BattleAtlas.Tests.GateP6KitAssetTests" runstate="Runnable" testcasecount="5" result="Passed" start-time="2026-07-11 03:02:06Z" end-time="2026-07-11 03:02:06Z" duration="0.167251" total="5" passed="5" failed="0" inconclusive="0" skipped="0" asserts="0">
            <properties />
            <test-case id="1395" name="EveryVariant_ContainsEveryChoreographyClip" fullname="BattleAtlas.Tests.GateP6KitAssetTests.EveryVariant_ContainsEveryChoreographyClip" methodname="EveryVariant_ContainsEveryChoreographyClip" classname="BattleAtlas.Tests.GateP6KitAssetTests" runstate="Runnable" seed="1664113237" result="Passed" start-time="2026-07-11 03:02:06Z" end-time="2026-07-11 03:02:06Z" duration="0.122489" asserts="0">
              <properties>
                <property name="retryIteration" value="0" />
                <property name="repeatIteration" value="0" />
              </properties>
            </test-case>
            <test-case id="1398" name="HeroBudget_StaysInsideSpikeEnvelope" fullname="BattleAtlas.Tests.GateP6KitAssetTests.HeroBudget_StaysInsideSpikeEnvelope" methodname="HeroBudget_StaysInsideSpikeEnvelope" classname="BattleAtlas.Tests.GateP6KitAssetTests" runstate="Runnable" seed="2032832907" result="Passed" start-time="2026-07-11 03:02:06Z" end-time="2026-07-11 03:02:06Z" duration="0.030489" asserts="0">
              <properties>
                <property name="retryIteration" value="0" />
                <property name="repeatIteration" value="0" />
              </properties>
            </test-case>
            <test-case id="1397" name="HeroVariants_CarryPropBones_ForMusketAndRamrod" fullname="BattleAtlas.Tests.GateP6KitAssetTests.HeroVariants_CarryPropBones_ForMusketAndRamrod" methodname="HeroVariants_CarryPropBones_ForMusketAndRamrod" classname="BattleAtlas.Tests.GateP6KitAssetTests" runstate="Runnable" seed="714784782" result="Passed" start-time="2026-07-11 03:02:06Z" end-time="2026-07-11 03:02:06Z" duration="0.000974" asserts="0">
              <properties>
                <property name="retryIteration" value="0" />
                <property name="repeatIteration" value="0" />
              </properties>
            </test-case>
            <test-case id="1399" name="MidTier_PoseMeshes_ExistForBothFactions" fullname="BattleAtlas.Tests.GateP6KitAssetTests.MidTier_PoseMeshes_ExistForBothFactions" methodname="MidTier_PoseMeshes_ExistForBothFactions" classname="BattleAtlas.Tests.GateP6KitAssetTests" runstate="Runnable" seed="232281106" result="Passed" start-time="2026-07-11 03:02:06Z" end-time="2026-07-11 03:02:06Z" duration="0.011607" asserts="0">
              <properties>
                <property name="retryIteration" value="0" />
                <property name="repeatIteration" value="0" />
              </properties>
            </test-case>
            <test-case id="1396" name="ReloadClip_IsTheAuthoredTwentySeconds" fullname="BattleAtlas.Tests.GateP6KitAssetTests.ReloadClip_IsTheAuthoredTwentySeconds" methodname="ReloadClip_IsTheAuthoredTwentySeconds" classname="BattleAtlas.Tests.GateP6KitAssetTests" runstate="Runnable" seed="55671316" result="Passed" start-time="2026-07-11 03:02:06Z" end-time="2026-07-11 03:02:06Z" duration="0.000707" asserts="0">
              <properties>
                <property name="retryIteration" value="0" />
                <property name="repeatIteration" value="0" />
              </properties>
            </test-case>
          </test-suite>
          <test-suite type="TestFixture" id="1400" name="HdrpMigrationTests" fullname="BattleAtlas.Tests.HdrpMigrationTests" classname="BattleAtlas.Tests.HdrpMigrationTests" runstate="Runnable" testcasecount="11" result="Skipped" label="Ignored" start-time="2026-07-11 03:02:06Z" end-time="2026-07-11 03:02:06Z" duration="0.035141" total="11" passed="10" failed="0" inconclusive="0" skipped="1" asserts="0">
            <properties />
            <reason>
              <message><![CDATA[One or more child tests were ignored]]></message>
            </reason>
            <test-case id="1411" name="AtlasScene_ReferencesHdrpComponentsAndProfile" fullname="BattleAtlas.Tests.HdrpMigrationTests.AtlasScene_ReferencesHdrpComponentsAndProfile" methodname="AtlasScene_ReferencesHdrpComponentsAndProfile" classname="BattleAtlas.Tests.HdrpMigrationTests" runstate="Runnable" seed="1530122951" result="Passed" start-time="2026-07-11 03:02:06Z" end-time="2026-07-11 03:02:06Z" duration="0.004141" asserts="0">
              <properties>
                <property name="retryIteration" value="0" />
                <property name="repeatIteration" value="0" />
              </properties>
            </test-case>
            <test-case id="1405" name="AtlasVolumeProfile_PinsTheExposureCalibration" fullname="BattleAtlas.Tests.HdrpMigrationTests.AtlasVolumeProfile_PinsTheExposureCalibration" methodname="AtlasVolumeProfile_PinsTheExposureCalibration" classname="BattleAtlas.Tests.HdrpMigrationTests" runstate="Runnable" seed="527571144" result="Passed" start-time="2026-07-11 03:02:06Z" end-time="2026-07-11 03:02:06Z" duration="0.000523" asserts="0">
              <properties>
                <property name="retryIteration" value="0" />
                <property name="repeatIteration" value="0" />
              </properties>
            </test-case>
            <test-case id="1407" name="BattleMaterials_ConvertedToHdrpLit_ColorsPreserved" fullname="BattleAtlas.Tests.HdrpMigrationTests.BattleMaterials_ConvertedToHdrpLit_ColorsPreserved" methodname="BattleMaterials_ConvertedToHdrpLit_ColorsPreserved" classname="BattleAtlas.Tests.HdrpMigrationTests" runstate="Runnable" seed="1508082752" result="Passed" start-time="2026-07-11 03:02:06Z" end-time="2026-07-11 03:02:06Z" duration="0.022587" asserts="0">
              <properties>
                <property name="retryIteration" value="0" />
                <property name="repeatIteration" value="0" />
              </properties>
            </test-case>
            <test-case id="1408" name="CustomShaders_ActiveSubshaderIsHdrpForwardOnly" fullname="BattleAtlas.Tests.HdrpMigrationTests.CustomShaders_ActiveSubshaderIsHdrpForwardOnly" methodname="CustomShaders_ActiveSubshaderIsHdrpForwardOnly" classname="BattleAtlas.Tests.HdrpMigrationTests" runstate="Runnable" seed="1899914471" result="Passed" start-time="2026-07-11 03:02:06Z" end-time="2026-07-11 03:02:06Z" duration="0.000465" asserts="0">
              <properties>
                <property name="retryIteration" value="0" />
                <property name="repeatIteration" value="0" />
              </properties>
            </test-case>
            <test-case id="1409" name="GeneratedTerrainMaterial_IsHdrpTerrainLit_WhenPresent" fullname="BattleAtlas.Tests.HdrpMigrationTests.GeneratedTerrainMaterial_IsHdrpTerrainLit_WhenPresent" methodname="GeneratedTerrainMaterial_IsHdrpTerrainLit_WhenPresent" classname="BattleAtlas.Tests.HdrpMigrationTests" runstate="Runnable" seed="1993560882" result="Skipped" label="Ignored" start-time="2026-07-11 03:02:06Z" end-time="2026-07-11 03:02:06Z" duration="0.001545" asserts="0">
              <properties>
                <property name="retryIteration" value="0" />
                <property name="repeatIteration" value="0" />
              </properties>
              <reason>
                <message><![CDATA[no generated terrain on this checkout]]></message>
              </reason>
            </test-case>
            <test-case id="1404" name="OfflineProfile_IsOfflineRenderShaped" fullname="BattleAtlas.Tests.HdrpMigrationTests.OfflineProfile_IsOfflineRenderShaped" methodname="OfflineProfile_IsOfflineRenderShaped" classname="BattleAtlas.Tests.HdrpMigrationTests" runstate="Runnable" seed="162049979" result="Passed" start-time="2026-07-11 03:02:06Z" end-time="2026-07-11 03:02:06Z" duration="0.000944" asserts="0">
              <properties>
                <property name="retryIteration" value="0" />
                <property name="repeatIteration" value="0" />
              </properties>
            </test-case>
            <test-case id="1406" name="OfflineVolumeProfile_EnablesVolumetricFog" fullname="BattleAtlas.Tests.HdrpMigrationTests.OfflineVolumeProfile_EnablesVolumetricFog" methodname="OfflineVolumeProfile_EnablesVolumetricFog" classname="BattleAtlas.Tests.HdrpMigrationTests" runstate="Runnable" seed="1088379956" result="Passed" start-time="2026-07-11 03:02:06Z" end-time="2026-07-11 03:02:06Z" duration="0.000993" asserts="0">
              <properties>
                <property name="retryIteration" value="0" />
                <property name="repeatIteration" value="0" />
              </properties>
            </test-case>
            <test-case id="1403" name="PlaybackProfile_IsRealTimeShaped" fullname="BattleAtlas.Tests.HdrpMigrationTests.PlaybackProfile_IsRealTimeShaped" methodname="PlaybackProfile_IsRealTimeShaped" classname="BattleAtlas.Tests.HdrpMigrationTests" runstate="Runnable" seed="766277437" result="Passed" start-time="2026-07-11 03:02:06Z" end-time="2026-07-11 03:02:06Z" duration="0.000159" asserts="0">
              <properties>
                <property name="retryIteration" value="0" />
                <property name="repeatIteration" value="0" />
              </properties>
            </test-case>
            <test-case id="1401" name="ProjectDefaultPipeline_IsHdrpPlaybackProfile" fullname="BattleAtlas.Tests.HdrpMigrationTests.ProjectDefaultPipeline_IsHdrpPlaybackProfile" methodname="ProjectDefaultPipeline_IsHdrpPlaybackProfile" classname="BattleAtlas.Tests.HdrpMigrationTests" runstate="Runnable" seed="2029101656" result="Passed" start-time="2026-07-11 03:02:06Z" end-time="2026-07-11 03:02:06Z" duration="0.000090" asserts="0">
              <properties>
                <property name="retryIteration" value="0" />
                <property name="repeatIteration" value="0" />
              </properties>
            </test-case>
            <test-case id="1402" name="QualityLevels_DeferToGraphicsDefault" fullname="BattleAtlas.Tests.HdrpMigrationTests.QualityLevels_DeferToGraphicsDefault" methodname="QualityLevels_DeferToGraphicsDefault" classname="BattleAtlas.Tests.HdrpMigrationTests" runstate="Runnable" seed="1566090777" result="Passed" start-time="2026-07-11 03:02:06Z" end-time="2026-07-11 03:02:06Z" duration="0.000371" asserts="0">
              <properties>
                <property name="retryIteration" value="0" />
                <property name="repeatIteration" value="0" />
              </properties>
            </test-case>
            <test-case id="1410" name="SunDirector_PublishesDeterministicShaderGlobals" fullname="BattleAtlas.Tests.HdrpMigrationTests.SunDirector_PublishesDeterministicShaderGlobals" methodname="SunDirector_PublishesDeterministicShaderGlobals" classname="BattleAtlas.Tests.HdrpMigrationTests" runstate="Runnable" seed="1416892697" result="Passed" start-time="2026-07-11 03:02:06Z" end-time="2026-07-11 03:02:06Z" duration="0.001643" asserts="0">
              <properties>
                <property name="retryIteration" value="0" />
                <property name="repeatIteration" value="0" />
              </properties>
            </test-case>
          </test-suite>
        </test-suite>
      </test-suite>
      <test-suite type="TestFixture" id="1048" name="BattleDirectorTests" fullname="BattleDirectorTests" classname="BattleDirectorTests" runstate="Runnable" testcasecount="15" result="Passed" start-time="2026-07-11 03:02:06Z" end-time="2026-07-11 03:02:06Z" duration="0.004486" total="15" passed="15" failed="0" inconclusive="0" skipped="0" asserts="0">
        <properties />
        <test-case id="1053" name="EvaluateTier_FamilyTierKeyedOnParentCenterWithHysteresis" fullname="BattleDirectorTests.EvaluateTier_FamilyTierKeyedOnParentCenterWithHysteresis" methodname="EvaluateTier_FamilyTierKeyedOnParentCenterWithHysteresis" classname="BattleDirectorTests" runstate="Runnable" seed="1894686531" result="Passed" start-time="2026-07-11 03:02:06Z" end-time="2026-07-11 03:02:06Z" duration="0.000141" asserts="0">
          <properties>
            <property name="retryIteration" value="0" />
            <property name="repeatIteration" value="0" />
          </properties>
        </test-case>
        <test-case id="1061" name="FamilyAndRoster_SymbolRepresentationTruthTable" fullname="BattleDirectorTests.FamilyAndRoster_SymbolRepresentationTruthTable" methodname="FamilyAndRoster_SymbolRepresentationTruthTable" classname="BattleDirectorTests" runstate="Runnable" seed="1274940678" result="Passed" start-time="2026-07-11 03:02:06Z" end-time="2026-07-11 03:02:06Z" duration="0.000100" asserts="0">
          <properties>
            <property name="retryIteration" value="0" />
            <property name="repeatIteration" value="0" />
          </properties>
        </test-case>
        <test-case id="1051" name="FootprintSamplePoints_RotateWithFacing" fullname="BattleDirectorTests.FootprintSamplePoints_RotateWithFacing" methodname="FootprintSamplePoints_RotateWithFacing" classname="BattleDirectorTests" runstate="Runnable" seed="333377009" result="Passed" start-time="2026-07-11 03:02:06Z" end-time="2026-07-11 03:02:06Z" duration="0.000133" asserts="0">
          <properties>
            <property name="retryIteration" value="0" />
            <property name="repeatIteration" value="0" />
          </properties>
        </test-case>
        <test-case id="1050" name="FootprintSamplePoints_UnrotatedCornersSpanFrontageAndDepth" fullname="BattleDirectorTests.FootprintSamplePoints_UnrotatedCornersSpanFrontageAndDepth" methodname="FootprintSamplePoints_UnrotatedCornersSpanFrontageAndDepth" classname="BattleDirectorTests" runstate="Runnable" seed="660048525" result="Passed" start-time="2026-07-11 03:02:06Z" end-time="2026-07-11 03:02:06Z" duration="0.000087" asserts="0">
          <properties>
            <property name="retryIteration" value="0" />
            <property name="repeatIteration" value="0" />
          </properties>
        </test-case>
        <test-case id="1063" name="InactiveColor_DesaturatesTowardFieldGrayByPinnedFactor" fullname="BattleDirectorTests.InactiveColor_DesaturatesTowardFieldGrayByPinnedFactor" methodname="InactiveColor_DesaturatesTowardFieldGrayByPinnedFactor" classname="BattleDirectorTests" runstate="Runnable" seed="2019729131" result="Passed" start-time="2026-07-11 03:02:06Z" end-time="2026-07-11 03:02:06Z" duration="0.000210" asserts="0">
          <properties>
            <property name="retryIteration" value="0" />
            <property name="repeatIteration" value="0" />
          </properties>
        </test-case>
        <test-case id="1062" name="IsActiveAt_TruthTable" fullname="BattleDirectorTests.IsActiveAt_TruthTable" methodname="IsActiveAt_TruthTable" classname="BattleDirectorTests" runstate="Runnable" seed="269164605" result="Passed" start-time="2026-07-11 03:02:06Z" end-time="2026-07-11 03:02:06Z" duration="0.000738" asserts="0">
          <properties>
            <property name="retryIteration" value="0" />
            <property name="repeatIteration" value="0" />
          </properties>
        </test-case>
        <test-case id="1055" name="KindOf_LockedIdPrefixConvention" fullname="BattleDirectorTests.KindOf_LockedIdPrefixConvention" methodname="KindOf_LockedIdPrefixConvention" classname="BattleDirectorTests" runstate="Runnable" seed="915348756" result="Passed" start-time="2026-07-11 03:02:06Z" end-time="2026-07-11 03:02:06Z" duration="0.000136" asserts="0">
          <properties>
            <property name="retryIteration" value="0" />
            <property name="repeatIteration" value="0" />
          </properties>
        </test-case>
        <test-case id="1052" name="RendersAtTier_SuppressionTruthTable" fullname="BattleDirectorTests.RendersAtTier_SuppressionTruthTable" methodname="RendersAtTier_SuppressionTruthTable" classname="BattleDirectorTests" runstate="Runnable" seed="1406671531" result="Passed" start-time="2026-07-11 03:02:06Z" end-time="2026-07-11 03:02:06Z" duration="0.000055" asserts="0">
          <properties>
            <property name="retryIteration" value="0" />
            <property name="repeatIteration" value="0" />
          </properties>
        </test-case>
        <test-case id="1054" name="RosterlessChildRendersMonolithicAtRegimentsTier" fullname="BattleDirectorTests.RosterlessChildRendersMonolithicAtRegimentsTier" methodname="RosterlessChildRendersMonolithicAtRegimentsTier" classname="BattleDirectorTests" runstate="Runnable" seed="1722640045" result="Passed" start-time="2026-07-11 03:02:06Z" end-time="2026-07-11 03:02:06Z" duration="0.000042" asserts="0">
          <properties>
            <property name="retryIteration" value="0" />
            <property name="repeatIteration" value="0" />
          </properties>
        </test-case>
        <test-case id="1058" name="RosterSymbolSpecs_CentersRotateWithFacing" fullname="BattleDirectorTests.RosterSymbolSpecs_CentersRotateWithFacing" methodname="RosterSymbolSpecs_CentersRotateWithFacing" classname="BattleDirectorTests" runstate="Runnable" seed="2010649166" result="Passed" start-time="2026-07-11 03:02:06Z" end-time="2026-07-11 03:02:06Z" duration="0.000298" asserts="0">
          <properties>
            <property name="retryIteration" value="0" />
            <property name="repeatIteration" value="0" />
          </properties>
        </test-case>
        <test-case id="1057" name="RosterSymbolSpecs_RegimentSpecsSplitStrengthAndSumToParent" fullname="BattleDirectorTests.RosterSymbolSpecs_RegimentSpecsSplitStrengthAndSumToParent" methodname="RosterSymbolSpecs_RegimentSpecsSplitStrengthAndSumToParent" classname="BattleDirectorTests" runstate="Runnable" seed="1003768831" result="Passed" start-time="2026-07-11 03:02:06Z" end-time="2026-07-11 03:02:06Z" duration="0.000125" asserts="0">
          <properties>
            <property name="retryIteration" value="0" />
            <property name="repeatIteration" value="0" />
          </properties>
        </test-case>
        <test-case id="1049" name="SideColor_DistinguishesSidesAndDefaultsNeutral" fullname="BattleDirectorTests.SideColor_DistinguishesSidesAndDefaultsNeutral" methodname="SideColor_DistinguishesSidesAndDefaultsNeutral" classname="BattleDirectorTests" runstate="Runnable" seed="1628555407" result="Passed" start-time="2026-07-11 03:02:06Z" end-time="2026-07-11 03:02:06Z" duration="0.000690" asserts="0">
          <properties>
            <property name="retryIteration" value="0" />
            <property name="repeatIteration" value="0" />
          </properties>
          <output><![CDATA[unknown unit side 'martian', rendering gray
]]></output>
        </test-case>
        <test-case id="1060" name="SymbolNeedsRebuild_ArtilleryGunDotStepDirtiesUnderTheDepthClamp" fullname="BattleDirectorTests.SymbolNeedsRebuild_ArtilleryGunDotStepDirtiesUnderTheDepthClamp" methodname="SymbolNeedsRebuild_ArtilleryGunDotStepDirtiesUnderTheDepthClamp" classname="BattleDirectorTests" runstate="Runnable" seed="1863291672" result="Passed" start-time="2026-07-11 03:02:06Z" end-time="2026-07-11 03:02:06Z" duration="0.000212" asserts="0">
          <properties>
            <property name="retryIteration" value="0" />
            <property name="repeatIteration" value="0" />
          </properties>
        </test-case>
        <test-case id="1059" name="SymbolNeedsRebuild_DelegatesToTheSharedDirtyPredicate" fullname="BattleDirectorTests.SymbolNeedsRebuild_DelegatesToTheSharedDirtyPredicate" methodname="SymbolNeedsRebuild_DelegatesToTheSharedDirtyPredicate" classname="BattleDirectorTests" runstate="Runnable" seed="1025400539" result="Passed" start-time="2026-07-11 03:02:06Z" end-time="2026-07-11 03:02:06Z" duration="0.000087" asserts="0">
          <properties>
            <property name="retryIteration" value="0" />
            <property name="repeatIteration" value="0" />
          </properties>
        </test-case>
        <test-case id="1056" name="SymbolStyle_MpbSelectionTruthTable" fullname="BattleDirectorTests.SymbolStyle_MpbSelectionTruthTable" methodname="SymbolStyle_MpbSelectionTruthTable" classname="BattleDirectorTests" runstate="Runnable" seed="1476290586" result="Passed" start-time="2026-07-11 03:02:06Z" end-time="2026-07-11 03:02:06Z" duration="0.000125" asserts="0">
          <properties>
            <property name="retryIteration" value="0" />
            <property name="repeatIteration" value="0" />
          </properties>
        </test-case>
      </test-suite>
      <test-suite type="TestFixture" id="1084" name="BattlefieldInfoTests" fullname="BattlefieldInfoTests" classname="BattlefieldInfoTests" runstate="Runnable" testcasecount="2" result="Passed" start-time="2026-07-11 03:02:06Z" end-time="2026-07-11 03:02:06Z" duration="0.000540" total="2" passed="2" failed="0" inconclusive="0" skipped="0" asserts="0">
        <properties />
        <test-case id="1085" name="HonestElevation_DividesOutExaggeration" fullname="BattlefieldInfoTests.HonestElevation_DividesOutExaggeration" methodname="HonestElevation_DividesOutExaggeration" classname="BattlefieldInfoTests" runstate="Runnable" seed="352354486" result="Passed" start-time="2026-07-11 03:02:06Z" end-time="2026-07-11 03:02:06Z" duration="0.000050" asserts="0">
          <properties>
            <property name="retryIteration" value="0" />
            <property name="repeatIteration" value="0" />
          </properties>
        </test-case>
        <test-case id="1086" name="HonestElevation_IdentityAtNoExaggeration" fullname="BattlefieldInfoTests.HonestElevation_IdentityAtNoExaggeration" methodname="HonestElevation_IdentityAtNoExaggeration" classname="BattlefieldInfoTests" runstate="Runnable" seed="1729890933" result="Passed" start-time="2026-07-11 03:02:06Z" end-time="2026-07-11 03:02:06Z" duration="0.000034" asserts="0">
          <properties>
            <property name="retryIteration" value="0" />
            <property name="repeatIteration" value="0" />
          </properties>
        </test-case>
      </test-suite>
      <test-suite type="TestFixture" id="1064" name="BattleLoaderScaleTests" fullname="BattleLoaderScaleTests" classname="BattleLoaderScaleTests" runstate="Runnable" testcasecount="3" result="Passed" start-time="2026-07-11 03:02:06Z" end-time="2026-07-11 03:02:06Z" duration="0.132718" total="3" passed="3" failed="0" inconclusive="0" skipped="0" asserts="0">
        <properties />
        <test-case id="1067" name="DirectorStart_ScaleFixture_BuffersScaleWithUnitCountAndFrameLoopIsCheap" fullname="BattleLoaderScaleTests.DirectorStart_ScaleFixture_BuffersScaleWithUnitCountAndFrameLoopIsCheap" methodname="DirectorStart_ScaleFixture_BuffersScaleWithUnitCountAndFrameLoopIsCheap" classname="BattleLoaderScaleTests" runstate="Runnable" seed="931544451" result="Passed" start-time="2026-07-11 03:02:06Z" end-time="2026-07-11 03:02:06Z" duration="0.125360" asserts="0">
          <properties>
            <property name="retryIteration" value="0" />
            <property name="repeatIteration" value="0" />
          </properties>
          <output><![CDATA[BattleDirector.symbolMaterial is unset; wire Assets/Battle/UnitSymbol.mat for the cartographic symbol styling — falling back to unitMaterial
BattleDirector.flagMaterial is unset; wire Assets/Battle/Flag.mat to fly unit flags
[scale] Start(210 units): 10.3 ms; Update avg over 100 frames: 0.840 ms/frame; alloc 0 bytes/frame
]]></output>
        </test-case>
        <test-case id="1065" name="Parse_ScaleFixture_LoadsAllUnitsAndEvents" fullname="BattleLoaderScaleTests.Parse_ScaleFixture_LoadsAllUnitsAndEvents" methodname="Parse_ScaleFixture_LoadsAllUnitsAndEvents" classname="BattleLoaderScaleTests" runstate="Runnable" seed="153151060" result="Passed" start-time="2026-07-11 03:02:06Z" end-time="2026-07-11 03:02:06Z" duration="0.002296" asserts="0">
          <properties>
            <property name="retryIteration" value="0" />
            <property name="repeatIteration" value="0" />
          </properties>
        </test-case>
        <test-case id="1066" name="StateAt_All210UnitsAt100SampledTs_AllocationSaneAndClampCorrect" fullname="BattleLoaderScaleTests.StateAt_All210UnitsAt100SampledTs_AllocationSaneAndClampCorrect" methodname="StateAt_All210UnitsAt100SampledTs_AllocationSaneAndClampCorrect" classname="BattleLoaderScaleTests" runstate="Runnable" seed="1210624849" result="Passed" start-time="2026-07-11 03:02:06Z" end-time="2026-07-11 03:02:06Z" duration="0.004608" asserts="0">
          <properties>
            <property name="retryIteration" value="0" />
            <property name="repeatIteration" value="0" />
          </properties>
          <output><![CDATA[[scale] StateAt 210x100: 0 bytes allocated (checksum 1.861564E+07)
]]></output>
        </test-case>
      </test-suite>
      <test-suite type="TestFixture" id="1068" name="BattleLoaderTests" fullname="BattleLoaderTests" classname="BattleLoaderTests" runstate="Runnable" testcasecount="15" result="Passed" start-time="2026-07-11 03:02:06Z" end-time="2026-07-11 03:02:06Z" duration="0.011848" total="15" passed="15" failed="0" inconclusive="0" skipped="0" asserts="0">
        <properties />
        <test-case id="1079" name="Parse_ReadsEventsAndEnvironment" fullname="BattleLoaderTests.Parse_ReadsEventsAndEnvironment" methodname="Parse_ReadsEventsAndEnvironment" classname="BattleLoaderTests" runstate="Runnable" seed="659382761" result="Passed" start-time="2026-07-11 03:02:06Z" end-time="2026-07-11 03:02:06Z" duration="0.000287" asserts="0">
          <properties>
            <property name="retryIteration" value="0" />
            <property name="repeatIteration" value="0" />
          </properties>
        </test-case>
        <test-case id="1076" name="Parse_ReadsParentAndRejectsUnknownParent" fullname="BattleLoaderTests.Parse_ReadsParentAndRejectsUnknownParent" methodname="Parse_ReadsParentAndRejectsUnknownParent" classname="BattleLoaderTests" runstate="Runnable" seed="954721392" result="Passed" start-time="2026-07-11 03:02:06Z" end-time="2026-07-11 03:02:06Z" duration="0.000384" asserts="0">
          <properties>
            <property name="retryIteration" value="0" />
            <property name="repeatIteration" value="0" />
          </properties>
        </test-case>
[...]
          <properties>
            <property name="retryIteration" value="0" />
            <property name="repeatIteration" value="0" />
          </properties>
        </test-case>
        <test-case id="1317" name="RaycastTerrain_MissesAndUndergroundStartsResolveHonestly" fullname="UnitPickerTests.RaycastTerrain_MissesAndUndergroundStartsResolveHonestly" methodname="RaycastTerrain_MissesAndUndergroundStartsResolveHonestly" classname="UnitPickerTests" runstate="Runnable" seed="1021451618" result="Passed" start-time="2026-07-11 03:02:45Z" end-time="2026-07-11 03:02:45Z" duration="0.000143" asserts="0">
          <properties>
            <property name="retryIteration" value="0" />
            <property name="repeatIteration" value="0" />
          </properties>
        </test-case>
      </test-suite>
      <test-suite type="TestFixture" id="1321" name="UnitSymbolTests" fullname="UnitSymbolTests" classname="UnitSymbolTests" runstate="Runnable" testcasecount="11" result="Passed" start-time="2026-07-11 03:02:45Z" end-time="2026-07-11 03:02:45Z" duration="0.002152" total="11" passed="11" failed="0" inconclusive="0" skipped="0" asserts="0">
        <properties />
        <test-case id="1325" name="DisplayDepth_AreaProportionalBetweenClamps" fullname="UnitSymbolTests.DisplayDepth_AreaProportionalBetweenClamps" methodname="DisplayDepth_AreaProportionalBetweenClamps" classname="UnitSymbolTests" runstate="Runnable" seed="579497228" result="Passed" start-time="2026-07-11 03:02:45Z" end-time="2026-07-11 03:02:45Z" duration="0.000065" asserts="0">
          <properties>
            <property name="retryIteration" value="0" />
            <property name="repeatIteration" value="0" />
          </properties>
        </test-case>
        <test-case id="1329" name="DisplayDepth_BrigadeVisiblyOutweighsSmallRegiment" fullname="UnitSymbolTests.DisplayDepth_BrigadeVisiblyOutweighsSmallRegiment" methodname="DisplayDepth_BrigadeVisiblyOutweighsSmallRegiment" classname="UnitSymbolTests" runstate="Runnable" seed="919212670" result="Passed" start-time="2026-07-11 03:02:45Z" end-time="2026-07-11 03:02:45Z" duration="0.000095" asserts="0">
          <properties>
            <property name="retryIteration" value="0" />
            <property name="repeatIteration" value="0" />
          </properties>
        </test-case>
        <test-case id="1327" name="DisplayDepth_ClampsMassedColumnsToMax" fullname="UnitSymbolTests.DisplayDepth_ClampsMassedColumnsToMax" methodname="DisplayDepth_ClampsMassedColumnsToMax" classname="UnitSymbolTests" runstate="Runnable" seed="1432604241" result="Passed" start-time="2026-07-11 03:02:45Z" end-time="2026-07-11 03:02:45Z" duration="0.000062" asserts="0">
          <properties>
            <property name="retryIteration" value="0" />
            <property name="repeatIteration" value="0" />
          </properties>
        </test-case>
        <test-case id="1326" name="DisplayDepth_ClampsThinSliversToMin" fullname="UnitSymbolTests.DisplayDepth_ClampsThinSliversToMin" methodname="DisplayDepth_ClampsThinSliversToMin" classname="UnitSymbolTests" runstate="Runnable" seed="1955649630" result="Passed" start-time="2026-07-11 03:02:45Z" end-time="2026-07-11 03:02:45Z" duration="0.000056" asserts="0">
          <properties>
            <property name="retryIteration" value="0" />
            <property name="repeatIteration" value="0" />
          </properties>
        </test-case>
        <test-case id="1328" name="DisplayDepth_QuantizesToHalfMeterSteps" fullname="UnitSymbolTests.DisplayDepth_QuantizesToHalfMeterSteps" methodname="DisplayDepth_QuantizesToHalfMeterSteps" classname="UnitSymbolTests" runstate="Runnable" seed="1175813703" result="Passed" start-time="2026-07-11 03:02:45Z" end-time="2026-07-11 03:02:45Z" duration="0.000075" asserts="0">
          <properties>
            <property name="retryIteration" value="0" />
            <property name="repeatIteration" value="0" />
          </properties>
        </test-case>
        <test-case id="1324" name="EchelonOf_TruthTable" fullname="UnitSymbolTests.EchelonOf_TruthTable" methodname="EchelonOf_TruthTable" classname="UnitSymbolTests" runstate="Runnable" seed="707816763" result="Passed" start-time="2026-07-11 03:02:45Z" end-time="2026-07-11 03:02:45Z" duration="0.000264" asserts="0">
          <properties>
            <property name="retryIteration" value="0" />
            <property name="repeatIteration" value="0" />
          </properties>
        </test-case>
        <test-case id="1330" name="GunDotCount_ApproximatesGunsAndClamps" fullname="UnitSymbolTests.GunDotCount_ApproximatesGunsAndClamps" methodname="GunDotCount_ApproximatesGunsAndClamps" classname="UnitSymbolTests" runstate="Runnable" seed="1375937362" result="Passed" start-time="2026-07-11 03:02:45Z" end-time="2026-07-11 03:02:45Z" duration="0.000070" asserts="0">
          <properties>
            <property name="retryIteration" value="0" />
            <property name="repeatIteration" value="0" />
          </properties>
        </test-case>
        <test-case id="1323" name="KindOf_BattleDirectorDelegatesAndCollapsesPark" fullname="UnitSymbolTests.KindOf_BattleDirectorDelegatesAndCollapsesPark" methodname="KindOf_BattleDirectorDelegatesAndCollapsesPark" classname="UnitSymbolTests" runstate="Runnable" seed="814492906" result="Passed" start-time="2026-07-11 03:02:45Z" end-time="2026-07-11 03:02:45Z" duration="0.000135" asserts="0">
          <properties>
            <property name="retryIteration" value="0" />
            <property name="repeatIteration" value="0" />
          </properties>
        </test-case>
        <test-case id="1322" name="KindOf_LockedPrefixTableWithParkSplit" fullname="UnitSymbolTests.KindOf_LockedPrefixTableWithParkSplit" methodname="KindOf_LockedPrefixTableWithParkSplit" classname="UnitSymbolTests" runstate="Runnable" seed="394856980" result="Passed" start-time="2026-07-11 03:02:45Z" end-time="2026-07-11 03:02:45Z" duration="0.000097" asserts="0">
          <properties>
            <property name="retryIteration" value="0" />
            <property name="repeatIteration" value="0" />
          </properties>
        </test-case>
        <test-case id="1331" name="StyleOf_DocumentedRendersSolid" fullname="UnitSymbolTests.StyleOf_DocumentedRendersSolid" methodname="StyleOf_DocumentedRendersSolid" classname="UnitSymbolTests" runstate="Runnable" seed="598392471" result="Passed" start-time="2026-07-11 03:02:45Z" end-time="2026-07-11 03:02:45Z" duration="0.000057" asserts="0">
          <properties>
            <property name="retryIteration" value="0" />
            <property name="repeatIteration" value="0" />
          </properties>
        </test-case>
        <test-case id="1332" name="StyleOf_InferredAndUnknownRenderHatched" fullname="UnitSymbolTests.StyleOf_InferredAndUnknownRenderHatched" methodname="StyleOf_InferredAndUnknownRenderHatched" classname="UnitSymbolTests" runstate="Runnable" seed="193693254" result="Passed" start-time="2026-07-11 03:02:45Z" end-time="2026-07-11 03:02:45Z" duration="0.000063" asserts="0">
          <properties>
            <property name="retryIteration" value="0" />
            <property name="repeatIteration" value="0" />
          </properties>
        </test-case>
      </test-suite>
      <test-suite type="TestFixture" id="1333" name="UnitTrackTests" fullname="UnitTrackTests" classname="UnitTrackTests" runstate="Runnable" testcasecount="8" result="Passed" start-time="2026-07-11 03:02:45Z" end-time="2026-07-11 03:02:45Z" duration="0.001591" total="8" passed="8" failed="0" inconclusive="0" skipped="0" asserts="0">
        <properties />
        <test-case id="1335" name="StateAt_ClampsBeforeFirstAndAfterLast" fullname="UnitTrackTests.StateAt_ClampsBeforeFirstAndAfterLast" methodname="StateAt_ClampsBeforeFirstAndAfterLast" classname="UnitTrackTests" runstate="Runnable" seed="1833544966" result="Passed" start-time="2026-07-11 03:02:45Z" end-time="2026-07-11 03:02:45Z" duration="0.000280" asserts="0">
          <properties>
            <property name="retryIteration" value="0" />
            <property name="repeatIteration" value="0" />
          </properties>
        </test-case>
        <test-case id="1339" name="StateAt_ConfidenceComesFromSegmentStart" fullname="UnitTrackTests.StateAt_ConfidenceComesFromSegmentStart" methodname="StateAt_ConfidenceComesFromSegmentStart" classname="UnitTrackTests" runstate="Runnable" seed="1703426626" result="Passed" start-time="2026-07-11 03:02:45Z" end-time="2026-07-11 03:02:45Z" duration="0.000085" asserts="0">
          <properties>
            <property name="retryIteration" value="0" />
            <property name="repeatIteration" value="0" />
          </properties>
        </test-case>
        <test-case id="1340" name="StateAt_EmptyConfidenceDefaultsToUnknown" fullname="UnitTrackTests.StateAt_EmptyConfidenceDefaultsToUnknown" methodname="StateAt_EmptyConfidenceDefaultsToUnknown" classname="UnitTrackTests" runstate="Runnable" seed="1367158668" result="Passed" start-time="2026-07-11 03:02:45Z" end-time="2026-07-11 03:02:45Z" duration="0.000061" asserts="0">
          <properties>
            <property name="retryIteration" value="0" />
            <property name="repeatIteration" value="0" />
          </properties>
        </test-case>
        <test-case id="1341" name="StateAt_ExactInteriorKeyframeStartsNewSegment" fullname="UnitTrackTests.StateAt_ExactInteriorKeyframeStartsNewSegment" methodname="StateAt_ExactInteriorKeyframeStartsNewSegment" classname="UnitTrackTests" runstate="Runnable" seed="1649102274" result="Passed" start-time="2026-07-11 03:02:45Z" end-time="2026-07-11 03:02:45Z" duration="0.000084" asserts="0">
          <properties>
            <property name="retryIteration" value="0" />
            <property name="repeatIteration" value="0" />
          </properties>
        </test-case>
        <test-case id="1338" name="StateAt_FormationComesFromSegmentStart" fullname="UnitTrackTests.StateAt_FormationComesFromSegmentStart" methodname="StateAt_FormationComesFromSegmentStart" classname="UnitTrackTests" runstate="Runnable" seed="194393636" result="Passed" start-time="2026-07-11 03:02:45Z" end-time="2026-07-11 03:02:45Z" duration="0.000063" asserts="0">
          <properties>
            <property name="retryIteration" value="0" />
            <property name="repeatIteration" value="0" />
          </properties>
        </test-case>
        <test-case id="1336" name="StateAt_InterpolatesFacingAcrossNorthWrap" fullname="UnitTrackTests.StateAt_InterpolatesFacingAcrossNorthWrap" methodname="StateAt_InterpolatesFacingAcrossNorthWrap" classname="UnitTrackTests" runstate="Runnable" seed="1646526670" result="Passed" start-time="2026-07-11 03:02:45Z" end-time="2026-07-11 03:02:45Z" duration="0.000054" asserts="0">
          <properties>
            <property name="retryIteration" value="0" />
            <property name="repeatIteration" value="0" />
          </properties>
        </test-case>
        <test-case id="1334" name="StateAt_InterpolatesPositionAndStrengthLinearly" fullname="UnitTrackTests.StateAt_InterpolatesPositionAndStrengthLinearly" methodname="StateAt_InterpolatesPositionAndStrengthLinearly" classname="UnitTrackTests" runstate="Runnable" seed="920999210" result="Passed" start-time="2026-07-11 03:02:45Z" end-time="2026-07-11 03:02:45Z" duration="0.000061" asserts="0">
          <properties>
            <property name="retryIteration" value="0" />
            <property name="repeatIteration" value="0" />
          </properties>
        </test-case>
        <test-case id="1337" name="StateAt_PicksCorrectSegmentAmongMany" fullname="UnitTrackTests.StateAt_PicksCorrectSegmentAmongMany" methodname="StateAt_PicksCorrectSegmentAmongMany" classname="UnitTrackTests" runstate="Runnable" seed="1134399848" result="Passed" start-time="2026-07-11 03:02:45Z" end-time="2026-07-11 03:02:45Z" duration="0.000069" asserts="0">
          <properties>
            <property name="retryIteration" value="0" />
            <property name="repeatIteration" value="0" />
          </properties>
        </test-case>
      </test-suite>
      <test-suite type="TestFixture" id="1342" name="VegetationFieldTests" fullname="VegetationFieldTests" classname="VegetationFieldTests" runstate="Runnable" testcasecount="3" result="Passed" start-time="2026-07-11 03:02:45Z" end-time="2026-07-11 03:02:45Z" duration="0.001491" total="3" passed="3" failed="0" inconclusive="0" skipped="0" asserts="0">
        <properties />
        <test-case id="1344" name="BucketFor_SelectsOrchardVariantAndSpreadsWoodlotHues" fullname="VegetationFieldTests.BucketFor_SelectsOrchardVariantAndSpreadsWoodlotHues" methodname="BucketFor_SelectsOrchardVariantAndSpreadsWoodlotHues" classname="VegetationFieldTests" runstate="Runnable" seed="1570415253" result="Passed" start-time="2026-07-11 03:02:45Z" end-time="2026-07-11 03:02:45Z" duration="0.000674" asserts="0">
          <properties>
            <property name="retryIteration" value="0" />
            <property name="repeatIteration" value="0" />
          </properties>
        </test-case>
        <test-case id="1343" name="NearTier_LatchesWithHysteresis" fullname="VegetationFieldTests.NearTier_LatchesWithHysteresis" methodname="NearTier_LatchesWithHysteresis" classname="VegetationFieldTests" runstate="Runnable" seed="759131847" result="Passed" start-time="2026-07-11 03:02:45Z" end-time="2026-07-11 03:02:45Z" duration="0.000059" asserts="0">
          <properties>
            <property name="retryIteration" value="0" />
            <property name="repeatIteration" value="0" />
          </properties>
        </test-case>
        <test-case id="1345" name="Placements_DeterministicAndInsideRadius" fullname="VegetationFieldTests.Placements_DeterministicAndInsideRadius" methodname="Placements_DeterministicAndInsideRadius" classname="VegetationFieldTests" runstate="Runnable" seed="1302641532" result="Passed" start-time="2026-07-11 03:02:45Z" end-time="2026-07-11 03:02:45Z" duration="0.000304" asserts="0">
          <properties>
            <property name="retryIteration" value="0" />
            <property name="repeatIteration" value="0" />
          </properties>
        </test-case>
      </test-suite>
      <test-suite type="TestFixture" id="1346" name="ViewpointDefinitionTests" fullname="ViewpointDefinitionTests" classname="ViewpointDefinitionTests" runstate="Runnable" testcasecount="4" result="Passed" start-time="2026-07-11 03:02:45Z" end-time="2026-07-11 03:02:45Z" duration="0.002862" total="4" passed="4" failed="0" inconclusive="0" skipped="0" asserts="0">
        <properties />
        <test-case id="1347" name="CommittedViewpointsFile_ParsesAndValidates" fullname="ViewpointDefinitionTests.CommittedViewpointsFile_ParsesAndValidates" methodname="CommittedViewpointsFile_ParsesAndValidates" classname="ViewpointDefinitionTests" runstate="Runnable" seed="182768205" result="Passed" start-time="2026-07-11 03:02:45Z" end-time="2026-07-11 03:02:45Z" duration="0.001374" asserts="0">
          <properties>
            <property name="retryIteration" value="0" />
            <property name="repeatIteration" value="0" />
          </properties>
        </test-case>
        <test-case id="1348" name="FromJson_RejectsInvertedWindow" fullname="ViewpointDefinitionTests.FromJson_RejectsInvertedWindow" methodname="FromJson_RejectsInvertedWindow" classname="ViewpointDefinitionTests" runstate="Runnable" seed="2044020334" result="Passed" start-time="2026-07-11 03:02:45Z" end-time="2026-07-11 03:02:45Z" duration="0.000290" asserts="0">
          <properties>
            <property name="retryIteration" value="0" />
            <property name="repeatIteration" value="0" />
          </properties>
        </test-case>
        <test-case id="1349" name="FromJson_RejectsMissingProxy" fullname="ViewpointDefinitionTests.FromJson_RejectsMissingProxy" methodname="FromJson_RejectsMissingProxy" classname="ViewpointDefinitionTests" runstate="Runnable" seed="2029789222" result="Passed" start-time="2026-07-11 03:02:45Z" end-time="2026-07-11 03:02:45Z" duration="0.000170" asserts="0">
          <properties>
            <property name="retryIteration" value="0" />
            <property name="repeatIteration" value="0" />
          </properties>
        </test-case>
        <test-case id="1350" name="FromJson_RejectsMissingViewpointsArray" fullname="ViewpointDefinitionTests.FromJson_RejectsMissingViewpointsArray" methodname="FromJson_RejectsMissingViewpointsArray" classname="ViewpointDefinitionTests" runstate="Runnable" seed="302821890" result="Passed" start-time="2026-07-11 03:02:45Z" end-time="2026-07-11 03:02:45Z" duration="0.000166" asserts="0">
          <properties>
            <property name="retryIteration" value="0" />
            <property name="repeatIteration" value="0" />
          </properties>
        </test-case>
      </test-suite>
      <test-suite type="TestFixture" id="1174" name="ViewpointObserversTests" fullname="ViewpointObserversTests" classname="ViewpointObserversTests" runstate="Runnable" testcasecount="4" result="Passed" start-time="2026-07-11 03:02:45Z" end-time="2026-07-11 03:02:45Z" duration="0.040237" total="4" passed="4" failed="0" inconclusive="0" skipped="0" asserts="0">
        <properties />
        <test-case id="1176" name="Exemption_PreservesProfileTotalsExactly" fullname="ViewpointObserversTests.Exemption_PreservesProfileTotalsExactly" methodname="Exemption_PreservesProfileTotalsExactly" classname="ViewpointObserversTests" runstate="Runnable" seed="2026347941" result="Passed" start-time="2026-07-11 03:02:45Z" end-time="2026-07-11 03:02:45Z" duration="0.008827" asserts="0">
          <properties>
            <property name="retryIteration" value="0" />
            <property name="repeatIteration" value="0" />
          </properties>
        </test-case>
        <test-case id="1175" name="ObserverSlot_NeverDrawsACasualtyFate_AnySeed" fullname="ViewpointObserversTests.ObserverSlot_NeverDrawsACasualtyFate_AnySeed" methodname="ObserverSlot_NeverDrawsACasualtyFate_AnySeed" classname="ViewpointObserversTests" runstate="Runnable" seed="1628171021" result="Passed" start-time="2026-07-11 03:02:45Z" end-time="2026-07-11 03:02:45Z" duration="0.029861" asserts="0">
          <properties>
            <property name="retryIteration" value="0" />
            <property name="repeatIteration" value="0" />
          </properties>
        </test-case>
        <test-case id="1177" name="ProtectionTable_MatchesCommittedViewpoints" fullname="ViewpointObserversTests.ProtectionTable_MatchesCommittedViewpoints" methodname="ProtectionTable_MatchesCommittedViewpoints" classname="ViewpointObserversTests" runstate="Runnable" seed="1270040613" result="Passed" start-time="2026-07-11 03:02:45Z" end-time="2026-07-11 03:02:45Z" duration="0.000623" asserts="0">
          <properties>
            <property name="retryIteration" value="0" />
            <property name="repeatIteration" value="0" />
          </properties>
        </test-case>
        <test-case id="1178" name="UnprotectedUnits_AreUntouchedByThePolicy" fullname="ViewpointObserversTests.UnprotectedUnits_AreUntouchedByThePolicy" methodname="UnprotectedUnits_AreUntouchedByThePolicy" classname="ViewpointObserversTests" runstate="Runnable" seed="1721671811" result="Passed" start-time="2026-07-11 03:02:45Z" end-time="2026-07-11 03:02:45Z" duration="0.000077" asserts="0">
          <properties>
            <property name="retryIteration" value="0" />
            <property name="repeatIteration" value="0" />
          </properties>
          <output><![CDATA[<b><color=#2EA3FF>MCP-FOR-UNITY</color></b>: [TestRunnerNoThrottle] Restored Interaction Mode after test run.
Saving results to: /Users/wmitchell/Library/Application Support/DefaultCompany/warface/TestResults.xml
]]></output>
        </test-case>
      </test-suite>
    </test-suite>
  </test-suite>
</test-run>